RUN	sky.LcmIngest		lcmingest	1498653622364	 	2.0
USER	Ingesting XML file	1	START	1498653623125	1498653623125
REQUEST	Ingesting XML file	1		LCM Ingest	1498653623172	1498653623566	KO	status.find.is(200), but actually found 204
USER	Ingesting XML file	1	END	1498653623125	1498653623606
USER	Ingesting XML file	2	START	1498653624195	1498653624195
REQUEST	Ingesting XML file	2		LCM Ingest	1498653624196	1498653624371	KO	status.find.is(200), but actually found 204
USER	Ingesting XML file	2	END	1498653624195	1498653624371
USER	Ingesting XML file	3	START	1498653625196	1498653625196
REQUEST	Ingesting XML file	3		LCM Ingest	1498653625196	1498653625372	KO	status.find.is(200), but actually found 204
USER	Ingesting XML file	3	END	1498653625196	1498653625373
USER	Ingesting XML file	4	START	1498653626136	1498653626136
REQUEST	Ingesting XML file	4		LCM Ingest	1498653626136	1498653626300	KO	status.find.is(200), but actually found 204
USER	Ingesting XML file	4	END	1498653626136	1498653626300
USER	Ingesting XML file	5	START	1498653627135	1498653627135
REQUEST	Ingesting XML file	5		LCM Ingest	1498653627135	1498653627282	KO	status.find.is(200), but actually found 204
USER	Ingesting XML file	5	END	1498653627135	1498653627283
USER	Ingesting XML file	6	START	1498653628135	1498653628135
REQUEST	Ingesting XML file	6		LCM Ingest	1498653628135	1498653628303	KO	status.find.is(200), but actually found 204
USER	Ingesting XML file	6	END	1498653628135	1498653628304
USER	Ingesting XML file	7	START	1498653629133	1498653629133
REQUEST	Ingesting XML file	7		LCM Ingest	1498653629133	1498653629292	KO	status.find.is(200), but actually found 204
USER	Ingesting XML file	7	END	1498653629133	1498653629293
USER	Ingesting XML file	8	START	1498653630135	1498653630135
REQUEST	Ingesting XML file	8		LCM Ingest	1498653630135	1498653630279	KO	status.find.is(200), but actually found 204
USER	Ingesting XML file	8	END	1498653630135	1498653630280
USER	Ingesting XML file	9	START	1498653631134	1498653631134
REQUEST	Ingesting XML file	9		LCM Ingest	1498653631134	1498653631276	KO	status.find.is(200), but actually found 204
USER	Ingesting XML file	9	END	1498653631134	1498653631276
USER	Ingesting XML file	10	START	1498653632135	1498653632135
REQUEST	Ingesting XML file	10		LCM Ingest	1498653632135	1498653632278	KO	status.find.is(200), but actually found 204
USER	Ingesting XML file	10	END	1498653632135	1498653632279
USER	Ingesting XML file	11	START	1498653633133	1498653633133
REQUEST	Ingesting XML file	11		LCM Ingest	1498653633133	1498653633276	KO	status.find.is(200), but actually found 204
USER	Ingesting XML file	11	END	1498653633133	1498653633277
USER	Ingesting XML file	12	START	1498653634135	1498653634135
REQUEST	Ingesting XML file	12		LCM Ingest	1498653634135	1498653634276	KO	status.find.is(200), but actually found 204
USER	Ingesting XML file	12	END	1498653634135	1498653634276
USER	Ingesting XML file	13	START	1498653635132	1498653635132
REQUEST	Ingesting XML file	13		LCM Ingest	1498653635133	1498653635270	KO	status.find.is(200), but actually found 204
USER	Ingesting XML file	13	END	1498653635132	1498653635270
USER	Ingesting XML file	14	START	1498653636133	1498653636133
REQUEST	Ingesting XML file	14		LCM Ingest	1498653636134	1498653636274	KO	status.find.is(200), but actually found 204
USER	Ingesting XML file	14	END	1498653636133	1498653636275
USER	Ingesting XML file	15	START	1498653637135	1498653637135
REQUEST	Ingesting XML file	15		LCM Ingest	1498653637135	1498653637273	KO	status.find.is(200), but actually found 204
USER	Ingesting XML file	15	END	1498653637135	1498653637274
USER	Ingesting XML file	16	START	1498653638135	1498653638135
REQUEST	Ingesting XML file	16		LCM Ingest	1498653638136	1498653638298	KO	status.find.is(200), but actually found 204
USER	Ingesting XML file	16	END	1498653638135	1498653638299
USER	Ingesting XML file	17	START	1498653639133	1498653639133
REQUEST	Ingesting XML file	17		LCM Ingest	1498653639133	1498653639302	KO	status.find.is(200), but actually found 204
USER	Ingesting XML file	17	END	1498653639133	1498653639303
USER	Ingesting XML file	18	START	1498653640135	1498653640135
REQUEST	Ingesting XML file	18		LCM Ingest	1498653640135	1498653640270	KO	status.find.is(200), but actually found 204
USER	Ingesting XML file	18	END	1498653640135	1498653640270
USER	Ingesting XML file	19	START	1498653641135	1498653641135
REQUEST	Ingesting XML file	19		LCM Ingest	1498653641135	1498653641276	KO	status.find.is(200), but actually found 204
USER	Ingesting XML file	19	END	1498653641135	1498653641276
USER	Ingesting XML file	20	START	1498653642135	1498653642135
REQUEST	Ingesting XML file	20		LCM Ingest	1498653642135	1498653642273	KO	status.find.is(200), but actually found 204
USER	Ingesting XML file	20	END	1498653642135	1498653642274
USER	Ingesting XML file	21	START	1498653643133	1498653643133
REQUEST	Ingesting XML file	21		LCM Ingest	1498653643133	1498653643269	KO	status.find.is(200), but actually found 204
USER	Ingesting XML file	21	END	1498653643133	1498653643269
USER	Ingesting XML file	22	START	1498653644133	1498653644133
REQUEST	Ingesting XML file	22		LCM Ingest	1498653644133	1498653644276	KO	status.find.is(200), but actually found 204
USER	Ingesting XML file	22	END	1498653644133	1498653644277
USER	Ingesting XML file	23	START	1498653645135	1498653645135
REQUEST	Ingesting XML file	23		LCM Ingest	1498653645135	1498653645272	KO	status.find.is(200), but actually found 204
USER	Ingesting XML file	23	END	1498653645135	1498653645273
USER	Ingesting XML file	24	START	1498653646135	1498653646135
REQUEST	Ingesting XML file	24		LCM Ingest	1498653646135	1498653646273	KO	status.find.is(200), but actually found 204
USER	Ingesting XML file	24	END	1498653646135	1498653646274
USER	Ingesting XML file	25	START	1498653647135	1498653647135
REQUEST	Ingesting XML file	25		LCM Ingest	1498653647135	1498653647270	KO	status.find.is(200), but actually found 204
USER	Ingesting XML file	25	END	1498653647135	1498653647271
USER	Ingesting XML file	26	START	1498653648134	1498653648134
REQUEST	Ingesting XML file	26		LCM Ingest	1498653648134	1498653648286	KO	status.find.is(200), but actually found 204
USER	Ingesting XML file	26	END	1498653648134	1498653648287
USER	Ingesting XML file	27	START	1498653649135	1498653649135
REQUEST	Ingesting XML file	27		LCM Ingest	1498653649135	1498653649262	KO	status.find.is(200), but actually found 204
USER	Ingesting XML file	27	END	1498653649135	1498653649263
USER	Ingesting XML file	28	START	1498653650134	1498653650134
REQUEST	Ingesting XML file	28		LCM Ingest	1498653650135	1498653650263	KO	status.find.is(200), but actually found 204
USER	Ingesting XML file	28	END	1498653650134	1498653650264
USER	Ingesting XML file	29	START	1498653651135	1498653651135
REQUEST	Ingesting XML file	29		LCM Ingest	1498653651135	1498653651262	KO	status.find.is(200), but actually found 204
USER	Ingesting XML file	29	END	1498653651135	1498653651262
USER	Ingesting XML file	30	START	1498653652135	1498653652135
REQUEST	Ingesting XML file	30		LCM Ingest	1498653652135	1498653652262	KO	status.find.is(200), but actually found 204
USER	Ingesting XML file	30	END	1498653652135	1498653652262
USER	Ingesting XML file	31	START	1498653653135	1498653653135
REQUEST	Ingesting XML file	31		LCM Ingest	1498653653135	1498653653263	KO	status.find.is(200), but actually found 204
USER	Ingesting XML file	31	END	1498653653135	1498653653263
USER	Ingesting XML file	32	START	1498653654135	1498653654135
REQUEST	Ingesting XML file	32		LCM Ingest	1498653654135	1498653654266	KO	status.find.is(200), but actually found 204
USER	Ingesting XML file	32	END	1498653654135	1498653654267
USER	Ingesting XML file	33	START	1498653655135	1498653655135
REQUEST	Ingesting XML file	33		LCM Ingest	1498653655135	1498653655262	KO	status.find.is(200), but actually found 204
USER	Ingesting XML file	33	END	1498653655135	1498653655263
USER	Ingesting XML file	34	START	1498653656133	1498653656133
REQUEST	Ingesting XML file	34		LCM Ingest	1498653656133	1498653656263	KO	status.find.is(200), but actually found 204
USER	Ingesting XML file	34	END	1498653656133	1498653656264
USER	Ingesting XML file	35	START	1498653657132	1498653657132
REQUEST	Ingesting XML file	35		LCM Ingest	1498653657133	1498653657287	KO	status.find.is(200), but actually found 204
USER	Ingesting XML file	35	END	1498653657132	1498653657288
USER	Ingesting XML file	36	START	1498653658132	1498653658132
REQUEST	Ingesting XML file	36		LCM Ingest	1498653658133	1498653658261	KO	status.find.is(200), but actually found 204
USER	Ingesting XML file	36	END	1498653658132	1498653658262
USER	Ingesting XML file	37	START	1498653659135	1498653659135
REQUEST	Ingesting XML file	37		LCM Ingest	1498653659135	1498653659263	KO	status.find.is(200), but actually found 204
USER	Ingesting XML file	37	END	1498653659135	1498653659263
USER	Ingesting XML file	38	START	1498653660134	1498653660134
REQUEST	Ingesting XML file	38		LCM Ingest	1498653660135	1498653660265	KO	status.find.is(200), but actually found 204
USER	Ingesting XML file	38	END	1498653660134	1498653660265
USER	Ingesting XML file	39	START	1498653661133	1498653661133
REQUEST	Ingesting XML file	39		LCM Ingest	1498653661133	1498653661263	KO	status.find.is(200), but actually found 204
USER	Ingesting XML file	39	END	1498653661133	1498653661264
USER	Ingesting XML file	40	START	1498653662134	1498653662134
REQUEST	Ingesting XML file	40		LCM Ingest	1498653662135	1498653662261	KO	status.find.is(200), but actually found 204
USER	Ingesting XML file	40	END	1498653662134	1498653662261
USER	Ingesting XML file	41	START	1498653663132	1498653663132
REQUEST	Ingesting XML file	41		LCM Ingest	1498653663133	1498653663264	KO	status.find.is(200), but actually found 204
USER	Ingesting XML file	41	END	1498653663132	1498653663264
USER	Ingesting XML file	42	START	1498653664135	1498653664135
REQUEST	Ingesting XML file	42		LCM Ingest	1498653664135	1498653664267	KO	status.find.is(200), but actually found 204
USER	Ingesting XML file	42	END	1498653664135	1498653664268
USER	Ingesting XML file	43	START	1498653665134	1498653665134
REQUEST	Ingesting XML file	43		LCM Ingest	1498653665135	1498653665259	KO	status.find.is(200), but actually found 204
USER	Ingesting XML file	43	END	1498653665134	1498653665260
USER	Ingesting XML file	44	START	1498653666133	1498653666133
REQUEST	Ingesting XML file	44		LCM Ingest	1498653666133	1498653666260	KO	status.find.is(200), but actually found 204
USER	Ingesting XML file	44	END	1498653666133	1498653666260
USER	Ingesting XML file	45	START	1498653667134	1498653667134
REQUEST	Ingesting XML file	45		LCM Ingest	1498653667134	1498653667261	KO	status.find.is(200), but actually found 204
USER	Ingesting XML file	45	END	1498653667134	1498653667262
USER	Ingesting XML file	46	START	1498653668133	1498653668133
REQUEST	Ingesting XML file	46		LCM Ingest	1498653668133	1498653668262	KO	status.find.is(200), but actually found 204
USER	Ingesting XML file	46	END	1498653668133	1498653668262
USER	Ingesting XML file	47	START	1498653669135	1498653669135
REQUEST	Ingesting XML file	47		LCM Ingest	1498653669135	1498653669263	KO	status.find.is(200), but actually found 204
USER	Ingesting XML file	47	END	1498653669135	1498653669264
USER	Ingesting XML file	48	START	1498653670134	1498653670134
REQUEST	Ingesting XML file	48		LCM Ingest	1498653670134	1498653670265	KO	status.find.is(200), but actually found 204
USER	Ingesting XML file	48	END	1498653670134	1498653670265
USER	Ingesting XML file	49	START	1498653671134	1498653671134
REQUEST	Ingesting XML file	49		LCM Ingest	1498653671135	1498653671275	KO	status.find.is(200), but actually found 204
USER	Ingesting XML file	49	END	1498653671134	1498653671276
USER	Ingesting XML file	50	START	1498653672135	1498653672135
REQUEST	Ingesting XML file	50		LCM Ingest	1498653672135	1498653672264	KO	status.find.is(200), but actually found 204
USER	Ingesting XML file	50	END	1498653672135	1498653672264
USER	Ingesting XML file	51	START	1498653673135	1498653673135
REQUEST	Ingesting XML file	51		LCM Ingest	1498653673135	1498653673263	KO	status.find.is(200), but actually found 204
USER	Ingesting XML file	51	END	1498653673135	1498653673263
USER	Ingesting XML file	52	START	1498653674135	1498653674135
REQUEST	Ingesting XML file	52		LCM Ingest	1498653674136	1498653674261	KO	status.find.is(200), but actually found 204
USER	Ingesting XML file	52	END	1498653674135	1498653674262
USER	Ingesting XML file	53	START	1498653675135	1498653675135
REQUEST	Ingesting XML file	53		LCM Ingest	1498653675135	1498653675267	KO	status.find.is(200), but actually found 204
USER	Ingesting XML file	53	END	1498653675135	1498653675267
USER	Ingesting XML file	54	START	1498653676135	1498653676135
REQUEST	Ingesting XML file	54		LCM Ingest	1498653676135	1498653676261	KO	status.find.is(200), but actually found 204
USER	Ingesting XML file	54	END	1498653676135	1498653676261
USER	Ingesting XML file	55	START	1498653677134	1498653677134
REQUEST	Ingesting XML file	55		LCM Ingest	1498653677135	1498653677259	KO	status.find.is(200), but actually found 204
USER	Ingesting XML file	55	END	1498653677134	1498653677260
USER	Ingesting XML file	56	START	1498653678134	1498653678134
REQUEST	Ingesting XML file	56		LCM Ingest	1498653678135	1498653678265	KO	status.find.is(200), but actually found 204
USER	Ingesting XML file	56	END	1498653678134	1498653678266
USER	Ingesting XML file	57	START	1498653679134	1498653679134
REQUEST	Ingesting XML file	57		LCM Ingest	1498653679134	1498653679264	KO	status.find.is(200), but actually found 204
USER	Ingesting XML file	57	END	1498653679134	1498653679265
USER	Ingesting XML file	58	START	1498653680133	1498653680133
REQUEST	Ingesting XML file	58		LCM Ingest	1498653680133	1498653680260	KO	status.find.is(200), but actually found 204
USER	Ingesting XML file	58	END	1498653680133	1498653680261
USER	Ingesting XML file	59	START	1498653681133	1498653681133
REQUEST	Ingesting XML file	59		LCM Ingest	1498653681133	1498653681258	KO	status.find.is(200), but actually found 204
USER	Ingesting XML file	59	END	1498653681133	1498653681259
USER	Ingesting XML file	60	START	1498653682133	1498653682133
REQUEST	Ingesting XML file	60		LCM Ingest	1498653682133	1498653682265	KO	status.find.is(200), but actually found 204
USER	Ingesting XML file	60	END	1498653682133	1498653682265
USER	Ingesting XML file	61	START	1498653683135	1498653683135
REQUEST	Ingesting XML file	61		LCM Ingest	1498653683136	1498653683260	KO	status.find.is(200), but actually found 204
USER	Ingesting XML file	61	END	1498653683135	1498653683261
USER	Ingesting XML file	62	START	1498653684135	1498653684135
REQUEST	Ingesting XML file	62		LCM Ingest	1498653684135	1498653684263	KO	status.find.is(200), but actually found 204
USER	Ingesting XML file	62	END	1498653684135	1498653684263
USER	Ingesting XML file	63	START	1498653685135	1498653685135
REQUEST	Ingesting XML file	63		LCM Ingest	1498653685135	1498653685261	KO	status.find.is(200), but actually found 204
USER	Ingesting XML file	63	END	1498653685135	1498653685262
USER	Ingesting XML file	64	START	1498653686134	1498653686134
REQUEST	Ingesting XML file	64		LCM Ingest	1498653686135	1498653686267	KO	status.find.is(200), but actually found 204
USER	Ingesting XML file	64	END	1498653686134	1498653686268
USER	Ingesting XML file	65	START	1498653687135	1498653687135
REQUEST	Ingesting XML file	65		LCM Ingest	1498653687135	1498653687260	KO	status.find.is(200), but actually found 204
USER	Ingesting XML file	65	END	1498653687135	1498653687261
USER	Ingesting XML file	66	START	1498653688134	1498653688134
REQUEST	Ingesting XML file	66		LCM Ingest	1498653688134	1498653688282	KO	status.find.is(200), but actually found 204
USER	Ingesting XML file	66	END	1498653688134	1498653688283
USER	Ingesting XML file	67	START	1498653689135	1498653689135
REQUEST	Ingesting XML file	67		LCM Ingest	1498653689135	1498653689261	KO	status.find.is(200), but actually found 204
USER	Ingesting XML file	67	END	1498653689135	1498653689261
USER	Ingesting XML file	68	START	1498653690134	1498653690134
REQUEST	Ingesting XML file	68		LCM Ingest	1498653690134	1498653690258	KO	status.find.is(200), but actually found 204
USER	Ingesting XML file	68	END	1498653690134	1498653690259
USER	Ingesting XML file	69	START	1498653691134	1498653691134
REQUEST	Ingesting XML file	69		LCM Ingest	1498653691134	1498653691274	KO	status.find.is(200), but actually found 204
USER	Ingesting XML file	69	END	1498653691134	1498653691274
USER	Ingesting XML file	70	START	1498653692135	1498653692135
REQUEST	Ingesting XML file	70		LCM Ingest	1498653692135	1498653692258	KO	status.find.is(200), but actually found 204
USER	Ingesting XML file	70	END	1498653692135	1498653692258
USER	Ingesting XML file	71	START	1498653693133	1498653693133
REQUEST	Ingesting XML file	71		LCM Ingest	1498653693133	1498653693262	KO	status.find.is(200), but actually found 204
USER	Ingesting XML file	71	END	1498653693133	1498653693262
USER	Ingesting XML file	72	START	1498653694134	1498653694134
REQUEST	Ingesting XML file	72		LCM Ingest	1498653694135	1498653694260	KO	status.find.is(200), but actually found 204
USER	Ingesting XML file	72	END	1498653694134	1498653694260
USER	Ingesting XML file	73	START	1498653695134	1498653695134
REQUEST	Ingesting XML file	73		LCM Ingest	1498653695134	1498653695260	KO	status.find.is(200), but actually found 204
USER	Ingesting XML file	73	END	1498653695134	1498653695261
USER	Ingesting XML file	74	START	1498653696134	1498653696134
REQUEST	Ingesting XML file	74		LCM Ingest	1498653696135	1498653696259	KO	status.find.is(200), but actually found 204
USER	Ingesting XML file	74	END	1498653696134	1498653696260
USER	Ingesting XML file	75	START	1498653697135	1498653697135
REQUEST	Ingesting XML file	75		LCM Ingest	1498653697135	1498653697260	KO	status.find.is(200), but actually found 204
USER	Ingesting XML file	75	END	1498653697135	1498653697261
USER	Ingesting XML file	76	START	1498653698135	1498653698135
REQUEST	Ingesting XML file	76		LCM Ingest	1498653698135	1498653698262	KO	status.find.is(200), but actually found 204
USER	Ingesting XML file	76	END	1498653698135	1498653698263
USER	Ingesting XML file	77	START	1498653699133	1498653699133
REQUEST	Ingesting XML file	77		LCM Ingest	1498653699133	1498653699281	KO	status.find.is(200), but actually found 204
USER	Ingesting XML file	77	END	1498653699133	1498653699282
USER	Ingesting XML file	78	START	1498653700135	1498653700135
REQUEST	Ingesting XML file	78		LCM Ingest	1498653700135	1498653700267	KO	status.find.is(200), but actually found 204
USER	Ingesting XML file	78	END	1498653700135	1498653700267
USER	Ingesting XML file	79	START	1498653701135	1498653701135
REQUEST	Ingesting XML file	79		LCM Ingest	1498653701135	1498653701276	KO	status.find.is(200), but actually found 204
USER	Ingesting XML file	79	END	1498653701135	1498653701277
USER	Ingesting XML file	80	START	1498653702134	1498653702134
REQUEST	Ingesting XML file	80		LCM Ingest	1498653702135	1498653702262	KO	status.find.is(200), but actually found 204
USER	Ingesting XML file	80	END	1498653702134	1498653702262
USER	Ingesting XML file	81	START	1498653703134	1498653703134
REQUEST	Ingesting XML file	81		LCM Ingest	1498653703135	1498653703256	KO	status.find.is(200), but actually found 204
USER	Ingesting XML file	81	END	1498653703134	1498653703257
USER	Ingesting XML file	82	START	1498653704135	1498653704135
REQUEST	Ingesting XML file	82		LCM Ingest	1498653704135	1498653704259	KO	status.find.is(200), but actually found 204
USER	Ingesting XML file	82	END	1498653704135	1498653704260
USER	Ingesting XML file	83	START	1498653705134	1498653705134
REQUEST	Ingesting XML file	83		LCM Ingest	1498653705135	1498653705262	KO	status.find.is(200), but actually found 204
USER	Ingesting XML file	83	END	1498653705134	1498653705262
USER	Ingesting XML file	84	START	1498653706135	1498653706135
REQUEST	Ingesting XML file	84		LCM Ingest	1498653706135	1498653706284	KO	status.find.is(200), but actually found 204
USER	Ingesting XML file	84	END	1498653706135	1498653706285
USER	Ingesting XML file	85	START	1498653707134	1498653707134
REQUEST	Ingesting XML file	85		LCM Ingest	1498653707135	1498653707262	KO	status.find.is(200), but actually found 204
USER	Ingesting XML file	85	END	1498653707134	1498653707263
USER	Ingesting XML file	86	START	1498653708135	1498653708135
REQUEST	Ingesting XML file	86		LCM Ingest	1498653708135	1498653708262	KO	status.find.is(200), but actually found 204
USER	Ingesting XML file	86	END	1498653708135	1498653708263
USER	Ingesting XML file	87	START	1498653709135	1498653709135
REQUEST	Ingesting XML file	87		LCM Ingest	1498653709135	1498653709264	KO	status.find.is(200), but actually found 204
USER	Ingesting XML file	87	END	1498653709135	1498653709265
USER	Ingesting XML file	88	START	1498653710134	1498653710134
REQUEST	Ingesting XML file	88		LCM Ingest	1498653710135	1498653710271	KO	status.find.is(200), but actually found 204
USER	Ingesting XML file	88	END	1498653710134	1498653710271
USER	Ingesting XML file	89	START	1498653711135	1498653711135
REQUEST	Ingesting XML file	89		LCM Ingest	1498653711135	1498653711291	KO	status.find.is(200), but actually found 204
USER	Ingesting XML file	89	END	1498653711135	1498653711292
USER	Ingesting XML file	90	START	1498653712133	1498653712133
REQUEST	Ingesting XML file	90		LCM Ingest	1498653712134	1498653712260	KO	status.find.is(200), but actually found 204
USER	Ingesting XML file	90	END	1498653712133	1498653712261
USER	Ingesting XML file	91	START	1498653713134	1498653713134
REQUEST	Ingesting XML file	91		LCM Ingest	1498653713134	1498653713260	KO	status.find.is(200), but actually found 204
USER	Ingesting XML file	91	END	1498653713134	1498653713260
USER	Ingesting XML file	92	START	1498653714135	1498653714135
REQUEST	Ingesting XML file	92		LCM Ingest	1498653714135	1498653714282	KO	status.find.is(200), but actually found 204
USER	Ingesting XML file	92	END	1498653714135	1498653714283
USER	Ingesting XML file	93	START	1498653715135	1498653715135
REQUEST	Ingesting XML file	93		LCM Ingest	1498653715135	1498653715255	KO	status.find.is(200), but actually found 204
USER	Ingesting XML file	93	END	1498653715135	1498653715256
USER	Ingesting XML file	94	START	1498653716135	1498653716135
REQUEST	Ingesting XML file	94		LCM Ingest	1498653716135	1498653716264	KO	status.find.is(200), but actually found 204
USER	Ingesting XML file	94	END	1498653716135	1498653716264
USER	Ingesting XML file	95	START	1498653717133	1498653717133
REQUEST	Ingesting XML file	95		LCM Ingest	1498653717134	1498653717256	KO	status.find.is(200), but actually found 204
USER	Ingesting XML file	95	END	1498653717133	1498653717257
USER	Ingesting XML file	96	START	1498653718133	1498653718133
REQUEST	Ingesting XML file	96		LCM Ingest	1498653718134	1498653718260	KO	status.find.is(200), but actually found 204
USER	Ingesting XML file	96	END	1498653718133	1498653718260
USER	Ingesting XML file	97	START	1498653719135	1498653719135
REQUEST	Ingesting XML file	97		LCM Ingest	1498653719135	1498653719259	KO	status.find.is(200), but actually found 204
USER	Ingesting XML file	97	END	1498653719135	1498653719259
USER	Ingesting XML file	98	START	1498653720135	1498653720135
REQUEST	Ingesting XML file	98		LCM Ingest	1498653720135	1498653720259	KO	status.find.is(200), but actually found 204
USER	Ingesting XML file	98	END	1498653720135	1498653720259
USER	Ingesting XML file	99	START	1498653721135	1498653721135
REQUEST	Ingesting XML file	99		LCM Ingest	1498653721135	1498653721257	KO	status.find.is(200), but actually found 204
USER	Ingesting XML file	99	END	1498653721135	1498653721257
USER	Ingesting XML file	100	START	1498653722134	1498653722134
REQUEST	Ingesting XML file	100		LCM Ingest	1498653722134	1498653722257	KO	status.find.is(200), but actually found 204
USER	Ingesting XML file	100	END	1498653722134	1498653722258
USER	Ingesting XML file	101	START	1498653723133	1498653723133
REQUEST	Ingesting XML file	101		LCM Ingest	1498653723133	1498653723256	KO	status.find.is(200), but actually found 204
USER	Ingesting XML file	101	END	1498653723133	1498653723257
USER	Ingesting XML file	102	START	1498653724135	1498653724135
REQUEST	Ingesting XML file	102		LCM Ingest	1498653724135	1498653724262	KO	status.find.is(200), but actually found 204
USER	Ingesting XML file	102	END	1498653724135	1498653724263
USER	Ingesting XML file	103	START	1498653725133	1498653725133
REQUEST	Ingesting XML file	103		LCM Ingest	1498653725134	1498653725264	KO	status.find.is(200), but actually found 204
USER	Ingesting XML file	103	END	1498653725133	1498653725265
USER	Ingesting XML file	104	START	1498653726135	1498653726135
REQUEST	Ingesting XML file	104		LCM Ingest	1498653726135	1498653726260	KO	status.find.is(200), but actually found 204
USER	Ingesting XML file	104	END	1498653726135	1498653726261
USER	Ingesting XML file	105	START	1498653727134	1498653727134
REQUEST	Ingesting XML file	105		LCM Ingest	1498653727135	1498653727259	KO	status.find.is(200), but actually found 204
USER	Ingesting XML file	105	END	1498653727134	1498653727259
USER	Ingesting XML file	106	START	1498653728133	1498653728133
REQUEST	Ingesting XML file	106		LCM Ingest	1498653728133	1498653728262	KO	status.find.is(200), but actually found 204
USER	Ingesting XML file	106	END	1498653728133	1498653728263
USER	Ingesting XML file	107	START	1498653729134	1498653729134
REQUEST	Ingesting XML file	107		LCM Ingest	1498653729135	1498653729262	KO	status.find.is(200), but actually found 204
USER	Ingesting XML file	107	END	1498653729134	1498653729263
USER	Ingesting XML file	108	START	1498653730134	1498653730134
REQUEST	Ingesting XML file	108		LCM Ingest	1498653730134	1498653730269	KO	status.find.is(200), but actually found 204
USER	Ingesting XML file	108	END	1498653730134	1498653730270
USER	Ingesting XML file	109	START	1498653731135	1498653731135
REQUEST	Ingesting XML file	109		LCM Ingest	1498653731135	1498653731262	KO	status.find.is(200), but actually found 204
USER	Ingesting XML file	109	END	1498653731135	1498653731262
USER	Ingesting XML file	110	START	1498653732135	1498653732135
REQUEST	Ingesting XML file	110		LCM Ingest	1498653732135	1498653732260	KO	status.find.is(200), but actually found 204
USER	Ingesting XML file	110	END	1498653732135	1498653732260
USER	Ingesting XML file	111	START	1498653733134	1498653733134
REQUEST	Ingesting XML file	111		LCM Ingest	1498653733134	1498653733258	KO	status.find.is(200), but actually found 204
USER	Ingesting XML file	111	END	1498653733134	1498653733259
USER	Ingesting XML file	112	START	1498653734137	1498653734137
REQUEST	Ingesting XML file	112		LCM Ingest	1498653734138	1498653734263	KO	status.find.is(200), but actually found 204
USER	Ingesting XML file	112	END	1498653734137	1498653734264
USER	Ingesting XML file	113	START	1498653735137	1498653735137
REQUEST	Ingesting XML file	113		LCM Ingest	1498653735137	1498653735265	KO	status.find.is(200), but actually found 204
USER	Ingesting XML file	113	END	1498653735137	1498653735266
USER	Ingesting XML file	114	START	1498653736135	1498653736135
REQUEST	Ingesting XML file	114		LCM Ingest	1498653736136	1498653736263	KO	status.find.is(200), but actually found 204
USER	Ingesting XML file	114	END	1498653736135	1498653736263
USER	Ingesting XML file	115	START	1498653737133	1498653737133
REQUEST	Ingesting XML file	115		LCM Ingest	1498653737133	1498653737262	KO	status.find.is(200), but actually found 204
USER	Ingesting XML file	115	END	1498653737133	1498653737262
USER	Ingesting XML file	116	START	1498653738134	1498653738134
REQUEST	Ingesting XML file	116		LCM Ingest	1498653738134	1498653738258	KO	status.find.is(200), but actually found 204
USER	Ingesting XML file	116	END	1498653738134	1498653738258
USER	Ingesting XML file	117	START	1498653739135	1498653739135
REQUEST	Ingesting XML file	117		LCM Ingest	1498653739135	1498653739259	KO	status.find.is(200), but actually found 204
USER	Ingesting XML file	117	END	1498653739135	1498653739259
USER	Ingesting XML file	118	START	1498653740137	1498653740137
REQUEST	Ingesting XML file	118		LCM Ingest	1498653740137	1498653740262	KO	status.find.is(200), but actually found 204
USER	Ingesting XML file	118	END	1498653740137	1498653740263
USER	Ingesting XML file	119	START	1498653741133	1498653741133
REQUEST	Ingesting XML file	119		LCM Ingest	1498653741133	1498653741259	KO	status.find.is(200), but actually found 204
USER	Ingesting XML file	119	END	1498653741133	1498653741259
USER	Ingesting XML file	120	START	1498653742136	1498653742136
REQUEST	Ingesting XML file	120		LCM Ingest	1498653742137	1498653742259	KO	status.find.is(200), but actually found 204
USER	Ingesting XML file	120	END	1498653742136	1498653742259
USER	Ingesting XML file	121	START	1498653743136	1498653743136
REQUEST	Ingesting XML file	121		LCM Ingest	1498653743137	1498653743263	KO	status.find.is(200), but actually found 204
USER	Ingesting XML file	121	END	1498653743136	1498653743263
USER	Ingesting XML file	122	START	1498653744138	1498653744138
REQUEST	Ingesting XML file	122		LCM Ingest	1498653744138	1498653744260	KO	status.find.is(200), but actually found 204
USER	Ingesting XML file	122	END	1498653744138	1498653744261
USER	Ingesting XML file	123	START	1498653745135	1498653745135
REQUEST	Ingesting XML file	123		LCM Ingest	1498653745136	1498653745258	KO	status.find.is(200), but actually found 204
USER	Ingesting XML file	123	END	1498653745135	1498653745258
USER	Ingesting XML file	124	START	1498653746132	1498653746132
REQUEST	Ingesting XML file	124		LCM Ingest	1498653746133	1498653746257	KO	status.find.is(200), but actually found 204
USER	Ingesting XML file	124	END	1498653746132	1498653746258
USER	Ingesting XML file	125	START	1498653747136	1498653747136
REQUEST	Ingesting XML file	125		LCM Ingest	1498653747136	1498653747262	KO	status.find.is(200), but actually found 204
USER	Ingesting XML file	125	END	1498653747136	1498653747262
USER	Ingesting XML file	126	START	1498653748138	1498653748138
REQUEST	Ingesting XML file	126		LCM Ingest	1498653748138	1498653748272	KO	status.find.is(200), but actually found 204
USER	Ingesting XML file	126	END	1498653748138	1498653748272
USER	Ingesting XML file	127	START	1498653749136	1498653749136
REQUEST	Ingesting XML file	127		LCM Ingest	1498653749136	1498653749269	KO	status.find.is(200), but actually found 204
USER	Ingesting XML file	127	END	1498653749136	1498653749269
USER	Ingesting XML file	128	START	1498653750136	1498653750136
REQUEST	Ingesting XML file	128		LCM Ingest	1498653750136	1498653750265	KO	status.find.is(200), but actually found 204
USER	Ingesting XML file	128	END	1498653750136	1498653750266
USER	Ingesting XML file	129	START	1498653751137	1498653751137
REQUEST	Ingesting XML file	129		LCM Ingest	1498653751137	1498653751264	KO	status.find.is(200), but actually found 204
USER	Ingesting XML file	129	END	1498653751137	1498653751265
USER	Ingesting XML file	130	START	1498653752136	1498653752136
REQUEST	Ingesting XML file	130		LCM Ingest	1498653752136	1498653752259	KO	status.find.is(200), but actually found 204
USER	Ingesting XML file	130	END	1498653752136	1498653752260
USER	Ingesting XML file	131	START	1498653753137	1498653753137
REQUEST	Ingesting XML file	131		LCM Ingest	1498653753137	1498653753264	KO	status.find.is(200), but actually found 204
USER	Ingesting XML file	131	END	1498653753137	1498653753264
USER	Ingesting XML file	132	START	1498653754135	1498653754135
REQUEST	Ingesting XML file	132		LCM Ingest	1498653754135	1498653754261	KO	status.find.is(200), but actually found 204
USER	Ingesting XML file	132	END	1498653754135	1498653754261
USER	Ingesting XML file	133	START	1498653755136	1498653755136
REQUEST	Ingesting XML file	133		LCM Ingest	1498653755136	1498653755261	KO	status.find.is(200), but actually found 204
USER	Ingesting XML file	133	END	1498653755136	1498653755261
USER	Ingesting XML file	134	START	1498653756137	1498653756137
REQUEST	Ingesting XML file	134		LCM Ingest	1498653756138	1498653756265	KO	status.find.is(200), but actually found 204
USER	Ingesting XML file	134	END	1498653756137	1498653756266
USER	Ingesting XML file	135	START	1498653757135	1498653757135
REQUEST	Ingesting XML file	135		LCM Ingest	1498653757135	1498653757263	KO	status.find.is(200), but actually found 204
USER	Ingesting XML file	135	END	1498653757135	1498653757264
USER	Ingesting XML file	136	START	1498653758135	1498653758135
REQUEST	Ingesting XML file	136		LCM Ingest	1498653758135	1498653758261	KO	status.find.is(200), but actually found 204
USER	Ingesting XML file	136	END	1498653758135	1498653758261
USER	Ingesting XML file	137	START	1498653759137	1498653759137
REQUEST	Ingesting XML file	137		LCM Ingest	1498653759137	1498653759276	KO	status.find.is(200), but actually found 204
USER	Ingesting XML file	137	END	1498653759137	1498653759276
USER	Ingesting XML file	138	START	1498653760135	1498653760135
REQUEST	Ingesting XML file	138		LCM Ingest	1498653760135	1498653760260	KO	status.find.is(200), but actually found 204
USER	Ingesting XML file	138	END	1498653760135	1498653760261
USER	Ingesting XML file	139	START	1498653761136	1498653761136
REQUEST	Ingesting XML file	139		LCM Ingest	1498653761136	1498653761263	KO	status.find.is(200), but actually found 204
USER	Ingesting XML file	139	END	1498653761136	1498653761264
USER	Ingesting XML file	140	START	1498653762136	1498653762136
REQUEST	Ingesting XML file	140		LCM Ingest	1498653762136	1498653762257	KO	status.find.is(200), but actually found 204
USER	Ingesting XML file	140	END	1498653762136	1498653762258
USER	Ingesting XML file	141	START	1498653763136	1498653763136
REQUEST	Ingesting XML file	141		LCM Ingest	1498653763136	1498653763259	KO	status.find.is(200), but actually found 204
USER	Ingesting XML file	141	END	1498653763136	1498653763259
USER	Ingesting XML file	142	START	1498653764133	1498653764133
REQUEST	Ingesting XML file	142		LCM Ingest	1498653764133	1498653764255	KO	status.find.is(200), but actually found 204
USER	Ingesting XML file	142	END	1498653764133	1498653764255
USER	Ingesting XML file	143	START	1498653765135	1498653765135
REQUEST	Ingesting XML file	143		LCM Ingest	1498653765135	1498653765259	KO	status.find.is(200), but actually found 204
USER	Ingesting XML file	143	END	1498653765135	1498653765259
USER	Ingesting XML file	144	START	1498653766136	1498653766136
REQUEST	Ingesting XML file	144		LCM Ingest	1498653766136	1498653766260	KO	status.find.is(200), but actually found 204
USER	Ingesting XML file	144	END	1498653766136	1498653766261
USER	Ingesting XML file	145	START	1498653767136	1498653767136
REQUEST	Ingesting XML file	145		LCM Ingest	1498653767136	1498653767259	KO	status.find.is(200), but actually found 204
USER	Ingesting XML file	145	END	1498653767136	1498653767260
USER	Ingesting XML file	146	START	1498653768136	1498653768136
REQUEST	Ingesting XML file	146		LCM Ingest	1498653768136	1498653768260	KO	status.find.is(200), but actually found 204
USER	Ingesting XML file	146	END	1498653768136	1498653768260
USER	Ingesting XML file	147	START	1498653769137	1498653769137
REQUEST	Ingesting XML file	147		LCM Ingest	1498653769137	1498653769265	KO	status.find.is(200), but actually found 204
USER	Ingesting XML file	147	END	1498653769137	1498653769266
USER	Ingesting XML file	148	START	1498653770136	1498653770136
REQUEST	Ingesting XML file	148		LCM Ingest	1498653770136	1498653770260	KO	status.find.is(200), but actually found 204
USER	Ingesting XML file	148	END	1498653770136	1498653770260
USER	Ingesting XML file	149	START	1498653771133	1498653771133
REQUEST	Ingesting XML file	149		LCM Ingest	1498653771133	1498653771256	KO	status.find.is(200), but actually found 204
USER	Ingesting XML file	149	END	1498653771133	1498653771257
USER	Ingesting XML file	150	START	1498653772133	1498653772133
REQUEST	Ingesting XML file	150		LCM Ingest	1498653772133	1498653772257	KO	status.find.is(200), but actually found 204
USER	Ingesting XML file	150	END	1498653772133	1498653772258
USER	Ingesting XML file	151	START	1498653773136	1498653773136
REQUEST	Ingesting XML file	151		LCM Ingest	1498653773136	1498653773260	KO	status.find.is(200), but actually found 204
USER	Ingesting XML file	151	END	1498653773136	1498653773260
USER	Ingesting XML file	152	START	1498653774133	1498653774133
REQUEST	Ingesting XML file	152		LCM Ingest	1498653774133	1498653774260	KO	status.find.is(200), but actually found 204
USER	Ingesting XML file	152	END	1498653774133	1498653774261
USER	Ingesting XML file	153	START	1498653775136	1498653775136
REQUEST	Ingesting XML file	153		LCM Ingest	1498653775136	1498653775263	KO	status.find.is(200), but actually found 204
USER	Ingesting XML file	153	END	1498653775136	1498653775263
USER	Ingesting XML file	154	START	1498653776133	1498653776133
REQUEST	Ingesting XML file	154		LCM Ingest	1498653776133	1498653776277	KO	status.find.is(200), but actually found 204
USER	Ingesting XML file	154	END	1498653776133	1498653776278
USER	Ingesting XML file	155	START	1498653777136	1498653777136
REQUEST	Ingesting XML file	155		LCM Ingest	1498653777136	1498653777261	KO	status.find.is(200), but actually found 204
USER	Ingesting XML file	155	END	1498653777136	1498653777261
USER	Ingesting XML file	156	START	1498653778138	1498653778138
REQUEST	Ingesting XML file	156		LCM Ingest	1498653778138	1498653778262	KO	status.find.is(200), but actually found 204
USER	Ingesting XML file	156	END	1498653778138	1498653778263
USER	Ingesting XML file	157	START	1498653779133	1498653779133
REQUEST	Ingesting XML file	157		LCM Ingest	1498653779133	1498653779257	KO	status.find.is(200), but actually found 204
USER	Ingesting XML file	157	END	1498653779133	1498653779257
USER	Ingesting XML file	158	START	1498653780137	1498653780137
REQUEST	Ingesting XML file	158		LCM Ingest	1498653780137	1498653780272	KO	status.find.is(200), but actually found 204
USER	Ingesting XML file	158	END	1498653780137	1498653780272
USER	Ingesting XML file	159	START	1498653781138	1498653781138
REQUEST	Ingesting XML file	159		LCM Ingest	1498653781138	1498653781273	KO	status.find.is(200), but actually found 204
USER	Ingesting XML file	159	END	1498653781138	1498653781273
USER	Ingesting XML file	160	START	1498653782135	1498653782135
REQUEST	Ingesting XML file	160		LCM Ingest	1498653782136	1498653782262	KO	status.find.is(200), but actually found 204
USER	Ingesting XML file	160	END	1498653782135	1498653782262
USER	Ingesting XML file	161	START	1498653783136	1498653783136
REQUEST	Ingesting XML file	161		LCM Ingest	1498653783136	1498653783261	KO	status.find.is(200), but actually found 204
USER	Ingesting XML file	161	END	1498653783136	1498653783262
USER	Ingesting XML file	162	START	1498653784137	1498653784137
REQUEST	Ingesting XML file	162		LCM Ingest	1498653784137	1498653784261	KO	status.find.is(200), but actually found 204
USER	Ingesting XML file	162	END	1498653784137	1498653784261
USER	Ingesting XML file	163	START	1498653785135	1498653785135
REQUEST	Ingesting XML file	163		LCM Ingest	1498653785135	1498653785259	KO	status.find.is(200), but actually found 204
USER	Ingesting XML file	163	END	1498653785135	1498653785259
USER	Ingesting XML file	164	START	1498653786136	1498653786136
REQUEST	Ingesting XML file	164		LCM Ingest	1498653786136	1498653786259	KO	status.find.is(200), but actually found 204
USER	Ingesting XML file	164	END	1498653786136	1498653786259
USER	Ingesting XML file	165	START	1498653787136	1498653787136
REQUEST	Ingesting XML file	165		LCM Ingest	1498653787136	1498653787265	KO	status.find.is(200), but actually found 204
USER	Ingesting XML file	165	END	1498653787136	1498653787266
USER	Ingesting XML file	166	START	1498653788134	1498653788134
REQUEST	Ingesting XML file	166		LCM Ingest	1498653788134	1498653788260	KO	status.find.is(200), but actually found 204
USER	Ingesting XML file	166	END	1498653788134	1498653788260
USER	Ingesting XML file	167	START	1498653789138	1498653789138
REQUEST	Ingesting XML file	167		LCM Ingest	1498653789138	1498653789277	KO	status.find.is(200), but actually found 204
USER	Ingesting XML file	167	END	1498653789138	1498653789277
USER	Ingesting XML file	168	START	1498653790133	1498653790133
REQUEST	Ingesting XML file	168		LCM Ingest	1498653790133	1498653790258	KO	status.find.is(200), but actually found 204
USER	Ingesting XML file	168	END	1498653790133	1498653790259
USER	Ingesting XML file	169	START	1498653791135	1498653791135
REQUEST	Ingesting XML file	169		LCM Ingest	1498653791135	1498653791260	KO	status.find.is(200), but actually found 204
USER	Ingesting XML file	169	END	1498653791135	1498653791261
USER	Ingesting XML file	170	START	1498653792134	1498653792134
REQUEST	Ingesting XML file	170		LCM Ingest	1498653792134	1498653792257	KO	status.find.is(200), but actually found 204
USER	Ingesting XML file	170	END	1498653792134	1498653792258
USER	Ingesting XML file	171	START	1498653793132	1498653793132
REQUEST	Ingesting XML file	171		LCM Ingest	1498653793133	1498653793257	KO	status.find.is(200), but actually found 204
USER	Ingesting XML file	171	END	1498653793132	1498653793258
USER	Ingesting XML file	172	START	1498653794135	1498653794135
REQUEST	Ingesting XML file	172		LCM Ingest	1498653794135	1498653794262	KO	status.find.is(200), but actually found 204
USER	Ingesting XML file	172	END	1498653794135	1498653794263
USER	Ingesting XML file	173	START	1498653795138	1498653795138
REQUEST	Ingesting XML file	173		LCM Ingest	1498653795138	1498653795266	KO	status.find.is(200), but actually found 204
USER	Ingesting XML file	173	END	1498653795138	1498653795266
USER	Ingesting XML file	174	START	1498653796133	1498653796133
REQUEST	Ingesting XML file	174		LCM Ingest	1498653796133	1498653796258	KO	status.find.is(200), but actually found 204
USER	Ingesting XML file	174	END	1498653796133	1498653796258
USER	Ingesting XML file	175	START	1498653797133	1498653797133
REQUEST	Ingesting XML file	175		LCM Ingest	1498653797134	1498653797257	KO	status.find.is(200), but actually found 204
USER	Ingesting XML file	175	END	1498653797133	1498653797258
USER	Ingesting XML file	176	START	1498653798138	1498653798138
REQUEST	Ingesting XML file	176		LCM Ingest	1498653798138	1498653798263	KO	status.find.is(200), but actually found 204
USER	Ingesting XML file	176	END	1498653798138	1498653798263
USER	Ingesting XML file	177	START	1498653799136	1498653799136
REQUEST	Ingesting XML file	177		LCM Ingest	1498653799137	1498653799261	KO	status.find.is(200), but actually found 204
USER	Ingesting XML file	177	END	1498653799136	1498653799262
USER	Ingesting XML file	178	START	1498653800137	1498653800137
REQUEST	Ingesting XML file	178		LCM Ingest	1498653800137	1498653800261	KO	status.find.is(200), but actually found 204
USER	Ingesting XML file	178	END	1498653800137	1498653800261
USER	Ingesting XML file	179	START	1498653801136	1498653801136
REQUEST	Ingesting XML file	179		LCM Ingest	1498653801136	1498653801263	KO	status.find.is(200), but actually found 204
USER	Ingesting XML file	179	END	1498653801136	1498653801263
USER	Ingesting XML file	180	START	1498653802136	1498653802136
REQUEST	Ingesting XML file	180		LCM Ingest	1498653802136	1498653802282	KO	status.find.is(200), but actually found 204
USER	Ingesting XML file	180	END	1498653802136	1498653802282
USER	Ingesting XML file	181	START	1498653803136	1498653803136
REQUEST	Ingesting XML file	181		LCM Ingest	1498653803137	1498653803259	KO	status.find.is(200), but actually found 204
USER	Ingesting XML file	181	END	1498653803136	1498653803260
USER	Ingesting XML file	182	START	1498653804135	1498653804135
REQUEST	Ingesting XML file	182		LCM Ingest	1498653804136	1498653804259	KO	status.find.is(200), but actually found 204
USER	Ingesting XML file	182	END	1498653804135	1498653804259
USER	Ingesting XML file	183	START	1498653805135	1498653805135
REQUEST	Ingesting XML file	183		LCM Ingest	1498653805135	1498653805261	KO	status.find.is(200), but actually found 204
USER	Ingesting XML file	183	END	1498653805135	1498653805261
USER	Ingesting XML file	184	START	1498653806134	1498653806134
REQUEST	Ingesting XML file	184		LCM Ingest	1498653806135	1498653806265	KO	status.find.is(200), but actually found 204
USER	Ingesting XML file	184	END	1498653806134	1498653806266
USER	Ingesting XML file	185	START	1498653807136	1498653807136
REQUEST	Ingesting XML file	185		LCM Ingest	1498653807136	1498653807258	KO	status.find.is(200), but actually found 204
USER	Ingesting XML file	185	END	1498653807136	1498653807259
USER	Ingesting XML file	186	START	1498653808133	1498653808133
REQUEST	Ingesting XML file	186		LCM Ingest	1498653808133	1498653808256	KO	status.find.is(200), but actually found 204
USER	Ingesting XML file	186	END	1498653808133	1498653808257
USER	Ingesting XML file	187	START	1498653809138	1498653809138
REQUEST	Ingesting XML file	187		LCM Ingest	1498653809138	1498653809263	KO	status.find.is(200), but actually found 204
USER	Ingesting XML file	187	END	1498653809138	1498653809263
USER	Ingesting XML file	188	START	1498653810136	1498653810136
REQUEST	Ingesting XML file	188		LCM Ingest	1498653810136	1498653810266	KO	status.find.is(200), but actually found 204
USER	Ingesting XML file	188	END	1498653810136	1498653810266
USER	Ingesting XML file	189	START	1498653811137	1498653811137
REQUEST	Ingesting XML file	189		LCM Ingest	1498653811137	1498653811265	KO	status.find.is(200), but actually found 204
USER	Ingesting XML file	189	END	1498653811137	1498653811266
USER	Ingesting XML file	190	START	1498653812136	1498653812136
REQUEST	Ingesting XML file	190		LCM Ingest	1498653812137	1498653812261	KO	status.find.is(200), but actually found 204
USER	Ingesting XML file	190	END	1498653812136	1498653812261
USER	Ingesting XML file	191	START	1498653813136	1498653813136
REQUEST	Ingesting XML file	191		LCM Ingest	1498653813136	1498653813266	KO	status.find.is(200), but actually found 204
USER	Ingesting XML file	191	END	1498653813136	1498653813267
USER	Ingesting XML file	192	START	1498653814136	1498653814136
REQUEST	Ingesting XML file	192		LCM Ingest	1498653814136	1498653814287	KO	status.find.is(200), but actually found 204
USER	Ingesting XML file	192	END	1498653814136	1498653814287
USER	Ingesting XML file	193	START	1498653815135	1498653815135
REQUEST	Ingesting XML file	193		LCM Ingest	1498653815136	1498653815261	KO	status.find.is(200), but actually found 204
USER	Ingesting XML file	193	END	1498653815135	1498653815261
USER	Ingesting XML file	194	START	1498653816136	1498653816136
REQUEST	Ingesting XML file	194		LCM Ingest	1498653816136	1498653816260	KO	status.find.is(200), but actually found 204
USER	Ingesting XML file	194	END	1498653816136	1498653816261
USER	Ingesting XML file	195	START	1498653817137	1498653817137
REQUEST	Ingesting XML file	195		LCM Ingest	1498653817137	1498653817263	KO	status.find.is(200), but actually found 204
USER	Ingesting XML file	195	END	1498653817137	1498653817263
USER	Ingesting XML file	196	START	1498653818137	1498653818137
REQUEST	Ingesting XML file	196		LCM Ingest	1498653818137	1498653818261	KO	status.find.is(200), but actually found 204
USER	Ingesting XML file	196	END	1498653818137	1498653818261
USER	Ingesting XML file	197	START	1498653819135	1498653819135
REQUEST	Ingesting XML file	197		LCM Ingest	1498653819135	1498653819265	KO	status.find.is(200), but actually found 204
USER	Ingesting XML file	197	END	1498653819135	1498653819266
USER	Ingesting XML file	198	START	1498653820137	1498653820137
REQUEST	Ingesting XML file	198		LCM Ingest	1498653820137	1498653820264	KO	status.find.is(200), but actually found 204
USER	Ingesting XML file	198	END	1498653820137	1498653820265
USER	Ingesting XML file	199	START	1498653821136	1498653821136
REQUEST	Ingesting XML file	199		LCM Ingest	1498653821136	1498653821267	KO	status.find.is(200), but actually found 204
USER	Ingesting XML file	199	END	1498653821136	1498653821267
USER	Ingesting XML file	200	START	1498653822137	1498653822137
REQUEST	Ingesting XML file	200		LCM Ingest	1498653822137	1498653822257	KO	status.find.is(200), but actually found 204
USER	Ingesting XML file	200	END	1498653822137	1498653822258
USER	Ingesting XML file	201	START	1498653823136	1498653823136
REQUEST	Ingesting XML file	201		LCM Ingest	1498653823136	1498653823260	KO	status.find.is(200), but actually found 204
USER	Ingesting XML file	201	END	1498653823136	1498653823260
USER	Ingesting XML file	202	START	1498653824136	1498653824136
REQUEST	Ingesting XML file	202		LCM Ingest	1498653824136	1498653824260	KO	status.find.is(200), but actually found 204
USER	Ingesting XML file	202	END	1498653824136	1498653824260
USER	Ingesting XML file	203	START	1498653825136	1498653825136
REQUEST	Ingesting XML file	203		LCM Ingest	1498653825136	1498653825262	KO	status.find.is(200), but actually found 204
USER	Ingesting XML file	203	END	1498653825136	1498653825263
USER	Ingesting XML file	204	START	1498653826135	1498653826135
REQUEST	Ingesting XML file	204		LCM Ingest	1498653826136	1498653826258	KO	status.find.is(200), but actually found 204
USER	Ingesting XML file	204	END	1498653826135	1498653826259
USER	Ingesting XML file	205	START	1498653827136	1498653827136
REQUEST	Ingesting XML file	205		LCM Ingest	1498653827136	1498653827258	KO	status.find.is(200), but actually found 204
USER	Ingesting XML file	205	END	1498653827136	1498653827259
USER	Ingesting XML file	206	START	1498653828136	1498653828136
REQUEST	Ingesting XML file	206		LCM Ingest	1498653828136	1498653828264	KO	status.find.is(200), but actually found 204
USER	Ingesting XML file	206	END	1498653828136	1498653828265
USER	Ingesting XML file	207	START	1498653829134	1498653829134
REQUEST	Ingesting XML file	207		LCM Ingest	1498653829134	1498653829255	KO	status.find.is(200), but actually found 204
USER	Ingesting XML file	207	END	1498653829134	1498653829256
USER	Ingesting XML file	208	START	1498653830137	1498653830137
REQUEST	Ingesting XML file	208		LCM Ingest	1498653830137	1498653830263	KO	status.find.is(200), but actually found 204
USER	Ingesting XML file	208	END	1498653830137	1498653830264
USER	Ingesting XML file	209	START	1498653831135	1498653831135
REQUEST	Ingesting XML file	209		LCM Ingest	1498653831136	1498653831288	KO	status.find.is(200), but actually found 204
USER	Ingesting XML file	209	END	1498653831135	1498653831288
USER	Ingesting XML file	210	START	1498653832137	1498653832137
REQUEST	Ingesting XML file	210		LCM Ingest	1498653832137	1498653832262	KO	status.find.is(200), but actually found 204
USER	Ingesting XML file	210	END	1498653832137	1498653832262
USER	Ingesting XML file	211	START	1498653833134	1498653833134
REQUEST	Ingesting XML file	211		LCM Ingest	1498653833134	1498653833257	KO	status.find.is(200), but actually found 204
USER	Ingesting XML file	211	END	1498653833134	1498653833258
USER	Ingesting XML file	212	START	1498653834134	1498653834134
REQUEST	Ingesting XML file	212		LCM Ingest	1498653834134	1498653834259	KO	status.find.is(200), but actually found 204
USER	Ingesting XML file	212	END	1498653834134	1498653834260
USER	Ingesting XML file	213	START	1498653835136	1498653835136
REQUEST	Ingesting XML file	213		LCM Ingest	1498653835136	1498653835260	KO	status.find.is(200), but actually found 204
USER	Ingesting XML file	213	END	1498653835136	1498653835260
USER	Ingesting XML file	214	START	1498653836136	1498653836136
REQUEST	Ingesting XML file	214		LCM Ingest	1498653836136	1498653836260	KO	status.find.is(200), but actually found 204
USER	Ingesting XML file	214	END	1498653836136	1498653836261
USER	Ingesting XML file	215	START	1498653837137	1498653837137
REQUEST	Ingesting XML file	215		LCM Ingest	1498653837137	1498653837263	KO	status.find.is(200), but actually found 204
USER	Ingesting XML file	215	END	1498653837137	1498653837264
USER	Ingesting XML file	216	START	1498653838137	1498653838137
REQUEST	Ingesting XML file	216		LCM Ingest	1498653838137	1498653838261	KO	status.find.is(200), but actually found 204
USER	Ingesting XML file	216	END	1498653838137	1498653838261
USER	Ingesting XML file	217	START	1498653839132	1498653839132
REQUEST	Ingesting XML file	217		LCM Ingest	1498653839133	1498653839255	KO	status.find.is(200), but actually found 204
USER	Ingesting XML file	217	END	1498653839132	1498653839256
USER	Ingesting XML file	218	START	1498653840132	1498653840132
REQUEST	Ingesting XML file	218		LCM Ingest	1498653840133	1498653840258	KO	status.find.is(200), but actually found 204
USER	Ingesting XML file	218	END	1498653840132	1498653840259
USER	Ingesting XML file	219	START	1498653841137	1498653841137
REQUEST	Ingesting XML file	219		LCM Ingest	1498653841137	1498653841266	KO	status.find.is(200), but actually found 204
USER	Ingesting XML file	219	END	1498653841137	1498653841266
USER	Ingesting XML file	220	START	1498653842135	1498653842135
REQUEST	Ingesting XML file	220		LCM Ingest	1498653842135	1498653842261	KO	status.find.is(200), but actually found 204
USER	Ingesting XML file	220	END	1498653842135	1498653842261
USER	Ingesting XML file	221	START	1498653843136	1498653843136
REQUEST	Ingesting XML file	221		LCM Ingest	1498653843136	1498653843259	KO	status.find.is(200), but actually found 204
USER	Ingesting XML file	221	END	1498653843136	1498653843260
USER	Ingesting XML file	222	START	1498653844136	1498653844136
REQUEST	Ingesting XML file	222		LCM Ingest	1498653844137	1498653844261	KO	status.find.is(200), but actually found 204
USER	Ingesting XML file	222	END	1498653844136	1498653844262
USER	Ingesting XML file	223	START	1498653845136	1498653845136
REQUEST	Ingesting XML file	223		LCM Ingest	1498653845136	1498653845289	KO	status.find.is(200), but actually found 204
USER	Ingesting XML file	223	END	1498653845136	1498653845289
USER	Ingesting XML file	224	START	1498653846135	1498653846135
REQUEST	Ingesting XML file	224		LCM Ingest	1498653846136	1498653846273	KO	status.find.is(200), but actually found 204
USER	Ingesting XML file	224	END	1498653846135	1498653846273
USER	Ingesting XML file	225	START	1498653847137	1498653847137
REQUEST	Ingesting XML file	225		LCM Ingest	1498653847137	1498653847259	KO	status.find.is(200), but actually found 204
USER	Ingesting XML file	225	END	1498653847137	1498653847259
USER	Ingesting XML file	226	START	1498653848136	1498653848136
REQUEST	Ingesting XML file	226		LCM Ingest	1498653848136	1498653848286	KO	status.find.is(200), but actually found 204
USER	Ingesting XML file	226	END	1498653848136	1498653848286
USER	Ingesting XML file	227	START	1498653849136	1498653849136
REQUEST	Ingesting XML file	227		LCM Ingest	1498653849136	1498653849261	KO	status.find.is(200), but actually found 204
USER	Ingesting XML file	227	END	1498653849136	1498653849262
USER	Ingesting XML file	228	START	1498653850138	1498653850138
REQUEST	Ingesting XML file	228		LCM Ingest	1498653850138	1498653850262	KO	status.find.is(200), but actually found 204
USER	Ingesting XML file	228	END	1498653850138	1498653850262
USER	Ingesting XML file	229	START	1498653851135	1498653851135
REQUEST	Ingesting XML file	229		LCM Ingest	1498653851135	1498653851259	KO	status.find.is(200), but actually found 204
USER	Ingesting XML file	229	END	1498653851135	1498653851259
USER	Ingesting XML file	230	START	1498653852135	1498653852135
REQUEST	Ingesting XML file	230		LCM Ingest	1498653852135	1498653852261	KO	status.find.is(200), but actually found 204
USER	Ingesting XML file	230	END	1498653852135	1498653852262
USER	Ingesting XML file	231	START	1498653853133	1498653853133
REQUEST	Ingesting XML file	231		LCM Ingest	1498653853133	1498653853261	KO	status.find.is(200), but actually found 204
USER	Ingesting XML file	231	END	1498653853133	1498653853261
USER	Ingesting XML file	232	START	1498653854134	1498653854134
REQUEST	Ingesting XML file	232		LCM Ingest	1498653854135	1498653854279	KO	status.find.is(200), but actually found 204
USER	Ingesting XML file	232	END	1498653854134	1498653854280
USER	Ingesting XML file	233	START	1498653855136	1498653855136
REQUEST	Ingesting XML file	233		LCM Ingest	1498653855137	1498653855264	KO	status.find.is(200), but actually found 204
USER	Ingesting XML file	233	END	1498653855136	1498653855264
USER	Ingesting XML file	234	START	1498653856137	1498653856137
REQUEST	Ingesting XML file	234		LCM Ingest	1498653856137	1498653856260	KO	status.find.is(200), but actually found 204
USER	Ingesting XML file	234	END	1498653856137	1498653856261
USER	Ingesting XML file	235	START	1498653857135	1498653857135
REQUEST	Ingesting XML file	235		LCM Ingest	1498653857135	1498653857261	KO	status.find.is(200), but actually found 204
USER	Ingesting XML file	235	END	1498653857135	1498653857261
USER	Ingesting XML file	236	START	1498653858135	1498653858135
REQUEST	Ingesting XML file	236		LCM Ingest	1498653858135	1498653858259	KO	status.find.is(200), but actually found 204
USER	Ingesting XML file	236	END	1498653858135	1498653858260
USER	Ingesting XML file	237	START	1498653859136	1498653859136
REQUEST	Ingesting XML file	237		LCM Ingest	1498653859136	1498653859266	KO	status.find.is(200), but actually found 204
USER	Ingesting XML file	237	END	1498653859136	1498653859266
USER	Ingesting XML file	238	START	1498653860135	1498653860135
REQUEST	Ingesting XML file	238		LCM Ingest	1498653860135	1498653860259	KO	status.find.is(200), but actually found 204
USER	Ingesting XML file	238	END	1498653860135	1498653860260
USER	Ingesting XML file	239	START	1498653861135	1498653861135
REQUEST	Ingesting XML file	239		LCM Ingest	1498653861136	1498653861263	KO	status.find.is(200), but actually found 204
USER	Ingesting XML file	239	END	1498653861135	1498653861263
USER	Ingesting XML file	240	START	1498653862134	1498653862134
REQUEST	Ingesting XML file	240		LCM Ingest	1498653862135	1498653862258	KO	status.find.is(200), but actually found 204
USER	Ingesting XML file	240	END	1498653862134	1498653862258
USER	Ingesting XML file	241	START	1498653863136	1498653863136
REQUEST	Ingesting XML file	241		LCM Ingest	1498653863136	1498653863259	KO	status.find.is(200), but actually found 204
USER	Ingesting XML file	241	END	1498653863136	1498653863259
USER	Ingesting XML file	242	START	1498653864133	1498653864133
REQUEST	Ingesting XML file	242		LCM Ingest	1498653864134	1498653864256	KO	status.find.is(200), but actually found 204
USER	Ingesting XML file	242	END	1498653864133	1498653864257
USER	Ingesting XML file	243	START	1498653865137	1498653865137
REQUEST	Ingesting XML file	243		LCM Ingest	1498653865137	1498653865262	KO	status.find.is(200), but actually found 204
USER	Ingesting XML file	243	END	1498653865137	1498653865262
USER	Ingesting XML file	244	START	1498653866135	1498653866135
REQUEST	Ingesting XML file	244		LCM Ingest	1498653866136	1498653866278	KO	status.find.is(200), but actually found 204
USER	Ingesting XML file	244	END	1498653866135	1498653866279
USER	Ingesting XML file	245	START	1498653867133	1498653867133
REQUEST	Ingesting XML file	245		LCM Ingest	1498653867133	1498653867279	KO	status.find.is(200), but actually found 204
USER	Ingesting XML file	245	END	1498653867133	1498653867279
USER	Ingesting XML file	246	START	1498653868138	1498653868138
REQUEST	Ingesting XML file	246		LCM Ingest	1498653868138	1498653868264	KO	status.find.is(200), but actually found 204
USER	Ingesting XML file	246	END	1498653868138	1498653868264
USER	Ingesting XML file	247	START	1498653869136	1498653869136
REQUEST	Ingesting XML file	247		LCM Ingest	1498653869136	1498653869282	KO	status.find.is(200), but actually found 204
USER	Ingesting XML file	247	END	1498653869136	1498653869282
USER	Ingesting XML file	248	START	1498653870133	1498653870133
REQUEST	Ingesting XML file	248		LCM Ingest	1498653870133	1498653870260	KO	status.find.is(200), but actually found 204
USER	Ingesting XML file	248	END	1498653870133	1498653870261
USER	Ingesting XML file	249	START	1498653871136	1498653871136
REQUEST	Ingesting XML file	249		LCM Ingest	1498653871136	1498653871314	KO	status.find.is(200), but actually found 204
USER	Ingesting XML file	249	END	1498653871136	1498653871315
USER	Ingesting XML file	250	START	1498653872135	1498653872135
REQUEST	Ingesting XML file	250		LCM Ingest	1498653872136	1498653872260	KO	status.find.is(200), but actually found 204
USER	Ingesting XML file	250	END	1498653872135	1498653872261
USER	Ingesting XML file	251	START	1498653873135	1498653873135
REQUEST	Ingesting XML file	251		LCM Ingest	1498653873136	1498653873277	KO	status.find.is(200), but actually found 204
USER	Ingesting XML file	251	END	1498653873135	1498653873277
USER	Ingesting XML file	252	START	1498653874135	1498653874135
REQUEST	Ingesting XML file	252		LCM Ingest	1498653874135	1498653874265	KO	status.find.is(200), but actually found 204
USER	Ingesting XML file	252	END	1498653874135	1498653874265
USER	Ingesting XML file	253	START	1498653875134	1498653875134
REQUEST	Ingesting XML file	253		LCM Ingest	1498653875134	1498653875258	KO	status.find.is(200), but actually found 204
USER	Ingesting XML file	253	END	1498653875134	1498653875259
USER	Ingesting XML file	254	START	1498653876136	1498653876136
REQUEST	Ingesting XML file	254		LCM Ingest	1498653876136	1498653876261	KO	status.find.is(200), but actually found 204
USER	Ingesting XML file	254	END	1498653876136	1498653876261
USER	Ingesting XML file	255	START	1498653877135	1498653877135
REQUEST	Ingesting XML file	255		LCM Ingest	1498653877135	1498653877261	KO	status.find.is(200), but actually found 204
USER	Ingesting XML file	255	END	1498653877135	1498653877261
USER	Ingesting XML file	256	START	1498653878136	1498653878136
REQUEST	Ingesting XML file	256		LCM Ingest	1498653878136	1498653878269	KO	status.find.is(200), but actually found 204
USER	Ingesting XML file	256	END	1498653878136	1498653878269
USER	Ingesting XML file	257	START	1498653879135	1498653879135
REQUEST	Ingesting XML file	257		LCM Ingest	1498653879135	1498653879282	KO	status.find.is(200), but actually found 204
USER	Ingesting XML file	257	END	1498653879135	1498653879283
USER	Ingesting XML file	258	START	1498653880138	1498653880138
REQUEST	Ingesting XML file	258		LCM Ingest	1498653880138	1498653880263	KO	status.find.is(200), but actually found 204
USER	Ingesting XML file	258	END	1498653880138	1498653880264
USER	Ingesting XML file	259	START	1498653881135	1498653881135
REQUEST	Ingesting XML file	259		LCM Ingest	1498653881135	1498653881260	KO	status.find.is(200), but actually found 204
USER	Ingesting XML file	259	END	1498653881135	1498653881260
USER	Ingesting XML file	260	START	1498653882133	1498653882133
REQUEST	Ingesting XML file	260		LCM Ingest	1498653882133	1498653882257	KO	status.find.is(200), but actually found 204
USER	Ingesting XML file	260	END	1498653882133	1498653882257
USER	Ingesting XML file	261	START	1498653883137	1498653883137
REQUEST	Ingesting XML file	261		LCM Ingest	1498653883137	1498653883260	KO	status.find.is(200), but actually found 204
USER	Ingesting XML file	261	END	1498653883137	1498653883260
USER	Ingesting XML file	262	START	1498653884138	1498653884138
REQUEST	Ingesting XML file	262		LCM Ingest	1498653884138	1498653884262	KO	status.find.is(200), but actually found 204
USER	Ingesting XML file	262	END	1498653884138	1498653884262
USER	Ingesting XML file	263	START	1498653885137	1498653885137
REQUEST	Ingesting XML file	263		LCM Ingest	1498653885137	1498653885261	KO	status.find.is(200), but actually found 204
USER	Ingesting XML file	263	END	1498653885137	1498653885262
USER	Ingesting XML file	264	START	1498653886138	1498653886138
REQUEST	Ingesting XML file	264		LCM Ingest	1498653886138	1498653886264	KO	status.find.is(200), but actually found 204
USER	Ingesting XML file	264	END	1498653886138	1498653886265
USER	Ingesting XML file	265	START	1498653887135	1498653887135
REQUEST	Ingesting XML file	265		LCM Ingest	1498653887136	1498653887281	KO	status.find.is(200), but actually found 204
USER	Ingesting XML file	265	END	1498653887135	1498653887281
USER	Ingesting XML file	266	START	1498653888137	1498653888137
REQUEST	Ingesting XML file	266		LCM Ingest	1498653888137	1498653888259	KO	status.find.is(200), but actually found 204
USER	Ingesting XML file	266	END	1498653888137	1498653888259
USER	Ingesting XML file	267	START	1498653889133	1498653889133
REQUEST	Ingesting XML file	267		LCM Ingest	1498653889133	1498653889260	KO	status.find.is(200), but actually found 204
USER	Ingesting XML file	267	END	1498653889133	1498653889260
USER	Ingesting XML file	268	START	1498653890136	1498653890136
REQUEST	Ingesting XML file	268		LCM Ingest	1498653890136	1498653890262	KO	status.find.is(200), but actually found 204
USER	Ingesting XML file	268	END	1498653890136	1498653890262
USER	Ingesting XML file	269	START	1498653891136	1498653891136
REQUEST	Ingesting XML file	269		LCM Ingest	1498653891136	1498653891260	KO	status.find.is(200), but actually found 204
USER	Ingesting XML file	269	END	1498653891136	1498653891260
USER	Ingesting XML file	270	START	1498653892135	1498653892135
REQUEST	Ingesting XML file	270		LCM Ingest	1498653892135	1498653892258	KO	status.find.is(200), but actually found 204
USER	Ingesting XML file	270	END	1498653892135	1498653892258
USER	Ingesting XML file	271	START	1498653893137	1498653893137
REQUEST	Ingesting XML file	271		LCM Ingest	1498653893137	1498653893260	KO	status.find.is(200), but actually found 204
USER	Ingesting XML file	271	END	1498653893137	1498653893260
USER	Ingesting XML file	272	START	1498653894135	1498653894135
REQUEST	Ingesting XML file	272		LCM Ingest	1498653894135	1498653894258	KO	status.find.is(200), but actually found 204
USER	Ingesting XML file	272	END	1498653894135	1498653894259
USER	Ingesting XML file	273	START	1498653895137	1498653895137
REQUEST	Ingesting XML file	273		LCM Ingest	1498653895137	1498653895260	KO	status.find.is(200), but actually found 204
USER	Ingesting XML file	273	END	1498653895137	1498653895261
USER	Ingesting XML file	274	START	1498653896137	1498653896137
REQUEST	Ingesting XML file	274		LCM Ingest	1498653896137	1498653896260	KO	status.find.is(200), but actually found 204
USER	Ingesting XML file	274	END	1498653896137	1498653896261
USER	Ingesting XML file	275	START	1498653897136	1498653897136
REQUEST	Ingesting XML file	275		LCM Ingest	1498653897137	1498653897261	KO	status.find.is(200), but actually found 204
USER	Ingesting XML file	275	END	1498653897136	1498653897261
USER	Ingesting XML file	276	START	1498653898137	1498653898137
REQUEST	Ingesting XML file	276		LCM Ingest	1498653898138	1498653898267	KO	status.find.is(200), but actually found 204
USER	Ingesting XML file	276	END	1498653898137	1498653898267
USER	Ingesting XML file	277	START	1498653899137	1498653899137
REQUEST	Ingesting XML file	277		LCM Ingest	1498653899137	1498653899265	KO	status.find.is(200), but actually found 204
USER	Ingesting XML file	277	END	1498653899137	1498653899266
USER	Ingesting XML file	278	START	1498653900136	1498653900136
REQUEST	Ingesting XML file	278		LCM Ingest	1498653900136	1498653900258	KO	status.find.is(200), but actually found 204
USER	Ingesting XML file	278	END	1498653900136	1498653900258
USER	Ingesting XML file	279	START	1498653901135	1498653901135
REQUEST	Ingesting XML file	279		LCM Ingest	1498653901136	1498653901263	KO	status.find.is(200), but actually found 204
USER	Ingesting XML file	279	END	1498653901135	1498653901264
USER	Ingesting XML file	280	START	1498653902137	1498653902137
REQUEST	Ingesting XML file	280		LCM Ingest	1498653902137	1498653902280	KO	status.find.is(200), but actually found 204
USER	Ingesting XML file	280	END	1498653902137	1498653902280
USER	Ingesting XML file	281	START	1498653903138	1498653903138
REQUEST	Ingesting XML file	281		LCM Ingest	1498653903138	1498653903265	KO	status.find.is(200), but actually found 204
USER	Ingesting XML file	281	END	1498653903138	1498653903265
USER	Ingesting XML file	282	START	1498653904135	1498653904135
REQUEST	Ingesting XML file	282		LCM Ingest	1498653904135	1498653904259	KO	status.find.is(200), but actually found 204
USER	Ingesting XML file	282	END	1498653904135	1498653904259
USER	Ingesting XML file	283	START	1498653905136	1498653905136
REQUEST	Ingesting XML file	283		LCM Ingest	1498653905136	1498653905261	KO	status.find.is(200), but actually found 204
USER	Ingesting XML file	283	END	1498653905136	1498653905261
USER	Ingesting XML file	284	START	1498653906138	1498653906138
REQUEST	Ingesting XML file	284		LCM Ingest	1498653906138	1498653906263	KO	status.find.is(200), but actually found 204
USER	Ingesting XML file	284	END	1498653906138	1498653906264
USER	Ingesting XML file	285	START	1498653907136	1498653907136
REQUEST	Ingesting XML file	285		LCM Ingest	1498653907136	1498653907258	KO	status.find.is(200), but actually found 204
USER	Ingesting XML file	285	END	1498653907136	1498653907259
USER	Ingesting XML file	286	START	1498653908136	1498653908136
REQUEST	Ingesting XML file	286		LCM Ingest	1498653908137	1498653908258	KO	status.find.is(200), but actually found 204
USER	Ingesting XML file	286	END	1498653908136	1498653908259
USER	Ingesting XML file	287	START	1498653909135	1498653909135
REQUEST	Ingesting XML file	287		LCM Ingest	1498653909135	1498653909261	KO	status.find.is(200), but actually found 204
USER	Ingesting XML file	287	END	1498653909135	1498653909261
USER	Ingesting XML file	288	START	1498653910137	1498653910137
REQUEST	Ingesting XML file	288		LCM Ingest	1498653910137	1498653910261	KO	status.find.is(200), but actually found 204
USER	Ingesting XML file	288	END	1498653910137	1498653910261
USER	Ingesting XML file	289	START	1498653911136	1498653911136
REQUEST	Ingesting XML file	289		LCM Ingest	1498653911136	1498653911258	KO	status.find.is(200), but actually found 204
USER	Ingesting XML file	289	END	1498653911136	1498653911258
USER	Ingesting XML file	290	START	1498653912137	1498653912137
REQUEST	Ingesting XML file	290		LCM Ingest	1498653912137	1498653912261	KO	status.find.is(200), but actually found 204
USER	Ingesting XML file	290	END	1498653912137	1498653912262
USER	Ingesting XML file	291	START	1498653913135	1498653913135
REQUEST	Ingesting XML file	291		LCM Ingest	1498653913136	1498653913262	KO	status.find.is(200), but actually found 204
USER	Ingesting XML file	291	END	1498653913135	1498653913262
USER	Ingesting XML file	292	START	1498653914136	1498653914136
REQUEST	Ingesting XML file	292		LCM Ingest	1498653914136	1498653914258	KO	status.find.is(200), but actually found 204
USER	Ingesting XML file	292	END	1498653914136	1498653914259
USER	Ingesting XML file	293	START	1498653915136	1498653915136
REQUEST	Ingesting XML file	293		LCM Ingest	1498653915136	1498653915261	KO	status.find.is(200), but actually found 204
USER	Ingesting XML file	293	END	1498653915136	1498653915262
USER	Ingesting XML file	294	START	1498653916137	1498653916137
REQUEST	Ingesting XML file	294		LCM Ingest	1498653916137	1498653916286	KO	status.find.is(200), but actually found 204
USER	Ingesting XML file	294	END	1498653916137	1498653916286
USER	Ingesting XML file	295	START	1498653917135	1498653917135
REQUEST	Ingesting XML file	295		LCM Ingest	1498653917136	1498653917258	KO	status.find.is(200), but actually found 204
USER	Ingesting XML file	295	END	1498653917135	1498653917259
USER	Ingesting XML file	296	START	1498653918136	1498653918136
REQUEST	Ingesting XML file	296		LCM Ingest	1498653918136	1498653918270	KO	status.find.is(200), but actually found 204
USER	Ingesting XML file	296	END	1498653918136	1498653918270
USER	Ingesting XML file	297	START	1498653919136	1498653919136
REQUEST	Ingesting XML file	297		LCM Ingest	1498653919137	1498653919258	KO	status.find.is(200), but actually found 204
USER	Ingesting XML file	297	END	1498653919136	1498653919259
USER	Ingesting XML file	298	START	1498653920135	1498653920135
REQUEST	Ingesting XML file	298		LCM Ingest	1498653920135	1498653920259	KO	status.find.is(200), but actually found 204
USER	Ingesting XML file	298	END	1498653920135	1498653920260
USER	Ingesting XML file	299	START	1498653921133	1498653921133
REQUEST	Ingesting XML file	299		LCM Ingest	1498653921133	1498653921257	KO	status.find.is(200), but actually found 204
USER	Ingesting XML file	299	END	1498653921133	1498653921258
USER	Ingesting XML file	300	START	1498653922134	1498653922134
REQUEST	Ingesting XML file	300		LCM Ingest	1498653922134	1498653922256	KO	status.find.is(200), but actually found 204
USER	Ingesting XML file	300	END	1498653922134	1498653922257
USER	Ingesting XML file	301	START	1498653923134	1498653923134
REQUEST	Ingesting XML file	301		LCM Ingest	1498653923134	1498653923256	KO	status.find.is(200), but actually found 204
USER	Ingesting XML file	301	END	1498653923134	1498653923257
