RUN	sky.LcmIngest	002	lcmingest	1498573468017	 	2.0
USER	Ingesting XML file	1	START	1498573468559	1498573468559
REQUEST	Ingesting XML file	1		LCM Ingest	1498573468597	1498573468733	OK	 
USER	Ingesting XML file	1	END	1498573468559	1498573468757
USER	Ingesting XML file	2	START	1498573469614	1498573469614
REQUEST	Ingesting XML file	2		LCM Ingest	1498573469615	1498573469745	OK	 
USER	Ingesting XML file	2	END	1498573469614	1498573469746
USER	Ingesting XML file	3	START	1498573470627	1498573470627
REQUEST	Ingesting XML file	3		LCM Ingest	1498573470628	1498573470757	OK	 
USER	Ingesting XML file	3	END	1498573470627	1498573470758
USER	Ingesting XML file	4	START	1498573471565	1498573471565
REQUEST	Ingesting XML file	4		LCM Ingest	1498573471565	1498573471714	OK	 
USER	Ingesting XML file	4	END	1498573471565	1498573471714
USER	Ingesting XML file	5	START	1498573472567	1498573472567
REQUEST	Ingesting XML file	5		LCM Ingest	1498573472567	1498573472719	OK	 
USER	Ingesting XML file	5	END	1498573472567	1498573472720
USER	Ingesting XML file	6	START	1498573473566	1498573473566
REQUEST	Ingesting XML file	6		LCM Ingest	1498573473566	1498573473690	OK	 
USER	Ingesting XML file	6	END	1498573473566	1498573473690
USER	Ingesting XML file	7	START	1498573474566	1498573474566
REQUEST	Ingesting XML file	7		LCM Ingest	1498573474567	1498573474716	OK	 
USER	Ingesting XML file	7	END	1498573474566	1498573474717
USER	Ingesting XML file	8	START	1498573475566	1498573475566
REQUEST	Ingesting XML file	8		LCM Ingest	1498573475566	1498573475690	OK	 
USER	Ingesting XML file	8	END	1498573475566	1498573475690
USER	Ingesting XML file	9	START	1498573476566	1498573476566
REQUEST	Ingesting XML file	9		LCM Ingest	1498573476566	1498573476702	OK	 
USER	Ingesting XML file	9	END	1498573476566	1498573476703
USER	Ingesting XML file	10	START	1498573477567	1498573477567
REQUEST	Ingesting XML file	10		LCM Ingest	1498573477567	1498573477691	OK	 
USER	Ingesting XML file	10	END	1498573477567	1498573477692
USER	Ingesting XML file	11	START	1498573478565	1498573478565
REQUEST	Ingesting XML file	11		LCM Ingest	1498573478566	1498573478690	OK	 
USER	Ingesting XML file	11	END	1498573478565	1498573478690
USER	Ingesting XML file	12	START	1498573479566	1498573479566
REQUEST	Ingesting XML file	12		LCM Ingest	1498573479566	1498573479690	OK	 
USER	Ingesting XML file	12	END	1498573479566	1498573479691
USER	Ingesting XML file	13	START	1498573480565	1498573480565
REQUEST	Ingesting XML file	13		LCM Ingest	1498573480565	1498573480691	OK	 
USER	Ingesting XML file	13	END	1498573480565	1498573480691
USER	Ingesting XML file	14	START	1498573481565	1498573481565
REQUEST	Ingesting XML file	14		LCM Ingest	1498573481566	1498573481695	OK	 
USER	Ingesting XML file	14	END	1498573481565	1498573481695
USER	Ingesting XML file	15	START	1498573482564	1498573482564
REQUEST	Ingesting XML file	15		LCM Ingest	1498573482565	1498573482692	OK	 
USER	Ingesting XML file	15	END	1498573482564	1498573482692
USER	Ingesting XML file	16	START	1498573483566	1498573483566
REQUEST	Ingesting XML file	16		LCM Ingest	1498573483566	1498573483691	OK	 
USER	Ingesting XML file	16	END	1498573483566	1498573483691
USER	Ingesting XML file	17	START	1498573484564	1498573484564
REQUEST	Ingesting XML file	17		LCM Ingest	1498573484564	1498573484696	OK	 
USER	Ingesting XML file	17	END	1498573484564	1498573484697
USER	Ingesting XML file	18	START	1498573485566	1498573485566
REQUEST	Ingesting XML file	18		LCM Ingest	1498573485567	1498573485699	OK	 
USER	Ingesting XML file	18	END	1498573485566	1498573485700
USER	Ingesting XML file	19	START	1498573486565	1498573486565
REQUEST	Ingesting XML file	19		LCM Ingest	1498573486566	1498573486689	OK	 
USER	Ingesting XML file	19	END	1498573486565	1498573486690
USER	Ingesting XML file	20	START	1498573487566	1498573487566
REQUEST	Ingesting XML file	20		LCM Ingest	1498573487566	1498573487693	OK	 
USER	Ingesting XML file	20	END	1498573487566	1498573487694
USER	Ingesting XML file	21	START	1498573488565	1498573488565
REQUEST	Ingesting XML file	21		LCM Ingest	1498573488565	1498573488688	OK	 
USER	Ingesting XML file	21	END	1498573488565	1498573488689
USER	Ingesting XML file	22	START	1498573489566	1498573489566
REQUEST	Ingesting XML file	22		LCM Ingest	1498573489567	1498573489691	OK	 
USER	Ingesting XML file	22	END	1498573489566	1498573489691
USER	Ingesting XML file	23	START	1498573490566	1498573490566
REQUEST	Ingesting XML file	23		LCM Ingest	1498573490566	1498573490692	OK	 
USER	Ingesting XML file	23	END	1498573490566	1498573490693
USER	Ingesting XML file	24	START	1498573491566	1498573491566
REQUEST	Ingesting XML file	24		LCM Ingest	1498573491567	1498573491714	OK	 
USER	Ingesting XML file	24	END	1498573491566	1498573491715
USER	Ingesting XML file	25	START	1498573492566	1498573492566
REQUEST	Ingesting XML file	25		LCM Ingest	1498573492567	1498573492692	OK	 
USER	Ingesting XML file	25	END	1498573492566	1498573492693
USER	Ingesting XML file	26	START	1498573493566	1498573493566
REQUEST	Ingesting XML file	26		LCM Ingest	1498573493566	1498573493692	OK	 
USER	Ingesting XML file	26	END	1498573493566	1498573493693
USER	Ingesting XML file	27	START	1498573494567	1498573494567
REQUEST	Ingesting XML file	27		LCM Ingest	1498573494567	1498573494691	OK	 
USER	Ingesting XML file	27	END	1498573494567	1498573494692
USER	Ingesting XML file	28	START	1498573495566	1498573495566
REQUEST	Ingesting XML file	28		LCM Ingest	1498573495566	1498573495694	OK	 
USER	Ingesting XML file	28	END	1498573495566	1498573495695
USER	Ingesting XML file	29	START	1498573496566	1498573496566
REQUEST	Ingesting XML file	29		LCM Ingest	1498573496566	1498573496693	OK	 
USER	Ingesting XML file	29	END	1498573496566	1498573496694
USER	Ingesting XML file	30	START	1498573497566	1498573497566
REQUEST	Ingesting XML file	30		LCM Ingest	1498573497566	1498573497690	OK	 
USER	Ingesting XML file	30	END	1498573497566	1498573497690
USER	Ingesting XML file	31	START	1498573498566	1498573498566
REQUEST	Ingesting XML file	31		LCM Ingest	1498573498567	1498573498692	OK	 
USER	Ingesting XML file	31	END	1498573498566	1498573498692
USER	Ingesting XML file	32	START	1498573499565	1498573499565
REQUEST	Ingesting XML file	32		LCM Ingest	1498573499565	1498573499692	OK	 
USER	Ingesting XML file	32	END	1498573499565	1498573499693
USER	Ingesting XML file	33	START	1498573500567	1498573500567
REQUEST	Ingesting XML file	33		LCM Ingest	1498573500567	1498573500696	OK	 
USER	Ingesting XML file	33	END	1498573500567	1498573500696
USER	Ingesting XML file	34	START	1498573501565	1498573501565
REQUEST	Ingesting XML file	34		LCM Ingest	1498573501565	1498573501700	OK	 
USER	Ingesting XML file	34	END	1498573501565	1498573501701
USER	Ingesting XML file	35	START	1498573502566	1498573502566
REQUEST	Ingesting XML file	35		LCM Ingest	1498573502567	1498573502695	OK	 
USER	Ingesting XML file	35	END	1498573502566	1498573502696
USER	Ingesting XML file	36	START	1498573503565	1498573503565
REQUEST	Ingesting XML file	36		LCM Ingest	1498573503565	1498573503688	OK	 
USER	Ingesting XML file	36	END	1498573503565	1498573503688
USER	Ingesting XML file	37	START	1498573504564	1498573504564
REQUEST	Ingesting XML file	37		LCM Ingest	1498573504564	1498573504696	OK	 
USER	Ingesting XML file	37	END	1498573504564	1498573504696
USER	Ingesting XML file	38	START	1498573505566	1498573505566
REQUEST	Ingesting XML file	38		LCM Ingest	1498573505566	1498573505697	OK	 
USER	Ingesting XML file	38	END	1498573505566	1498573505698
USER	Ingesting XML file	39	START	1498573506567	1498573506567
REQUEST	Ingesting XML file	39		LCM Ingest	1498573506567	1498573506714	OK	 
USER	Ingesting XML file	39	END	1498573506567	1498573506714
USER	Ingesting XML file	40	START	1498573507566	1498573507566
REQUEST	Ingesting XML file	40		LCM Ingest	1498573507566	1498573507691	OK	 
USER	Ingesting XML file	40	END	1498573507566	1498573507692
USER	Ingesting XML file	41	START	1498573508566	1498573508566
REQUEST	Ingesting XML file	41		LCM Ingest	1498573508566	1498573508690	OK	 
USER	Ingesting XML file	41	END	1498573508566	1498573508690
USER	Ingesting XML file	42	START	1498573509565	1498573509565
REQUEST	Ingesting XML file	42		LCM Ingest	1498573509565	1498573509689	OK	 
USER	Ingesting XML file	42	END	1498573509565	1498573509690
USER	Ingesting XML file	43	START	1498573510567	1498573510567
REQUEST	Ingesting XML file	43		LCM Ingest	1498573510567	1498573510690	OK	 
USER	Ingesting XML file	43	END	1498573510567	1498573510691
USER	Ingesting XML file	44	START	1498573511566	1498573511566
REQUEST	Ingesting XML file	44		LCM Ingest	1498573511566	1498573511694	OK	 
USER	Ingesting XML file	44	END	1498573511566	1498573511695
USER	Ingesting XML file	45	START	1498573512567	1498573512567
REQUEST	Ingesting XML file	45		LCM Ingest	1498573512567	1498573512693	OK	 
USER	Ingesting XML file	45	END	1498573512567	1498573512694
USER	Ingesting XML file	46	START	1498573513567	1498573513567
REQUEST	Ingesting XML file	46		LCM Ingest	1498573513567	1498573513692	OK	 
USER	Ingesting XML file	46	END	1498573513567	1498573513693
USER	Ingesting XML file	47	START	1498573514566	1498573514566
REQUEST	Ingesting XML file	47		LCM Ingest	1498573514567	1498573514690	OK	 
USER	Ingesting XML file	47	END	1498573514566	1498573514691
USER	Ingesting XML file	48	START	1498573515566	1498573515566
REQUEST	Ingesting XML file	48		LCM Ingest	1498573515566	1498573515692	OK	 
USER	Ingesting XML file	48	END	1498573515566	1498573515692
USER	Ingesting XML file	49	START	1498573516566	1498573516566
REQUEST	Ingesting XML file	49		LCM Ingest	1498573516567	1498573516690	OK	 
USER	Ingesting XML file	49	END	1498573516566	1498573516690
USER	Ingesting XML file	50	START	1498573517566	1498573517566
REQUEST	Ingesting XML file	50		LCM Ingest	1498573517567	1498573517692	OK	 
USER	Ingesting XML file	50	END	1498573517566	1498573517692
USER	Ingesting XML file	51	START	1498573518567	1498573518567
REQUEST	Ingesting XML file	51		LCM Ingest	1498573518567	1498573518691	OK	 
USER	Ingesting XML file	51	END	1498573518567	1498573518691
USER	Ingesting XML file	52	START	1498573519564	1498573519564
REQUEST	Ingesting XML file	52		LCM Ingest	1498573519565	1498573519695	OK	 
USER	Ingesting XML file	52	END	1498573519564	1498573519695
USER	Ingesting XML file	53	START	1498573520567	1498573520567
REQUEST	Ingesting XML file	53		LCM Ingest	1498573520567	1498573520691	OK	 
USER	Ingesting XML file	53	END	1498573520567	1498573520691
USER	Ingesting XML file	54	START	1498573521566	1498573521566
REQUEST	Ingesting XML file	54		LCM Ingest	1498573521567	1498573521715	OK	 
USER	Ingesting XML file	54	END	1498573521566	1498573521716
USER	Ingesting XML file	55	START	1498573522565	1498573522565
REQUEST	Ingesting XML file	55		LCM Ingest	1498573522565	1498573522716	OK	 
USER	Ingesting XML file	55	END	1498573522565	1498573522716
USER	Ingesting XML file	56	START	1498573523566	1498573523566
REQUEST	Ingesting XML file	56		LCM Ingest	1498573523567	1498573523690	OK	 
USER	Ingesting XML file	56	END	1498573523566	1498573523690
USER	Ingesting XML file	57	START	1498573524566	1498573524566
REQUEST	Ingesting XML file	57		LCM Ingest	1498573524567	1498573524692	OK	 
USER	Ingesting XML file	57	END	1498573524566	1498573524692
USER	Ingesting XML file	58	START	1498573525566	1498573525566
REQUEST	Ingesting XML file	58		LCM Ingest	1498573525566	1498573525694	OK	 
USER	Ingesting XML file	58	END	1498573525566	1498573525695
USER	Ingesting XML file	59	START	1498573526566	1498573526566
REQUEST	Ingesting XML file	59		LCM Ingest	1498573526566	1498573526692	OK	 
USER	Ingesting XML file	59	END	1498573526566	1498573526693
USER	Ingesting XML file	60	START	1498573527565	1498573527565
REQUEST	Ingesting XML file	60		LCM Ingest	1498573527566	1498573527691	OK	 
USER	Ingesting XML file	60	END	1498573527565	1498573527691
USER	Ingesting XML file	61	START	1498573528566	1498573528566
REQUEST	Ingesting XML file	61		LCM Ingest	1498573528566	1498573528694	OK	 
USER	Ingesting XML file	61	END	1498573528566	1498573528694
USER	Ingesting XML file	62	START	1498573529565	1498573529565
REQUEST	Ingesting XML file	62		LCM Ingest	1498573529566	1498573529697	OK	 
USER	Ingesting XML file	62	END	1498573529565	1498573529697
USER	Ingesting XML file	63	START	1498573530565	1498573530565
REQUEST	Ingesting XML file	63		LCM Ingest	1498573530565	1498573530695	OK	 
USER	Ingesting XML file	63	END	1498573530565	1498573530695
USER	Ingesting XML file	64	START	1498573531566	1498573531566
REQUEST	Ingesting XML file	64		LCM Ingest	1498573531567	1498573531694	OK	 
USER	Ingesting XML file	64	END	1498573531566	1498573531695
USER	Ingesting XML file	65	START	1498573532565	1498573532565
REQUEST	Ingesting XML file	65		LCM Ingest	1498573532565	1498573532713	OK	 
USER	Ingesting XML file	65	END	1498573532565	1498573532713
USER	Ingesting XML file	66	START	1498573533566	1498573533566
REQUEST	Ingesting XML file	66		LCM Ingest	1498573533566	1498573533690	OK	 
USER	Ingesting XML file	66	END	1498573533566	1498573533691
USER	Ingesting XML file	67	START	1498573534567	1498573534567
REQUEST	Ingesting XML file	67		LCM Ingest	1498573534567	1498573534695	OK	 
USER	Ingesting XML file	67	END	1498573534567	1498573534695
USER	Ingesting XML file	68	START	1498573535566	1498573535566
REQUEST	Ingesting XML file	68		LCM Ingest	1498573535566	1498573535691	OK	 
USER	Ingesting XML file	68	END	1498573535566	1498573535691
USER	Ingesting XML file	69	START	1498573536567	1498573536567
REQUEST	Ingesting XML file	69		LCM Ingest	1498573536567	1498573536691	OK	 
USER	Ingesting XML file	69	END	1498573536567	1498573536691
USER	Ingesting XML file	70	START	1498573537567	1498573537567
REQUEST	Ingesting XML file	70		LCM Ingest	1498573537567	1498573537698	OK	 
USER	Ingesting XML file	70	END	1498573537567	1498573537699
USER	Ingesting XML file	71	START	1498573538565	1498573538565
REQUEST	Ingesting XML file	71		LCM Ingest	1498573538565	1498573538688	OK	 
USER	Ingesting XML file	71	END	1498573538565	1498573538689
USER	Ingesting XML file	72	START	1498573539566	1498573539566
REQUEST	Ingesting XML file	72		LCM Ingest	1498573539566	1498573539691	OK	 
USER	Ingesting XML file	72	END	1498573539566	1498573539691
USER	Ingesting XML file	73	START	1498573540566	1498573540566
REQUEST	Ingesting XML file	73		LCM Ingest	1498573540567	1498573540696	OK	 
USER	Ingesting XML file	73	END	1498573540566	1498573540697
USER	Ingesting XML file	74	START	1498573541565	1498573541565
REQUEST	Ingesting XML file	74		LCM Ingest	1498573541565	1498573541691	OK	 
USER	Ingesting XML file	74	END	1498573541565	1498573541691
USER	Ingesting XML file	75	START	1498573542567	1498573542567
REQUEST	Ingesting XML file	75		LCM Ingest	1498573542567	1498573542692	OK	 
USER	Ingesting XML file	75	END	1498573542567	1498573542693
USER	Ingesting XML file	76	START	1498573543566	1498573543566
REQUEST	Ingesting XML file	76		LCM Ingest	1498573543567	1498573543715	OK	 
USER	Ingesting XML file	76	END	1498573543566	1498573543716
USER	Ingesting XML file	77	START	1498573544564	1498573544564
REQUEST	Ingesting XML file	77		LCM Ingest	1498573544565	1498573544693	OK	 
USER	Ingesting XML file	77	END	1498573544564	1498573544693
USER	Ingesting XML file	78	START	1498573545566	1498573545566
REQUEST	Ingesting XML file	78		LCM Ingest	1498573545566	1498573545691	OK	 
USER	Ingesting XML file	78	END	1498573545566	1498573545691
USER	Ingesting XML file	79	START	1498573546566	1498573546566
REQUEST	Ingesting XML file	79		LCM Ingest	1498573546566	1498573546711	OK	 
USER	Ingesting XML file	79	END	1498573546566	1498573546712
USER	Ingesting XML file	80	START	1498573547566	1498573547566
REQUEST	Ingesting XML file	80		LCM Ingest	1498573547566	1498573547690	OK	 
USER	Ingesting XML file	80	END	1498573547566	1498573547691
USER	Ingesting XML file	81	START	1498573548564	1498573548564
REQUEST	Ingesting XML file	81		LCM Ingest	1498573548564	1498573548691	OK	 
USER	Ingesting XML file	81	END	1498573548564	1498573548692
USER	Ingesting XML file	82	START	1498573549565	1498573549565
REQUEST	Ingesting XML file	82		LCM Ingest	1498573549566	1498573549697	OK	 
USER	Ingesting XML file	82	END	1498573549565	1498573549697
USER	Ingesting XML file	83	START	1498573550567	1498573550567
REQUEST	Ingesting XML file	83		LCM Ingest	1498573550567	1498573550693	OK	 
USER	Ingesting XML file	83	END	1498573550567	1498573550694
USER	Ingesting XML file	84	START	1498573551566	1498573551566
REQUEST	Ingesting XML file	84		LCM Ingest	1498573551566	1498573551692	OK	 
USER	Ingesting XML file	84	END	1498573551566	1498573551692
USER	Ingesting XML file	85	START	1498573552567	1498573552567
REQUEST	Ingesting XML file	85		LCM Ingest	1498573552567	1498573552696	OK	 
USER	Ingesting XML file	85	END	1498573552567	1498573552696
USER	Ingesting XML file	86	START	1498573553566	1498573553566
REQUEST	Ingesting XML file	86		LCM Ingest	1498573553566	1498573553711	OK	 
USER	Ingesting XML file	86	END	1498573553566	1498573553712
USER	Ingesting XML file	87	START	1498573554567	1498573554567
REQUEST	Ingesting XML file	87		LCM Ingest	1498573554567	1498573554697	OK	 
USER	Ingesting XML file	87	END	1498573554567	1498573554698
USER	Ingesting XML file	88	START	1498573555566	1498573555566
REQUEST	Ingesting XML file	88		LCM Ingest	1498573555566	1498573555688	OK	 
USER	Ingesting XML file	88	END	1498573555566	1498573555689
USER	Ingesting XML file	89	START	1498573556565	1498573556565
REQUEST	Ingesting XML file	89		LCM Ingest	1498573556566	1498573556692	OK	 
USER	Ingesting XML file	89	END	1498573556565	1498573556693
USER	Ingesting XML file	90	START	1498573557566	1498573557566
REQUEST	Ingesting XML file	90		LCM Ingest	1498573557566	1498573557714	OK	 
USER	Ingesting XML file	90	END	1498573557566	1498573557714
USER	Ingesting XML file	91	START	1498573558566	1498573558566
REQUEST	Ingesting XML file	91		LCM Ingest	1498573558566	1498573558716	OK	 
USER	Ingesting XML file	91	END	1498573558566	1498573558716
USER	Ingesting XML file	92	START	1498573559566	1498573559566
REQUEST	Ingesting XML file	92		LCM Ingest	1498573559566	1498573559692	OK	 
USER	Ingesting XML file	92	END	1498573559566	1498573559692
USER	Ingesting XML file	93	START	1498573560564	1498573560564
REQUEST	Ingesting XML file	93		LCM Ingest	1498573560565	1498573560692	OK	 
USER	Ingesting XML file	93	END	1498573560564	1498573560693
USER	Ingesting XML file	94	START	1498573561566	1498573561566
REQUEST	Ingesting XML file	94		LCM Ingest	1498573561567	1498573561693	OK	 
USER	Ingesting XML file	94	END	1498573561566	1498573561694
USER	Ingesting XML file	95	START	1498573562566	1498573562566
REQUEST	Ingesting XML file	95		LCM Ingest	1498573562566	1498573562692	OK	 
USER	Ingesting XML file	95	END	1498573562566	1498573562692
USER	Ingesting XML file	96	START	1498573563565	1498573563565
REQUEST	Ingesting XML file	96		LCM Ingest	1498573563565	1498573563697	OK	 
USER	Ingesting XML file	96	END	1498573563565	1498573563697
USER	Ingesting XML file	97	START	1498573564565	1498573564565
REQUEST	Ingesting XML file	97		LCM Ingest	1498573564565	1498573564697	OK	 
USER	Ingesting XML file	97	END	1498573564565	1498573564697
USER	Ingesting XML file	98	START	1498573565566	1498573565566
REQUEST	Ingesting XML file	98		LCM Ingest	1498573565567	1498573565689	OK	 
USER	Ingesting XML file	98	END	1498573565566	1498573565690
USER	Ingesting XML file	99	START	1498573566566	1498573566566
REQUEST	Ingesting XML file	99		LCM Ingest	1498573566567	1498573566689	OK	 
USER	Ingesting XML file	99	END	1498573566566	1498573566689
USER	Ingesting XML file	100	START	1498573567566	1498573567566
REQUEST	Ingesting XML file	100		LCM Ingest	1498573567567	1498573567695	OK	 
USER	Ingesting XML file	100	END	1498573567566	1498573567696
USER	Ingesting XML file	101	START	1498573568565	1498573568565
REQUEST	Ingesting XML file	101		LCM Ingest	1498573568565	1498573568687	OK	 
USER	Ingesting XML file	101	END	1498573568565	1498573568688
USER	Ingesting XML file	102	START	1498573569565	1498573569565
REQUEST	Ingesting XML file	102		LCM Ingest	1498573569565	1498573569690	OK	 
USER	Ingesting XML file	102	END	1498573569565	1498573569691
USER	Ingesting XML file	103	START	1498573570564	1498573570564
REQUEST	Ingesting XML file	103		LCM Ingest	1498573570564	1498573570692	OK	 
USER	Ingesting XML file	103	END	1498573570564	1498573570692
USER	Ingesting XML file	104	START	1498573571566	1498573571566
REQUEST	Ingesting XML file	104		LCM Ingest	1498573571566	1498573571693	OK	 
USER	Ingesting XML file	104	END	1498573571566	1498573571694
USER	Ingesting XML file	105	START	1498573572567	1498573572567
REQUEST	Ingesting XML file	105		LCM Ingest	1498573572567	1498573572698	OK	 
USER	Ingesting XML file	105	END	1498573572567	1498573572699
USER	Ingesting XML file	106	START	1498573573567	1498573573567
REQUEST	Ingesting XML file	106		LCM Ingest	1498573573567	1498573573693	OK	 
USER	Ingesting XML file	106	END	1498573573567	1498573573693
USER	Ingesting XML file	107	START	1498573574566	1498573574566
REQUEST	Ingesting XML file	107		LCM Ingest	1498573574566	1498573574715	OK	 
USER	Ingesting XML file	107	END	1498573574566	1498573574715
USER	Ingesting XML file	108	START	1498573575567	1498573575567
REQUEST	Ingesting XML file	108		LCM Ingest	1498573575567	1498573575694	OK	 
USER	Ingesting XML file	108	END	1498573575567	1498573575694
USER	Ingesting XML file	109	START	1498573576567	1498573576567
REQUEST	Ingesting XML file	109		LCM Ingest	1498573576567	1498573576699	OK	 
USER	Ingesting XML file	109	END	1498573576567	1498573576699
USER	Ingesting XML file	110	START	1498573577565	1498573577565
REQUEST	Ingesting XML file	110		LCM Ingest	1498573577565	1498573577690	OK	 
USER	Ingesting XML file	110	END	1498573577565	1498573577691
USER	Ingesting XML file	111	START	1498573578566	1498573578566
REQUEST	Ingesting XML file	111		LCM Ingest	1498573578566	1498573578697	OK	 
USER	Ingesting XML file	111	END	1498573578566	1498573578697
USER	Ingesting XML file	112	START	1498573579566	1498573579566
REQUEST	Ingesting XML file	112		LCM Ingest	1498573579567	1498573579694	OK	 
USER	Ingesting XML file	112	END	1498573579566	1498573579694
USER	Ingesting XML file	113	START	1498573580567	1498573580567
REQUEST	Ingesting XML file	113		LCM Ingest	1498573580567	1498573580715	OK	 
USER	Ingesting XML file	113	END	1498573580567	1498573580715
USER	Ingesting XML file	114	START	1498573581566	1498573581566
REQUEST	Ingesting XML file	114		LCM Ingest	1498573581566	1498573581690	OK	 
USER	Ingesting XML file	114	END	1498573581566	1498573581690
USER	Ingesting XML file	115	START	1498573582566	1498573582566
REQUEST	Ingesting XML file	115		LCM Ingest	1498573582566	1498573582691	OK	 
USER	Ingesting XML file	115	END	1498573582566	1498573582691
USER	Ingesting XML file	116	START	1498573583567	1498573583567
REQUEST	Ingesting XML file	116		LCM Ingest	1498573583567	1498573583714	OK	 
USER	Ingesting XML file	116	END	1498573583567	1498573583714
USER	Ingesting XML file	117	START	1498573584567	1498573584567
REQUEST	Ingesting XML file	117		LCM Ingest	1498573584567	1498573584697	OK	 
USER	Ingesting XML file	117	END	1498573584567	1498573584698
USER	Ingesting XML file	118	START	1498573585566	1498573585566
REQUEST	Ingesting XML file	118		LCM Ingest	1498573585566	1498573585713	OK	 
USER	Ingesting XML file	118	END	1498573585566	1498573585713
USER	Ingesting XML file	119	START	1498573586565	1498573586565
REQUEST	Ingesting XML file	119		LCM Ingest	1498573586565	1498573586691	OK	 
USER	Ingesting XML file	119	END	1498573586565	1498573586692
USER	Ingesting XML file	120	START	1498573587566	1498573587566
REQUEST	Ingesting XML file	120		LCM Ingest	1498573587566	1498573587694	OK	 
USER	Ingesting XML file	120	END	1498573587566	1498573587694
USER	Ingesting XML file	121	START	1498573588566	1498573588566
REQUEST	Ingesting XML file	121		LCM Ingest	1498573588567	1498573588690	OK	 
USER	Ingesting XML file	121	END	1498573588566	1498573588691
USER	Ingesting XML file	122	START	1498573589564	1498573589564
REQUEST	Ingesting XML file	122		LCM Ingest	1498573589565	1498573589691	OK	 
USER	Ingesting XML file	122	END	1498573589564	1498573589691
USER	Ingesting XML file	123	START	1498573590566	1498573590566
REQUEST	Ingesting XML file	123		LCM Ingest	1498573590567	1498573590692	OK	 
USER	Ingesting XML file	123	END	1498573590566	1498573590693
USER	Ingesting XML file	124	START	1498573591566	1498573591566
REQUEST	Ingesting XML file	124		LCM Ingest	1498573591566	1498573591702	OK	 
USER	Ingesting XML file	124	END	1498573591566	1498573591702
USER	Ingesting XML file	125	START	1498573592566	1498573592566
REQUEST	Ingesting XML file	125		LCM Ingest	1498573592567	1498573592715	OK	 
USER	Ingesting XML file	125	END	1498573592566	1498573592716
USER	Ingesting XML file	126	START	1498573593566	1498573593566
REQUEST	Ingesting XML file	126		LCM Ingest	1498573593566	1498573593689	OK	 
USER	Ingesting XML file	126	END	1498573593566	1498573593690
USER	Ingesting XML file	127	START	1498573594566	1498573594566
REQUEST	Ingesting XML file	127		LCM Ingest	1498573594566	1498573594695	OK	 
USER	Ingesting XML file	127	END	1498573594566	1498573594696
USER	Ingesting XML file	128	START	1498573595565	1498573595565
REQUEST	Ingesting XML file	128		LCM Ingest	1498573595566	1498573595690	OK	 
USER	Ingesting XML file	128	END	1498573595565	1498573595691
USER	Ingesting XML file	129	START	1498573596566	1498573596566
REQUEST	Ingesting XML file	129		LCM Ingest	1498573596566	1498573596690	OK	 
USER	Ingesting XML file	129	END	1498573596566	1498573596691
USER	Ingesting XML file	130	START	1498573597567	1498573597567
REQUEST	Ingesting XML file	130		LCM Ingest	1498573597567	1498573597694	OK	 
USER	Ingesting XML file	130	END	1498573597567	1498573597694
USER	Ingesting XML file	131	START	1498573598566	1498573598566
REQUEST	Ingesting XML file	131		LCM Ingest	1498573598567	1498573598712	OK	 
USER	Ingesting XML file	131	END	1498573598566	1498573598712
USER	Ingesting XML file	132	START	1498573599566	1498573599566
REQUEST	Ingesting XML file	132		LCM Ingest	1498573599567	1498573599693	OK	 
USER	Ingesting XML file	132	END	1498573599566	1498573599693
USER	Ingesting XML file	133	START	1498573600567	1498573600567
REQUEST	Ingesting XML file	133		LCM Ingest	1498573600567	1498573600718	OK	 
USER	Ingesting XML file	133	END	1498573600567	1498573600718
USER	Ingesting XML file	134	START	1498573601565	1498573601565
REQUEST	Ingesting XML file	134		LCM Ingest	1498573601566	1498573601691	OK	 
USER	Ingesting XML file	134	END	1498573601565	1498573601692
USER	Ingesting XML file	135	START	1498573602566	1498573602566
REQUEST	Ingesting XML file	135		LCM Ingest	1498573602566	1498573602714	OK	 
USER	Ingesting XML file	135	END	1498573602566	1498573602714
USER	Ingesting XML file	136	START	1498573603566	1498573603566
REQUEST	Ingesting XML file	136		LCM Ingest	1498573603566	1498573603712	OK	 
USER	Ingesting XML file	136	END	1498573603566	1498573603713
USER	Ingesting XML file	137	START	1498573604566	1498573604566
REQUEST	Ingesting XML file	137		LCM Ingest	1498573604566	1498573604707	OK	 
USER	Ingesting XML file	137	END	1498573604566	1498573604707
USER	Ingesting XML file	138	START	1498573605566	1498573605566
REQUEST	Ingesting XML file	138		LCM Ingest	1498573605567	1498573605695	OK	 
USER	Ingesting XML file	138	END	1498573605566	1498573605696
USER	Ingesting XML file	139	START	1498573606566	1498573606566
REQUEST	Ingesting XML file	139		LCM Ingest	1498573606566	1498573606693	OK	 
USER	Ingesting XML file	139	END	1498573606566	1498573606693
USER	Ingesting XML file	140	START	1498573607567	1498573607567
REQUEST	Ingesting XML file	140		LCM Ingest	1498573607568	1498573607700	OK	 
USER	Ingesting XML file	140	END	1498573607567	1498573607700
USER	Ingesting XML file	141	START	1498573608566	1498573608566
REQUEST	Ingesting XML file	141		LCM Ingest	1498573608566	1498573608691	OK	 
USER	Ingesting XML file	141	END	1498573608566	1498573608691
USER	Ingesting XML file	142	START	1498573609566	1498573609566
REQUEST	Ingesting XML file	142		LCM Ingest	1498573609566	1498573609691	OK	 
USER	Ingesting XML file	142	END	1498573609566	1498573609692
USER	Ingesting XML file	143	START	1498573610565	1498573610565
REQUEST	Ingesting XML file	143		LCM Ingest	1498573610565	1498573610690	OK	 
USER	Ingesting XML file	143	END	1498573610565	1498573610690
USER	Ingesting XML file	144	START	1498573611564	1498573611564
REQUEST	Ingesting XML file	144		LCM Ingest	1498573611564	1498573611691	OK	 
USER	Ingesting XML file	144	END	1498573611564	1498573611691
USER	Ingesting XML file	145	START	1498573612565	1498573612565
REQUEST	Ingesting XML file	145		LCM Ingest	1498573612565	1498573612691	OK	 
USER	Ingesting XML file	145	END	1498573612565	1498573612691
USER	Ingesting XML file	146	START	1498573613565	1498573613565
REQUEST	Ingesting XML file	146		LCM Ingest	1498573613566	1498573613694	OK	 
USER	Ingesting XML file	146	END	1498573613565	1498573613694
USER	Ingesting XML file	147	START	1498573614566	1498573614566
REQUEST	Ingesting XML file	147		LCM Ingest	1498573614566	1498573614694	OK	 
USER	Ingesting XML file	147	END	1498573614566	1498573614694
USER	Ingesting XML file	148	START	1498573615565	1498573615565
REQUEST	Ingesting XML file	148		LCM Ingest	1498573615565	1498573615690	OK	 
USER	Ingesting XML file	148	END	1498573615565	1498573615691
USER	Ingesting XML file	149	START	1498573616567	1498573616567
REQUEST	Ingesting XML file	149		LCM Ingest	1498573616567	1498573616689	OK	 
USER	Ingesting XML file	149	END	1498573616567	1498573616689
USER	Ingesting XML file	150	START	1498573617566	1498573617566
REQUEST	Ingesting XML file	150		LCM Ingest	1498573617566	1498573617699	OK	 
USER	Ingesting XML file	150	END	1498573617566	1498573617700
USER	Ingesting XML file	151	START	1498573618566	1498573618566
REQUEST	Ingesting XML file	151		LCM Ingest	1498573618567	1498573618693	OK	 
USER	Ingesting XML file	151	END	1498573618566	1498573618693
USER	Ingesting XML file	152	START	1498573619567	1498573619567
REQUEST	Ingesting XML file	152		LCM Ingest	1498573619567	1498573619697	OK	 
USER	Ingesting XML file	152	END	1498573619567	1498573619698
USER	Ingesting XML file	153	START	1498573620566	1498573620566
REQUEST	Ingesting XML file	153		LCM Ingest	1498573620566	1498573620693	OK	 
USER	Ingesting XML file	153	END	1498573620566	1498573620693
USER	Ingesting XML file	154	START	1498573621565	1498573621565
REQUEST	Ingesting XML file	154		LCM Ingest	1498573621565	1498573621693	OK	 
USER	Ingesting XML file	154	END	1498573621565	1498573621693
USER	Ingesting XML file	155	START	1498573622564	1498573622564
REQUEST	Ingesting XML file	155		LCM Ingest	1498573622564	1498573622693	OK	 
USER	Ingesting XML file	155	END	1498573622564	1498573622693
USER	Ingesting XML file	156	START	1498573623565	1498573623565
REQUEST	Ingesting XML file	156		LCM Ingest	1498573623565	1498573623689	OK	 
USER	Ingesting XML file	156	END	1498573623565	1498573623689
USER	Ingesting XML file	157	START	1498573624565	1498573624565
REQUEST	Ingesting XML file	157		LCM Ingest	1498573624565	1498573624694	OK	 
USER	Ingesting XML file	157	END	1498573624565	1498573624695
USER	Ingesting XML file	158	START	1498573625566	1498573625566
REQUEST	Ingesting XML file	158		LCM Ingest	1498573625567	1498573625690	OK	 
USER	Ingesting XML file	158	END	1498573625566	1498573625691
USER	Ingesting XML file	159	START	1498573626566	1498573626566
REQUEST	Ingesting XML file	159		LCM Ingest	1498573626566	1498573626715	OK	 
USER	Ingesting XML file	159	END	1498573626566	1498573626716
USER	Ingesting XML file	160	START	1498573627567	1498573627567
REQUEST	Ingesting XML file	160		LCM Ingest	1498573627567	1498573627693	OK	 
USER	Ingesting XML file	160	END	1498573627567	1498573627693
USER	Ingesting XML file	161	START	1498573628566	1498573628566
REQUEST	Ingesting XML file	161		LCM Ingest	1498573628566	1498573628691	OK	 
USER	Ingesting XML file	161	END	1498573628566	1498573628692
USER	Ingesting XML file	162	START	1498573629564	1498573629564
REQUEST	Ingesting XML file	162		LCM Ingest	1498573629565	1498573629690	OK	 
USER	Ingesting XML file	162	END	1498573629564	1498573629690
USER	Ingesting XML file	163	START	1498573630567	1498573630567
REQUEST	Ingesting XML file	163		LCM Ingest	1498573630567	1498573630694	OK	 
USER	Ingesting XML file	163	END	1498573630567	1498573630694
USER	Ingesting XML file	164	START	1498573631566	1498573631566
REQUEST	Ingesting XML file	164		LCM Ingest	1498573631567	1498573631694	OK	 
USER	Ingesting XML file	164	END	1498573631566	1498573631694
USER	Ingesting XML file	165	START	1498573632566	1498573632566
REQUEST	Ingesting XML file	165		LCM Ingest	1498573632566	1498573632712	OK	 
USER	Ingesting XML file	165	END	1498573632566	1498573632712
USER	Ingesting XML file	166	START	1498573633566	1498573633566
REQUEST	Ingesting XML file	166		LCM Ingest	1498573633567	1498573633693	OK	 
USER	Ingesting XML file	166	END	1498573633566	1498573633694
USER	Ingesting XML file	167	START	1498573634565	1498573634565
REQUEST	Ingesting XML file	167		LCM Ingest	1498573634565	1498573634691	OK	 
USER	Ingesting XML file	167	END	1498573634565	1498573634691
USER	Ingesting XML file	168	START	1498573635565	1498573635565
REQUEST	Ingesting XML file	168		LCM Ingest	1498573635565	1498573635690	OK	 
USER	Ingesting XML file	168	END	1498573635565	1498573635690
USER	Ingesting XML file	169	START	1498573636567	1498573636567
REQUEST	Ingesting XML file	169		LCM Ingest	1498573636568	1498573636693	OK	 
USER	Ingesting XML file	169	END	1498573636567	1498573636693
USER	Ingesting XML file	170	START	1498573637566	1498573637566
REQUEST	Ingesting XML file	170		LCM Ingest	1498573637567	1498573637692	OK	 
USER	Ingesting XML file	170	END	1498573637566	1498573637693
USER	Ingesting XML file	171	START	1498573638564	1498573638564
REQUEST	Ingesting XML file	171		LCM Ingest	1498573638564	1498573638693	OK	 
USER	Ingesting XML file	171	END	1498573638564	1498573638694
USER	Ingesting XML file	172	START	1498573639566	1498573639566
REQUEST	Ingesting XML file	172		LCM Ingest	1498573639566	1498573639696	OK	 
USER	Ingesting XML file	172	END	1498573639566	1498573639696
USER	Ingesting XML file	173	START	1498573640566	1498573640566
REQUEST	Ingesting XML file	173		LCM Ingest	1498573640567	1498573640714	OK	 
USER	Ingesting XML file	173	END	1498573640566	1498573640715
USER	Ingesting XML file	174	START	1498573641566	1498573641566
REQUEST	Ingesting XML file	174		LCM Ingest	1498573641566	1498573641714	OK	 
USER	Ingesting XML file	174	END	1498573641566	1498573641714
USER	Ingesting XML file	175	START	1498573642567	1498573642567
REQUEST	Ingesting XML file	175		LCM Ingest	1498573642567	1498573642694	OK	 
USER	Ingesting XML file	175	END	1498573642567	1498573642695
USER	Ingesting XML file	176	START	1498573643567	1498573643567
REQUEST	Ingesting XML file	176		LCM Ingest	1498573643567	1498573643691	OK	 
USER	Ingesting XML file	176	END	1498573643567	1498573643691
USER	Ingesting XML file	177	START	1498573644566	1498573644566
REQUEST	Ingesting XML file	177		LCM Ingest	1498573644566	1498573644697	OK	 
USER	Ingesting XML file	177	END	1498573644566	1498573644697
USER	Ingesting XML file	178	START	1498573645566	1498573645566
REQUEST	Ingesting XML file	178		LCM Ingest	1498573645566	1498573645693	OK	 
USER	Ingesting XML file	178	END	1498573645566	1498573645693
USER	Ingesting XML file	179	START	1498573646566	1498573646566
REQUEST	Ingesting XML file	179		LCM Ingest	1498573646566	1498573646691	OK	 
USER	Ingesting XML file	179	END	1498573646566	1498573646691
USER	Ingesting XML file	180	START	1498573647565	1498573647565
REQUEST	Ingesting XML file	180		LCM Ingest	1498573647565	1498573647692	OK	 
USER	Ingesting XML file	180	END	1498573647565	1498573647692
USER	Ingesting XML file	181	START	1498573648565	1498573648565
REQUEST	Ingesting XML file	181		LCM Ingest	1498573648565	1498573648709	OK	 
USER	Ingesting XML file	181	END	1498573648565	1498573648709
USER	Ingesting XML file	182	START	1498573649566	1498573649566
REQUEST	Ingesting XML file	182		LCM Ingest	1498573649566	1498573649689	OK	 
USER	Ingesting XML file	182	END	1498573649566	1498573649689
USER	Ingesting XML file	183	START	1498573650566	1498573650566
REQUEST	Ingesting XML file	183		LCM Ingest	1498573650566	1498573650689	OK	 
USER	Ingesting XML file	183	END	1498573650566	1498573650689
USER	Ingesting XML file	184	START	1498573651564	1498573651564
REQUEST	Ingesting XML file	184		LCM Ingest	1498573651564	1498573651688	OK	 
USER	Ingesting XML file	184	END	1498573651564	1498573651688
USER	Ingesting XML file	185	START	1498573652566	1498573652566
REQUEST	Ingesting XML file	185		LCM Ingest	1498573652567	1498573652691	OK	 
USER	Ingesting XML file	185	END	1498573652566	1498573652691
USER	Ingesting XML file	186	START	1498573653566	1498573653566
REQUEST	Ingesting XML file	186		LCM Ingest	1498573653567	1498573653692	OK	 
USER	Ingesting XML file	186	END	1498573653566	1498573653692
USER	Ingesting XML file	187	START	1498573654566	1498573654566
REQUEST	Ingesting XML file	187		LCM Ingest	1498573654567	1498573654744	OK	 
USER	Ingesting XML file	187	END	1498573654566	1498573654744
USER	Ingesting XML file	188	START	1498573655566	1498573655566
REQUEST	Ingesting XML file	188		LCM Ingest	1498573655567	1498573655690	OK	 
USER	Ingesting XML file	188	END	1498573655566	1498573655690
USER	Ingesting XML file	189	START	1498573656565	1498573656565
REQUEST	Ingesting XML file	189		LCM Ingest	1498573656565	1498573656711	OK	 
USER	Ingesting XML file	189	END	1498573656565	1498573656711
USER	Ingesting XML file	190	START	1498573657565	1498573657565
REQUEST	Ingesting XML file	190		LCM Ingest	1498573657565	1498573657690	OK	 
USER	Ingesting XML file	190	END	1498573657565	1498573657690
USER	Ingesting XML file	191	START	1498573658564	1498573658564
REQUEST	Ingesting XML file	191		LCM Ingest	1498573658565	1498573658692	OK	 
USER	Ingesting XML file	191	END	1498573658564	1498573658693
USER	Ingesting XML file	192	START	1498573659567	1498573659567
REQUEST	Ingesting XML file	192		LCM Ingest	1498573659567	1498573659693	OK	 
USER	Ingesting XML file	192	END	1498573659567	1498573659694
USER	Ingesting XML file	193	START	1498573660564	1498573660564
REQUEST	Ingesting XML file	193		LCM Ingest	1498573660564	1498573660699	OK	 
USER	Ingesting XML file	193	END	1498573660564	1498573660700
USER	Ingesting XML file	194	START	1498573661566	1498573661566
REQUEST	Ingesting XML file	194		LCM Ingest	1498573661566	1498573661692	OK	 
USER	Ingesting XML file	194	END	1498573661566	1498573661692
USER	Ingesting XML file	195	START	1498573662565	1498573662565
REQUEST	Ingesting XML file	195		LCM Ingest	1498573662566	1498573662718	OK	 
USER	Ingesting XML file	195	END	1498573662565	1498573662718
USER	Ingesting XML file	196	START	1498573663564	1498573663564
REQUEST	Ingesting XML file	196		LCM Ingest	1498573663564	1498573663711	OK	 
USER	Ingesting XML file	196	END	1498573663564	1498573663712
USER	Ingesting XML file	197	START	1498573664565	1498573664565
REQUEST	Ingesting XML file	197		LCM Ingest	1498573664565	1498573664693	OK	 
USER	Ingesting XML file	197	END	1498573664565	1498573664693
USER	Ingesting XML file	198	START	1498573665565	1498573665565
REQUEST	Ingesting XML file	198		LCM Ingest	1498573665565	1498573665717	OK	 
USER	Ingesting XML file	198	END	1498573665565	1498573665717
USER	Ingesting XML file	199	START	1498573666564	1498573666564
REQUEST	Ingesting XML file	199		LCM Ingest	1498573666565	1498573666686	OK	 
USER	Ingesting XML file	199	END	1498573666564	1498573666686
USER	Ingesting XML file	200	START	1498573667567	1498573667567
REQUEST	Ingesting XML file	200		LCM Ingest	1498573667567	1498573667691	OK	 
USER	Ingesting XML file	200	END	1498573667567	1498573667691
USER	Ingesting XML file	201	START	1498573668567	1498573668567
REQUEST	Ingesting XML file	201		LCM Ingest	1498573668567	1498573668691	OK	 
USER	Ingesting XML file	201	END	1498573668567	1498573668691
USER	Ingesting XML file	202	START	1498573669566	1498573669566
REQUEST	Ingesting XML file	202		LCM Ingest	1498573669567	1498573669692	OK	 
USER	Ingesting XML file	202	END	1498573669566	1498573669692
USER	Ingesting XML file	203	START	1498573670565	1498573670565
REQUEST	Ingesting XML file	203		LCM Ingest	1498573670565	1498573670689	OK	 
USER	Ingesting XML file	203	END	1498573670565	1498573670689
USER	Ingesting XML file	204	START	1498573671567	1498573671567
REQUEST	Ingesting XML file	204		LCM Ingest	1498573671567	1498573671709	OK	 
USER	Ingesting XML file	204	END	1498573671567	1498573671709
USER	Ingesting XML file	205	START	1498573672567	1498573672567
REQUEST	Ingesting XML file	205		LCM Ingest	1498573672567	1498573672691	OK	 
USER	Ingesting XML file	205	END	1498573672567	1498573672691
USER	Ingesting XML file	206	START	1498573673566	1498573673566
REQUEST	Ingesting XML file	206		LCM Ingest	1498573673566	1498573673689	OK	 
USER	Ingesting XML file	206	END	1498573673566	1498573673689
USER	Ingesting XML file	207	START	1498573674566	1498573674566
REQUEST	Ingesting XML file	207		LCM Ingest	1498573674566	1498573674699	OK	 
USER	Ingesting XML file	207	END	1498573674566	1498573674700
USER	Ingesting XML file	208	START	1498573675567	1498573675567
REQUEST	Ingesting XML file	208		LCM Ingest	1498573675567	1498573675691	OK	 
USER	Ingesting XML file	208	END	1498573675567	1498573675691
USER	Ingesting XML file	209	START	1498573676566	1498573676566
REQUEST	Ingesting XML file	209		LCM Ingest	1498573676566	1498573676694	OK	 
USER	Ingesting XML file	209	END	1498573676566	1498573676695
USER	Ingesting XML file	210	START	1498573677566	1498573677566
REQUEST	Ingesting XML file	210		LCM Ingest	1498573677566	1498573677693	OK	 
USER	Ingesting XML file	210	END	1498573677566	1498573677694
USER	Ingesting XML file	211	START	1498573678567	1498573678567
REQUEST	Ingesting XML file	211		LCM Ingest	1498573678567	1498573678689	OK	 
USER	Ingesting XML file	211	END	1498573678567	1498573678689
USER	Ingesting XML file	212	START	1498573679566	1498573679566
REQUEST	Ingesting XML file	212		LCM Ingest	1498573679566	1498573679690	OK	 
USER	Ingesting XML file	212	END	1498573679566	1498573679690
USER	Ingesting XML file	213	START	1498573680567	1498573680567
REQUEST	Ingesting XML file	213		LCM Ingest	1498573680567	1498573680695	OK	 
USER	Ingesting XML file	213	END	1498573680567	1498573680696
USER	Ingesting XML file	214	START	1498573681566	1498573681566
REQUEST	Ingesting XML file	214		LCM Ingest	1498573681567	1498573681695	OK	 
USER	Ingesting XML file	214	END	1498573681566	1498573681695
USER	Ingesting XML file	215	START	1498573682566	1498573682566
REQUEST	Ingesting XML file	215		LCM Ingest	1498573682566	1498573682703	OK	 
USER	Ingesting XML file	215	END	1498573682566	1498573682703
USER	Ingesting XML file	216	START	1498573683565	1498573683565
REQUEST	Ingesting XML file	216		LCM Ingest	1498573683566	1498573683690	OK	 
USER	Ingesting XML file	216	END	1498573683565	1498573683690
USER	Ingesting XML file	217	START	1498573684567	1498573684567
REQUEST	Ingesting XML file	217		LCM Ingest	1498573684567	1498573684700	OK	 
USER	Ingesting XML file	217	END	1498573684567	1498573684700
USER	Ingesting XML file	218	START	1498573685566	1498573685566
REQUEST	Ingesting XML file	218		LCM Ingest	1498573685567	1498573685691	OK	 
USER	Ingesting XML file	218	END	1498573685566	1498573685692
USER	Ingesting XML file	219	START	1498573686567	1498573686567
REQUEST	Ingesting XML file	219		LCM Ingest	1498573686567	1498573686698	OK	 
USER	Ingesting XML file	219	END	1498573686567	1498573686698
USER	Ingesting XML file	220	START	1498573687566	1498573687566
REQUEST	Ingesting XML file	220		LCM Ingest	1498573687567	1498573687691	OK	 
USER	Ingesting XML file	220	END	1498573687566	1498573687692
USER	Ingesting XML file	221	START	1498573688565	1498573688565
REQUEST	Ingesting XML file	221		LCM Ingest	1498573688566	1498573688693	OK	 
USER	Ingesting XML file	221	END	1498573688565	1498573688693
USER	Ingesting XML file	222	START	1498573689565	1498573689565
REQUEST	Ingesting XML file	222		LCM Ingest	1498573689565	1498573689692	OK	 
USER	Ingesting XML file	222	END	1498573689565	1498573689693
USER	Ingesting XML file	223	START	1498573690566	1498573690566
REQUEST	Ingesting XML file	223		LCM Ingest	1498573690566	1498573690695	OK	 
USER	Ingesting XML file	223	END	1498573690566	1498573690696
USER	Ingesting XML file	224	START	1498573691566	1498573691566
REQUEST	Ingesting XML file	224		LCM Ingest	1498573691567	1498573691705	OK	 
USER	Ingesting XML file	224	END	1498573691566	1498573691706
USER	Ingesting XML file	225	START	1498573692566	1498573692566
REQUEST	Ingesting XML file	225		LCM Ingest	1498573692566	1498573692692	OK	 
USER	Ingesting XML file	225	END	1498573692566	1498573692693
USER	Ingesting XML file	226	START	1498573693567	1498573693567
REQUEST	Ingesting XML file	226		LCM Ingest	1498573693567	1498573693693	OK	 
USER	Ingesting XML file	226	END	1498573693567	1498573693693
USER	Ingesting XML file	227	START	1498573694566	1498573694566
REQUEST	Ingesting XML file	227		LCM Ingest	1498573694566	1498573694694	OK	 
USER	Ingesting XML file	227	END	1498573694566	1498573694695
USER	Ingesting XML file	228	START	1498573695566	1498573695566
REQUEST	Ingesting XML file	228		LCM Ingest	1498573695566	1498573695695	OK	 
USER	Ingesting XML file	228	END	1498573695566	1498573695696
USER	Ingesting XML file	229	START	1498573696566	1498573696566
REQUEST	Ingesting XML file	229		LCM Ingest	1498573696567	1498573696693	OK	 
USER	Ingesting XML file	229	END	1498573696566	1498573696693
USER	Ingesting XML file	230	START	1498573697565	1498573697565
REQUEST	Ingesting XML file	230		LCM Ingest	1498573697566	1498573697689	OK	 
USER	Ingesting XML file	230	END	1498573697565	1498573697689
USER	Ingesting XML file	231	START	1498573698566	1498573698566
REQUEST	Ingesting XML file	231		LCM Ingest	1498573698566	1498573698691	OK	 
USER	Ingesting XML file	231	END	1498573698566	1498573698691
USER	Ingesting XML file	232	START	1498573699566	1498573699566
REQUEST	Ingesting XML file	232		LCM Ingest	1498573699566	1498573699693	OK	 
USER	Ingesting XML file	232	END	1498573699566	1498573699693
USER	Ingesting XML file	233	START	1498573700566	1498573700566
REQUEST	Ingesting XML file	233		LCM Ingest	1498573700566	1498573700690	OK	 
USER	Ingesting XML file	233	END	1498573700566	1498573700691
USER	Ingesting XML file	234	START	1498573701566	1498573701566
REQUEST	Ingesting XML file	234		LCM Ingest	1498573701567	1498573701695	OK	 
USER	Ingesting XML file	234	END	1498573701566	1498573701696
USER	Ingesting XML file	235	START	1498573702565	1498573702565
REQUEST	Ingesting XML file	235		LCM Ingest	1498573702565	1498573702711	OK	 
USER	Ingesting XML file	235	END	1498573702565	1498573702712
USER	Ingesting XML file	236	START	1498573703566	1498573703566
REQUEST	Ingesting XML file	236		LCM Ingest	1498573703567	1498573703694	OK	 
USER	Ingesting XML file	236	END	1498573703566	1498573703695
USER	Ingesting XML file	237	START	1498573704564	1498573704564
REQUEST	Ingesting XML file	237		LCM Ingest	1498573704565	1498573704690	OK	 
USER	Ingesting XML file	237	END	1498573704564	1498573704691
USER	Ingesting XML file	238	START	1498573705565	1498573705565
REQUEST	Ingesting XML file	238		LCM Ingest	1498573705565	1498573705710	OK	 
USER	Ingesting XML file	238	END	1498573705565	1498573705711
USER	Ingesting XML file	239	START	1498573706567	1498573706567
REQUEST	Ingesting XML file	239		LCM Ingest	1498573706567	1498573706691	OK	 
USER	Ingesting XML file	239	END	1498573706567	1498573706692
USER	Ingesting XML file	240	START	1498573707566	1498573707566
REQUEST	Ingesting XML file	240		LCM Ingest	1498573707567	1498573707713	OK	 
USER	Ingesting XML file	240	END	1498573707566	1498573707713
USER	Ingesting XML file	241	START	1498573708567	1498573708567
REQUEST	Ingesting XML file	241		LCM Ingest	1498573708567	1498573708692	OK	 
USER	Ingesting XML file	241	END	1498573708567	1498573708693
USER	Ingesting XML file	242	START	1498573709564	1498573709564
REQUEST	Ingesting XML file	242		LCM Ingest	1498573709565	1498573709690	OK	 
USER	Ingesting XML file	242	END	1498573709564	1498573709690
USER	Ingesting XML file	243	START	1498573710567	1498573710567
REQUEST	Ingesting XML file	243		LCM Ingest	1498573710567	1498573710689	OK	 
USER	Ingesting XML file	243	END	1498573710567	1498573710689
USER	Ingesting XML file	244	START	1498573711564	1498573711564
REQUEST	Ingesting XML file	244		LCM Ingest	1498573711565	1498573711689	OK	 
USER	Ingesting XML file	244	END	1498573711564	1498573711690
USER	Ingesting XML file	245	START	1498573712566	1498573712566
REQUEST	Ingesting XML file	245		LCM Ingest	1498573712566	1498573712717	OK	 
USER	Ingesting XML file	245	END	1498573712566	1498573712717
USER	Ingesting XML file	246	START	1498573713565	1498573713565
REQUEST	Ingesting XML file	246		LCM Ingest	1498573713565	1498573713691	OK	 
USER	Ingesting XML file	246	END	1498573713565	1498573713691
USER	Ingesting XML file	247	START	1498573714567	1498573714567
REQUEST	Ingesting XML file	247		LCM Ingest	1498573714567	1498573714698	OK	 
USER	Ingesting XML file	247	END	1498573714567	1498573714699
USER	Ingesting XML file	248	START	1498573715566	1498573715566
REQUEST	Ingesting XML file	248		LCM Ingest	1498573715566	1498573715690	OK	 
USER	Ingesting XML file	248	END	1498573715566	1498573715691
USER	Ingesting XML file	249	START	1498573716566	1498573716566
REQUEST	Ingesting XML file	249		LCM Ingest	1498573716567	1498573716690	OK	 
USER	Ingesting XML file	249	END	1498573716566	1498573716690
USER	Ingesting XML file	250	START	1498573717566	1498573717566
REQUEST	Ingesting XML file	250		LCM Ingest	1498573717567	1498573717714	OK	 
USER	Ingesting XML file	250	END	1498573717566	1498573717714
USER	Ingesting XML file	251	START	1498573718566	1498573718566
REQUEST	Ingesting XML file	251		LCM Ingest	1498573718566	1498573718689	OK	 
USER	Ingesting XML file	251	END	1498573718566	1498573718690
USER	Ingesting XML file	252	START	1498573719567	1498573719567
REQUEST	Ingesting XML file	252		LCM Ingest	1498573719567	1498573719692	OK	 
USER	Ingesting XML file	252	END	1498573719567	1498573719692
USER	Ingesting XML file	253	START	1498573720565	1498573720565
REQUEST	Ingesting XML file	253		LCM Ingest	1498573720565	1498573720690	OK	 
USER	Ingesting XML file	253	END	1498573720565	1498573720690
USER	Ingesting XML file	254	START	1498573721567	1498573721567
REQUEST	Ingesting XML file	254		LCM Ingest	1498573721567	1498573721691	OK	 
USER	Ingesting XML file	254	END	1498573721567	1498573721691
USER	Ingesting XML file	255	START	1498573722566	1498573722566
REQUEST	Ingesting XML file	255		LCM Ingest	1498573722567	1498573722693	OK	 
USER	Ingesting XML file	255	END	1498573722566	1498573722693
USER	Ingesting XML file	256	START	1498573723564	1498573723564
REQUEST	Ingesting XML file	256		LCM Ingest	1498573723565	1498573723690	OK	 
USER	Ingesting XML file	256	END	1498573723564	1498573723690
USER	Ingesting XML file	257	START	1498573724565	1498573724565
REQUEST	Ingesting XML file	257		LCM Ingest	1498573724566	1498573724701	OK	 
USER	Ingesting XML file	257	END	1498573724565	1498573724701
USER	Ingesting XML file	258	START	1498573725566	1498573725566
REQUEST	Ingesting XML file	258		LCM Ingest	1498573725567	1498573725694	OK	 
USER	Ingesting XML file	258	END	1498573725566	1498573725694
USER	Ingesting XML file	259	START	1498573726567	1498573726567
REQUEST	Ingesting XML file	259		LCM Ingest	1498573726567	1498573726694	OK	 
USER	Ingesting XML file	259	END	1498573726567	1498573726694
USER	Ingesting XML file	260	START	1498573727566	1498573727566
REQUEST	Ingesting XML file	260		LCM Ingest	1498573727567	1498573727691	OK	 
USER	Ingesting XML file	260	END	1498573727566	1498573727691
USER	Ingesting XML file	261	START	1498573728566	1498573728566
REQUEST	Ingesting XML file	261		LCM Ingest	1498573728566	1498573728692	OK	 
USER	Ingesting XML file	261	END	1498573728566	1498573728692
USER	Ingesting XML file	262	START	1498573729567	1498573729567
REQUEST	Ingesting XML file	262		LCM Ingest	1498573729567	1498573729693	OK	 
USER	Ingesting XML file	262	END	1498573729567	1498573729693
USER	Ingesting XML file	263	START	1498573730567	1498573730567
REQUEST	Ingesting XML file	263		LCM Ingest	1498573730567	1498573730716	OK	 
USER	Ingesting XML file	263	END	1498573730567	1498573730716
USER	Ingesting XML file	264	START	1498573731567	1498573731567
REQUEST	Ingesting XML file	264		LCM Ingest	1498573731567	1498573731692	OK	 
USER	Ingesting XML file	264	END	1498573731567	1498573731693
USER	Ingesting XML file	265	START	1498573732566	1498573732566
REQUEST	Ingesting XML file	265		LCM Ingest	1498573732567	1498573732713	OK	 
USER	Ingesting XML file	265	END	1498573732566	1498573732714
USER	Ingesting XML file	266	START	1498573733566	1498573733566
REQUEST	Ingesting XML file	266		LCM Ingest	1498573733567	1498573733700	OK	 
USER	Ingesting XML file	266	END	1498573733566	1498573733700
USER	Ingesting XML file	267	START	1498573734565	1498573734565
REQUEST	Ingesting XML file	267		LCM Ingest	1498573734565	1498573734695	OK	 
USER	Ingesting XML file	267	END	1498573734565	1498573734695
USER	Ingesting XML file	268	START	1498573735567	1498573735567
REQUEST	Ingesting XML file	268		LCM Ingest	1498573735567	1498573735696	OK	 
USER	Ingesting XML file	268	END	1498573735567	1498573735696
USER	Ingesting XML file	269	START	1498573736565	1498573736565
REQUEST	Ingesting XML file	269		LCM Ingest	1498573736565	1498573736691	OK	 
USER	Ingesting XML file	269	END	1498573736565	1498573736692
USER	Ingesting XML file	270	START	1498573737565	1498573737565
REQUEST	Ingesting XML file	270		LCM Ingest	1498573737566	1498573737691	OK	 
USER	Ingesting XML file	270	END	1498573737565	1498573737691
USER	Ingesting XML file	271	START	1498573738565	1498573738565
REQUEST	Ingesting XML file	271		LCM Ingest	1498573738565	1498573738692	OK	 
USER	Ingesting XML file	271	END	1498573738565	1498573738692
USER	Ingesting XML file	272	START	1498573739566	1498573739566
REQUEST	Ingesting XML file	272		LCM Ingest	1498573739566	1498573739691	OK	 
USER	Ingesting XML file	272	END	1498573739566	1498573739692
USER	Ingesting XML file	273	START	1498573740566	1498573740566
REQUEST	Ingesting XML file	273		LCM Ingest	1498573740566	1498573740695	OK	 
USER	Ingesting XML file	273	END	1498573740566	1498573740695
USER	Ingesting XML file	274	START	1498573741566	1498573741566
REQUEST	Ingesting XML file	274		LCM Ingest	1498573741567	1498573741689	OK	 
USER	Ingesting XML file	274	END	1498573741566	1498573741689
USER	Ingesting XML file	275	START	1498573742566	1498573742566
REQUEST	Ingesting XML file	275		LCM Ingest	1498573742567	1498573742691	OK	 
USER	Ingesting XML file	275	END	1498573742566	1498573742692
USER	Ingesting XML file	276	START	1498573743567	1498573743567
REQUEST	Ingesting XML file	276		LCM Ingest	1498573743567	1498573743690	OK	 
USER	Ingesting XML file	276	END	1498573743567	1498573743690
USER	Ingesting XML file	277	START	1498573744565	1498573744565
REQUEST	Ingesting XML file	277		LCM Ingest	1498573744565	1498573744689	OK	 
USER	Ingesting XML file	277	END	1498573744565	1498573744689
USER	Ingesting XML file	278	START	1498573745565	1498573745565
REQUEST	Ingesting XML file	278		LCM Ingest	1498573745566	1498573745693	OK	 
USER	Ingesting XML file	278	END	1498573745565	1498573745693
USER	Ingesting XML file	279	START	1498573746566	1498573746566
REQUEST	Ingesting XML file	279		LCM Ingest	1498573746566	1498573746694	OK	 
USER	Ingesting XML file	279	END	1498573746566	1498573746694
USER	Ingesting XML file	280	START	1498573747566	1498573747566
REQUEST	Ingesting XML file	280		LCM Ingest	1498573747566	1498573747690	OK	 
USER	Ingesting XML file	280	END	1498573747566	1498573747691
USER	Ingesting XML file	281	START	1498573748566	1498573748566
REQUEST	Ingesting XML file	281		LCM Ingest	1498573748566	1498573748689	OK	 
USER	Ingesting XML file	281	END	1498573748566	1498573748689
USER	Ingesting XML file	282	START	1498573749567	1498573749567
REQUEST	Ingesting XML file	282		LCM Ingest	1498573749567	1498573749712	OK	 
USER	Ingesting XML file	282	END	1498573749567	1498573749713
USER	Ingesting XML file	283	START	1498573750565	1498573750565
REQUEST	Ingesting XML file	283		LCM Ingest	1498573750565	1498573750688	OK	 
USER	Ingesting XML file	283	END	1498573750565	1498573750688
USER	Ingesting XML file	284	START	1498573751567	1498573751567
REQUEST	Ingesting XML file	284		LCM Ingest	1498573751568	1498573751695	OK	 
USER	Ingesting XML file	284	END	1498573751567	1498573751696
USER	Ingesting XML file	285	START	1498573752567	1498573752567
REQUEST	Ingesting XML file	285		LCM Ingest	1498573752567	1498573752691	OK	 
USER	Ingesting XML file	285	END	1498573752567	1498573752691
USER	Ingesting XML file	286	START	1498573753566	1498573753566
REQUEST	Ingesting XML file	286		LCM Ingest	1498573753566	1498573753717	OK	 
USER	Ingesting XML file	286	END	1498573753566	1498573753717
USER	Ingesting XML file	287	START	1498573754566	1498573754566
REQUEST	Ingesting XML file	287		LCM Ingest	1498573754566	1498573754690	OK	 
USER	Ingesting XML file	287	END	1498573754566	1498573754691
USER	Ingesting XML file	288	START	1498573755566	1498573755566
REQUEST	Ingesting XML file	288		LCM Ingest	1498573755567	1498573755712	OK	 
USER	Ingesting XML file	288	END	1498573755566	1498573755712
USER	Ingesting XML file	289	START	1498573756566	1498573756566
REQUEST	Ingesting XML file	289		LCM Ingest	1498573756566	1498573756690	OK	 
USER	Ingesting XML file	289	END	1498573756566	1498573756691
USER	Ingesting XML file	290	START	1498573757566	1498573757566
REQUEST	Ingesting XML file	290		LCM Ingest	1498573757567	1498573757712	OK	 
USER	Ingesting XML file	290	END	1498573757566	1498573757713
USER	Ingesting XML file	291	START	1498573758566	1498573758566
REQUEST	Ingesting XML file	291		LCM Ingest	1498573758566	1498573758688	OK	 
USER	Ingesting XML file	291	END	1498573758566	1498573758689
USER	Ingesting XML file	292	START	1498573759567	1498573759567
REQUEST	Ingesting XML file	292		LCM Ingest	1498573759567	1498573759690	OK	 
USER	Ingesting XML file	292	END	1498573759567	1498573759691
USER	Ingesting XML file	293	START	1498573760566	1498573760566
REQUEST	Ingesting XML file	293		LCM Ingest	1498573760567	1498573760692	OK	 
USER	Ingesting XML file	293	END	1498573760566	1498573760693
USER	Ingesting XML file	294	START	1498573761565	1498573761565
REQUEST	Ingesting XML file	294		LCM Ingest	1498573761565	1498573761687	OK	 
USER	Ingesting XML file	294	END	1498573761565	1498573761688
USER	Ingesting XML file	295	START	1498573762564	1498573762564
REQUEST	Ingesting XML file	295		LCM Ingest	1498573762564	1498573762710	OK	 
USER	Ingesting XML file	295	END	1498573762564	1498573762711
USER	Ingesting XML file	296	START	1498573763565	1498573763565
REQUEST	Ingesting XML file	296		LCM Ingest	1498573763566	1498573763690	OK	 
USER	Ingesting XML file	296	END	1498573763565	1498573763691
USER	Ingesting XML file	297	START	1498573764564	1498573764564
REQUEST	Ingesting XML file	297		LCM Ingest	1498573764565	1498573764689	OK	 
USER	Ingesting XML file	297	END	1498573764564	1498573764689
USER	Ingesting XML file	298	START	1498573765565	1498573765565
REQUEST	Ingesting XML file	298		LCM Ingest	1498573765566	1498573765689	OK	 
USER	Ingesting XML file	298	END	1498573765565	1498573765689
USER	Ingesting XML file	299	START	1498573766566	1498573766566
REQUEST	Ingesting XML file	299		LCM Ingest	1498573766566	1498573766691	OK	 
USER	Ingesting XML file	299	END	1498573766566	1498573766691
USER	Ingesting XML file	300	START	1498573767567	1498573767567
REQUEST	Ingesting XML file	300		LCM Ingest	1498573767567	1498573767694	OK	 
USER	Ingesting XML file	300	END	1498573767567	1498573767694
USER	Ingesting XML file	301	START	1498573768566	1498573768566
REQUEST	Ingesting XML file	301		LCM Ingest	1498573768567	1498573768695	OK	 
USER	Ingesting XML file	301	END	1498573768566	1498573768696
