RUN	sky.LcmIngest		lcmingest	1498573978113	 	2.0
USER	Ingesting XML file	1	START	1498573978660	1498573978660
REQUEST	Ingesting XML file	1		LCM Ingest	1498573978696	1498573978831	OK	 
USER	Ingesting XML file	1	END	1498573978660	1498573978856
USER	Ingesting XML file	2	START	1498573979716	1498573979716
REQUEST	Ingesting XML file	2		LCM Ingest	1498573979717	1498573979843	OK	 
USER	Ingesting XML file	2	END	1498573979716	1498573979843
USER	Ingesting XML file	3	START	1498573980716	1498573980716
REQUEST	Ingesting XML file	3		LCM Ingest	1498573980717	1498573980864	OK	 
USER	Ingesting XML file	3	END	1498573980716	1498573980864
USER	Ingesting XML file	4	START	1498573981677	1498573981677
REQUEST	Ingesting XML file	4		LCM Ingest	1498573981677	1498573981807	OK	 
USER	Ingesting XML file	4	END	1498573981677	1498573981807
USER	Ingesting XML file	5	START	1498573982676	1498573982676
REQUEST	Ingesting XML file	5		LCM Ingest	1498573982676	1498573982799	OK	 
USER	Ingesting XML file	5	END	1498573982676	1498573982800
USER	Ingesting XML file	6	START	1498573983676	1498573983676
REQUEST	Ingesting XML file	6		LCM Ingest	1498573983677	1498573983828	OK	 
USER	Ingesting XML file	6	END	1498573983676	1498573983829
USER	Ingesting XML file	7	START	1498573984675	1498573984675
REQUEST	Ingesting XML file	7		LCM Ingest	1498573984675	1498573984802	OK	 
USER	Ingesting XML file	7	END	1498573984675	1498573984802
USER	Ingesting XML file	8	START	1498573985677	1498573985677
REQUEST	Ingesting XML file	8		LCM Ingest	1498573985677	1498573985804	OK	 
USER	Ingesting XML file	8	END	1498573985677	1498573985805
USER	Ingesting XML file	9	START	1498573986676	1498573986676
REQUEST	Ingesting XML file	9		LCM Ingest	1498573986676	1498573986801	OK	 
USER	Ingesting XML file	9	END	1498573986676	1498573986801
USER	Ingesting XML file	10	START	1498573987676	1498573987676
REQUEST	Ingesting XML file	10		LCM Ingest	1498573987677	1498573987801	OK	 
USER	Ingesting XML file	10	END	1498573987676	1498573987802
USER	Ingesting XML file	11	START	1498573988677	1498573988677
REQUEST	Ingesting XML file	11		LCM Ingest	1498573988678	1498573988825	OK	 
USER	Ingesting XML file	11	END	1498573988677	1498573988826
USER	Ingesting XML file	12	START	1498573989675	1498573989675
REQUEST	Ingesting XML file	12		LCM Ingest	1498573989676	1498573989803	OK	 
USER	Ingesting XML file	12	END	1498573989675	1498573989803
USER	Ingesting XML file	13	START	1498573990676	1498573990676
REQUEST	Ingesting XML file	13		LCM Ingest	1498573990677	1498573990804	OK	 
USER	Ingesting XML file	13	END	1498573990676	1498573990804
USER	Ingesting XML file	14	START	1498573991677	1498573991677
REQUEST	Ingesting XML file	14		LCM Ingest	1498573991677	1498573991805	OK	 
USER	Ingesting XML file	14	END	1498573991677	1498573991806
USER	Ingesting XML file	15	START	1498573992676	1498573992676
REQUEST	Ingesting XML file	15		LCM Ingest	1498573992677	1498573992802	OK	 
USER	Ingesting XML file	15	END	1498573992676	1498573992803
USER	Ingesting XML file	16	START	1498573993677	1498573993677
REQUEST	Ingesting XML file	16		LCM Ingest	1498573993678	1498573993803	OK	 
USER	Ingesting XML file	16	END	1498573993677	1498573993804
USER	Ingesting XML file	17	START	1498573994677	1498573994677
REQUEST	Ingesting XML file	17		LCM Ingest	1498573994677	1498573994801	OK	 
USER	Ingesting XML file	17	END	1498573994677	1498573994802
USER	Ingesting XML file	18	START	1498573995676	1498573995676
REQUEST	Ingesting XML file	18		LCM Ingest	1498573995677	1498573995803	OK	 
USER	Ingesting XML file	18	END	1498573995676	1498573995804
USER	Ingesting XML file	19	START	1498573996676	1498573996676
REQUEST	Ingesting XML file	19		LCM Ingest	1498573996677	1498573996802	OK	 
USER	Ingesting XML file	19	END	1498573996676	1498573996802
USER	Ingesting XML file	20	START	1498573997675	1498573997675
REQUEST	Ingesting XML file	20		LCM Ingest	1498573997675	1498573997800	OK	 
USER	Ingesting XML file	20	END	1498573997675	1498573997800
USER	Ingesting XML file	21	START	1498573998677	1498573998677
REQUEST	Ingesting XML file	21		LCM Ingest	1498573998678	1498573998808	OK	 
USER	Ingesting XML file	21	END	1498573998677	1498573998809
USER	Ingesting XML file	22	START	1498573999677	1498573999677
REQUEST	Ingesting XML file	22		LCM Ingest	1498573999677	1498573999803	OK	 
USER	Ingesting XML file	22	END	1498573999677	1498573999803
USER	Ingesting XML file	23	START	1498574000677	1498574000677
REQUEST	Ingesting XML file	23		LCM Ingest	1498574000678	1498574000802	OK	 
USER	Ingesting XML file	23	END	1498574000677	1498574000802
USER	Ingesting XML file	24	START	1498574001676	1498574001676
REQUEST	Ingesting XML file	24		LCM Ingest	1498574001677	1498574001810	OK	 
USER	Ingesting XML file	24	END	1498574001676	1498574001810
USER	Ingesting XML file	25	START	1498574002677	1498574002677
REQUEST	Ingesting XML file	25		LCM Ingest	1498574002677	1498574002802	OK	 
USER	Ingesting XML file	25	END	1498574002677	1498574002803
USER	Ingesting XML file	26	START	1498574003677	1498574003677
REQUEST	Ingesting XML file	26		LCM Ingest	1498574003677	1498574003802	OK	 
USER	Ingesting XML file	26	END	1498574003677	1498574003803
USER	Ingesting XML file	27	START	1498574004677	1498574004677
REQUEST	Ingesting XML file	27		LCM Ingest	1498574004677	1498574004801	OK	 
USER	Ingesting XML file	27	END	1498574004677	1498574004802
USER	Ingesting XML file	28	START	1498574005677	1498574005677
REQUEST	Ingesting XML file	28		LCM Ingest	1498574005678	1498574005803	OK	 
USER	Ingesting XML file	28	END	1498574005677	1498574005804
USER	Ingesting XML file	29	START	1498574006676	1498574006676
REQUEST	Ingesting XML file	29		LCM Ingest	1498574006676	1498574006805	OK	 
USER	Ingesting XML file	29	END	1498574006676	1498574006805
USER	Ingesting XML file	30	START	1498574007677	1498574007677
REQUEST	Ingesting XML file	30		LCM Ingest	1498574007677	1498574007805	OK	 
USER	Ingesting XML file	30	END	1498574007677	1498574007805
USER	Ingesting XML file	31	START	1498574008678	1498574008678
REQUEST	Ingesting XML file	31		LCM Ingest	1498574008678	1498574008801	OK	 
USER	Ingesting XML file	31	END	1498574008678	1498574008801
USER	Ingesting XML file	32	START	1498574009676	1498574009676
REQUEST	Ingesting XML file	32		LCM Ingest	1498574009677	1498574009802	OK	 
USER	Ingesting XML file	32	END	1498574009676	1498574009802
USER	Ingesting XML file	33	START	1498574010675	1498574010675
REQUEST	Ingesting XML file	33		LCM Ingest	1498574010675	1498574010800	OK	 
USER	Ingesting XML file	33	END	1498574010675	1498574010800
USER	Ingesting XML file	34	START	1498574011675	1498574011675
REQUEST	Ingesting XML file	34		LCM Ingest	1498574011676	1498574011799	OK	 
USER	Ingesting XML file	34	END	1498574011675	1498574011799
USER	Ingesting XML file	35	START	1498574012675	1498574012675
REQUEST	Ingesting XML file	35		LCM Ingest	1498574012675	1498574012805	OK	 
USER	Ingesting XML file	35	END	1498574012675	1498574012806
USER	Ingesting XML file	36	START	1498574013677	1498574013677
REQUEST	Ingesting XML file	36		LCM Ingest	1498574013678	1498574013803	OK	 
USER	Ingesting XML file	36	END	1498574013677	1498574013803
USER	Ingesting XML file	37	START	1498574014678	1498574014678
REQUEST	Ingesting XML file	37		LCM Ingest	1498574014678	1498574014827	OK	 
USER	Ingesting XML file	37	END	1498574014678	1498574014827
USER	Ingesting XML file	38	START	1498574015677	1498574015677
REQUEST	Ingesting XML file	38		LCM Ingest	1498574015677	1498574015804	OK	 
USER	Ingesting XML file	38	END	1498574015677	1498574015805
USER	Ingesting XML file	39	START	1498574016677	1498574016677
REQUEST	Ingesting XML file	39		LCM Ingest	1498574016677	1498574016805	OK	 
USER	Ingesting XML file	39	END	1498574016677	1498574016806
USER	Ingesting XML file	40	START	1498574017676	1498574017676
REQUEST	Ingesting XML file	40		LCM Ingest	1498574017677	1498574017801	OK	 
USER	Ingesting XML file	40	END	1498574017676	1498574017801
USER	Ingesting XML file	41	START	1498574018677	1498574018677
REQUEST	Ingesting XML file	41		LCM Ingest	1498574018677	1498574018804	OK	 
USER	Ingesting XML file	41	END	1498574018677	1498574018804
USER	Ingesting XML file	42	START	1498574019676	1498574019676
REQUEST	Ingesting XML file	42		LCM Ingest	1498574019677	1498574019799	OK	 
USER	Ingesting XML file	42	END	1498574019676	1498574019799
USER	Ingesting XML file	43	START	1498574020676	1498574020676
REQUEST	Ingesting XML file	43		LCM Ingest	1498574020677	1498574020805	OK	 
USER	Ingesting XML file	43	END	1498574020676	1498574020806
USER	Ingesting XML file	44	START	1498574021676	1498574021676
REQUEST	Ingesting XML file	44		LCM Ingest	1498574021677	1498574021800	OK	 
USER	Ingesting XML file	44	END	1498574021676	1498574021801
USER	Ingesting XML file	45	START	1498574022676	1498574022676
REQUEST	Ingesting XML file	45		LCM Ingest	1498574022677	1498574022801	OK	 
USER	Ingesting XML file	45	END	1498574022676	1498574022802
USER	Ingesting XML file	46	START	1498574023675	1498574023675
REQUEST	Ingesting XML file	46		LCM Ingest	1498574023676	1498574023800	OK	 
USER	Ingesting XML file	46	END	1498574023675	1498574023800
USER	Ingesting XML file	47	START	1498574024676	1498574024676
REQUEST	Ingesting XML file	47		LCM Ingest	1498574024676	1498574024799	OK	 
USER	Ingesting XML file	47	END	1498574024676	1498574024799
USER	Ingesting XML file	48	START	1498574025668	1498574025668
REQUEST	Ingesting XML file	48		LCM Ingest	1498574025668	1498574025791	OK	 
USER	Ingesting XML file	48	END	1498574025668	1498574025792
USER	Ingesting XML file	49	START	1498574026676	1498574026676
REQUEST	Ingesting XML file	49		LCM Ingest	1498574026676	1498574026801	OK	 
USER	Ingesting XML file	49	END	1498574026676	1498574026801
USER	Ingesting XML file	50	START	1498574027675	1498574027675
REQUEST	Ingesting XML file	50		LCM Ingest	1498574027675	1498574027799	OK	 
USER	Ingesting XML file	50	END	1498574027675	1498574027800
USER	Ingesting XML file	51	START	1498574028676	1498574028676
REQUEST	Ingesting XML file	51		LCM Ingest	1498574028677	1498574028802	OK	 
USER	Ingesting XML file	51	END	1498574028676	1498574028802
USER	Ingesting XML file	52	START	1498574029675	1498574029675
REQUEST	Ingesting XML file	52		LCM Ingest	1498574029675	1498574029801	OK	 
USER	Ingesting XML file	52	END	1498574029675	1498574029802
USER	Ingesting XML file	53	START	1498574030675	1498574030675
REQUEST	Ingesting XML file	53		LCM Ingest	1498574030676	1498574030799	OK	 
USER	Ingesting XML file	53	END	1498574030675	1498574030800
USER	Ingesting XML file	54	START	1498574031676	1498574031676
REQUEST	Ingesting XML file	54		LCM Ingest	1498574031676	1498574031830	OK	 
USER	Ingesting XML file	54	END	1498574031676	1498574031831
USER	Ingesting XML file	55	START	1498574032677	1498574032677
REQUEST	Ingesting XML file	55		LCM Ingest	1498574032677	1498574032802	OK	 
USER	Ingesting XML file	55	END	1498574032677	1498574032803
USER	Ingesting XML file	56	START	1498574033676	1498574033676
REQUEST	Ingesting XML file	56		LCM Ingest	1498574033677	1498574033799	OK	 
USER	Ingesting XML file	56	END	1498574033676	1498574033799
USER	Ingesting XML file	57	START	1498574034676	1498574034676
REQUEST	Ingesting XML file	57		LCM Ingest	1498574034676	1498574034800	OK	 
USER	Ingesting XML file	57	END	1498574034676	1498574034801
USER	Ingesting XML file	58	START	1498574035675	1498574035675
REQUEST	Ingesting XML file	58		LCM Ingest	1498574035675	1498574035800	OK	 
USER	Ingesting XML file	58	END	1498574035675	1498574035801
USER	Ingesting XML file	59	START	1498574036676	1498574036676
REQUEST	Ingesting XML file	59		LCM Ingest	1498574036677	1498574036823	OK	 
USER	Ingesting XML file	59	END	1498574036676	1498574036823
USER	Ingesting XML file	60	START	1498574037676	1498574037676
REQUEST	Ingesting XML file	60		LCM Ingest	1498574037677	1498574037806	OK	 
USER	Ingesting XML file	60	END	1498574037676	1498574037807
USER	Ingesting XML file	61	START	1498574038675	1498574038675
REQUEST	Ingesting XML file	61		LCM Ingest	1498574038675	1498574038803	OK	 
USER	Ingesting XML file	61	END	1498574038675	1498574038803
USER	Ingesting XML file	62	START	1498574039675	1498574039675
REQUEST	Ingesting XML file	62		LCM Ingest	1498574039675	1498574039802	OK	 
USER	Ingesting XML file	62	END	1498574039675	1498574039803
USER	Ingesting XML file	63	START	1498574040676	1498574040676
REQUEST	Ingesting XML file	63		LCM Ingest	1498574040677	1498574040806	OK	 
USER	Ingesting XML file	63	END	1498574040676	1498574040807
USER	Ingesting XML file	64	START	1498574041675	1498574041675
REQUEST	Ingesting XML file	64		LCM Ingest	1498574041675	1498574041819	OK	 
USER	Ingesting XML file	64	END	1498574041675	1498574041820
USER	Ingesting XML file	65	START	1498574042677	1498574042677
REQUEST	Ingesting XML file	65		LCM Ingest	1498574042678	1498574042805	OK	 
USER	Ingesting XML file	65	END	1498574042677	1498574042805
USER	Ingesting XML file	66	START	1498574043676	1498574043676
REQUEST	Ingesting XML file	66		LCM Ingest	1498574043676	1498574043823	OK	 
USER	Ingesting XML file	66	END	1498574043676	1498574043824
USER	Ingesting XML file	67	START	1498574044676	1498574044676
REQUEST	Ingesting XML file	67		LCM Ingest	1498574044677	1498574044801	OK	 
USER	Ingesting XML file	67	END	1498574044676	1498574044802
USER	Ingesting XML file	68	START	1498574045677	1498574045677
REQUEST	Ingesting XML file	68		LCM Ingest	1498574045678	1498574045802	OK	 
USER	Ingesting XML file	68	END	1498574045677	1498574045803
USER	Ingesting XML file	69	START	1498574046677	1498574046677
REQUEST	Ingesting XML file	69		LCM Ingest	1498574046677	1498574046802	OK	 
USER	Ingesting XML file	69	END	1498574046677	1498574046803
USER	Ingesting XML file	70	START	1498574047675	1498574047675
REQUEST	Ingesting XML file	70		LCM Ingest	1498574047676	1498574047799	OK	 
USER	Ingesting XML file	70	END	1498574047675	1498574047800
USER	Ingesting XML file	71	START	1498574048678	1498574048678
REQUEST	Ingesting XML file	71		LCM Ingest	1498574048678	1498574048802	OK	 
USER	Ingesting XML file	71	END	1498574048678	1498574048803
USER	Ingesting XML file	72	START	1498574049675	1498574049675
REQUEST	Ingesting XML file	72		LCM Ingest	1498574049675	1498574049800	OK	 
USER	Ingesting XML file	72	END	1498574049675	1498574049800
USER	Ingesting XML file	73	START	1498574050677	1498574050677
REQUEST	Ingesting XML file	73		LCM Ingest	1498574050678	1498574050811	OK	 
USER	Ingesting XML file	73	END	1498574050677	1498574050812
USER	Ingesting XML file	74	START	1498574051676	1498574051676
REQUEST	Ingesting XML file	74		LCM Ingest	1498574051677	1498574051799	OK	 
USER	Ingesting XML file	74	END	1498574051676	1498574051800
USER	Ingesting XML file	75	START	1498574052677	1498574052677
REQUEST	Ingesting XML file	75		LCM Ingest	1498574052677	1498574052802	OK	 
USER	Ingesting XML file	75	END	1498574052677	1498574052802
USER	Ingesting XML file	76	START	1498574053676	1498574053676
REQUEST	Ingesting XML file	76		LCM Ingest	1498574053676	1498574053800	OK	 
USER	Ingesting XML file	76	END	1498574053676	1498574053801
USER	Ingesting XML file	77	START	1498574054675	1498574054675
REQUEST	Ingesting XML file	77		LCM Ingest	1498574054676	1498574054824	OK	 
USER	Ingesting XML file	77	END	1498574054675	1498574054824
USER	Ingesting XML file	78	START	1498574055677	1498574055677
REQUEST	Ingesting XML file	78		LCM Ingest	1498574055677	1498574055803	OK	 
USER	Ingesting XML file	78	END	1498574055677	1498574055804
USER	Ingesting XML file	79	START	1498574056675	1498574056675
REQUEST	Ingesting XML file	79		LCM Ingest	1498574056675	1498574056800	OK	 
USER	Ingesting XML file	79	END	1498574056675	1498574056800
USER	Ingesting XML file	80	START	1498574057676	1498574057676
REQUEST	Ingesting XML file	80		LCM Ingest	1498574057677	1498574057804	OK	 
USER	Ingesting XML file	80	END	1498574057676	1498574057805
USER	Ingesting XML file	81	START	1498574058677	1498574058677
REQUEST	Ingesting XML file	81		LCM Ingest	1498574058677	1498574058806	OK	 
USER	Ingesting XML file	81	END	1498574058677	1498574058806
USER	Ingesting XML file	82	START	1498574059675	1498574059675
REQUEST	Ingesting XML file	82		LCM Ingest	1498574059676	1498574059799	OK	 
USER	Ingesting XML file	82	END	1498574059675	1498574059799
USER	Ingesting XML file	83	START	1498574060676	1498574060676
REQUEST	Ingesting XML file	83		LCM Ingest	1498574060676	1498574060799	OK	 
USER	Ingesting XML file	83	END	1498574060676	1498574060800
USER	Ingesting XML file	84	START	1498574061676	1498574061676
REQUEST	Ingesting XML file	84		LCM Ingest	1498574061676	1498574061801	OK	 
USER	Ingesting XML file	84	END	1498574061676	1498574061801
USER	Ingesting XML file	85	START	1498574062676	1498574062676
REQUEST	Ingesting XML file	85		LCM Ingest	1498574062676	1498574062799	OK	 
USER	Ingesting XML file	85	END	1498574062676	1498574062800
USER	Ingesting XML file	86	START	1498574063677	1498574063677
REQUEST	Ingesting XML file	86		LCM Ingest	1498574063677	1498574063802	OK	 
USER	Ingesting XML file	86	END	1498574063677	1498574063802
USER	Ingesting XML file	87	START	1498574064675	1498574064675
REQUEST	Ingesting XML file	87		LCM Ingest	1498574064676	1498574064811	OK	 
USER	Ingesting XML file	87	END	1498574064675	1498574064811
USER	Ingesting XML file	88	START	1498574065677	1498574065677
REQUEST	Ingesting XML file	88		LCM Ingest	1498574065677	1498574065804	OK	 
USER	Ingesting XML file	88	END	1498574065677	1498574065805
USER	Ingesting XML file	89	START	1498574066677	1498574066677
REQUEST	Ingesting XML file	89		LCM Ingest	1498574066677	1498574066800	OK	 
USER	Ingesting XML file	89	END	1498574066677	1498574066800
USER	Ingesting XML file	90	START	1498574067677	1498574067677
REQUEST	Ingesting XML file	90		LCM Ingest	1498574067677	1498574067803	OK	 
USER	Ingesting XML file	90	END	1498574067677	1498574067804
USER	Ingesting XML file	91	START	1498574068677	1498574068677
REQUEST	Ingesting XML file	91		LCM Ingest	1498574068678	1498574068801	OK	 
USER	Ingesting XML file	91	END	1498574068677	1498574068802
USER	Ingesting XML file	92	START	1498574069677	1498574069677
REQUEST	Ingesting XML file	92		LCM Ingest	1498574069677	1498574069798	OK	 
USER	Ingesting XML file	92	END	1498574069677	1498574069799
USER	Ingesting XML file	93	START	1498574070676	1498574070676
REQUEST	Ingesting XML file	93		LCM Ingest	1498574070676	1498574070804	OK	 
USER	Ingesting XML file	93	END	1498574070676	1498574070804
USER	Ingesting XML file	94	START	1498574071677	1498574071677
REQUEST	Ingesting XML file	94		LCM Ingest	1498574071677	1498574071804	OK	 
USER	Ingesting XML file	94	END	1498574071677	1498574071804
USER	Ingesting XML file	95	START	1498574072677	1498574072677
REQUEST	Ingesting XML file	95		LCM Ingest	1498574072678	1498574072800	OK	 
USER	Ingesting XML file	95	END	1498574072677	1498574072800
USER	Ingesting XML file	96	START	1498574073677	1498574073677
REQUEST	Ingesting XML file	96		LCM Ingest	1498574073677	1498574073801	OK	 
USER	Ingesting XML file	96	END	1498574073677	1498574073802
USER	Ingesting XML file	97	START	1498574074677	1498574074677
REQUEST	Ingesting XML file	97		LCM Ingest	1498574074677	1498574074800	OK	 
USER	Ingesting XML file	97	END	1498574074677	1498574074801
USER	Ingesting XML file	98	START	1498574075677	1498574075677
REQUEST	Ingesting XML file	98		LCM Ingest	1498574075678	1498574075806	OK	 
USER	Ingesting XML file	98	END	1498574075677	1498574075807
USER	Ingesting XML file	99	START	1498574076677	1498574076677
REQUEST	Ingesting XML file	99		LCM Ingest	1498574076677	1498574076800	OK	 
USER	Ingesting XML file	99	END	1498574076677	1498574076800
USER	Ingesting XML file	100	START	1498574077677	1498574077677
REQUEST	Ingesting XML file	100		LCM Ingest	1498574077677	1498574077803	OK	 
USER	Ingesting XML file	100	END	1498574077677	1498574077804
USER	Ingesting XML file	101	START	1498574078676	1498574078676
REQUEST	Ingesting XML file	101		LCM Ingest	1498574078677	1498574078824	OK	 
USER	Ingesting XML file	101	END	1498574078676	1498574078824
USER	Ingesting XML file	102	START	1498574079677	1498574079677
REQUEST	Ingesting XML file	102		LCM Ingest	1498574079677	1498574079803	OK	 
USER	Ingesting XML file	102	END	1498574079677	1498574079803
USER	Ingesting XML file	103	START	1498574080677	1498574080677
REQUEST	Ingesting XML file	103		LCM Ingest	1498574080677	1498574080801	OK	 
USER	Ingesting XML file	103	END	1498574080677	1498574080802
USER	Ingesting XML file	104	START	1498574081677	1498574081677
REQUEST	Ingesting XML file	104		LCM Ingest	1498574081677	1498574081802	OK	 
USER	Ingesting XML file	104	END	1498574081677	1498574081802
USER	Ingesting XML file	105	START	1498574082677	1498574082677
REQUEST	Ingesting XML file	105		LCM Ingest	1498574082678	1498574082803	OK	 
USER	Ingesting XML file	105	END	1498574082677	1498574082804
USER	Ingesting XML file	106	START	1498574083677	1498574083677
REQUEST	Ingesting XML file	106		LCM Ingest	1498574083677	1498574083800	OK	 
USER	Ingesting XML file	106	END	1498574083677	1498574083800
USER	Ingesting XML file	107	START	1498574084677	1498574084677
REQUEST	Ingesting XML file	107		LCM Ingest	1498574084677	1498574084799	OK	 
USER	Ingesting XML file	107	END	1498574084677	1498574084800
USER	Ingesting XML file	108	START	1498574085676	1498574085676
REQUEST	Ingesting XML file	108		LCM Ingest	1498574085677	1498574085800	OK	 
USER	Ingesting XML file	108	END	1498574085676	1498574085801
USER	Ingesting XML file	109	START	1498574086676	1498574086676
REQUEST	Ingesting XML file	109		LCM Ingest	1498574086677	1498574086810	OK	 
USER	Ingesting XML file	109	END	1498574086676	1498574086810
USER	Ingesting XML file	110	START	1498574087677	1498574087677
REQUEST	Ingesting XML file	110		LCM Ingest	1498574087678	1498574087798	OK	 
USER	Ingesting XML file	110	END	1498574087677	1498574087799
USER	Ingesting XML file	111	START	1498574088675	1498574088675
REQUEST	Ingesting XML file	111		LCM Ingest	1498574088676	1498574088799	OK	 
USER	Ingesting XML file	111	END	1498574088675	1498574088800
USER	Ingesting XML file	112	START	1498574089675	1498574089675
REQUEST	Ingesting XML file	112		LCM Ingest	1498574089676	1498574089800	OK	 
USER	Ingesting XML file	112	END	1498574089675	1498574089801
USER	Ingesting XML file	113	START	1498574090676	1498574090676
REQUEST	Ingesting XML file	113		LCM Ingest	1498574090677	1498574090803	OK	 
USER	Ingesting XML file	113	END	1498574090676	1498574090803
USER	Ingesting XML file	114	START	1498574091676	1498574091676
REQUEST	Ingesting XML file	114		LCM Ingest	1498574091676	1498574091798	OK	 
USER	Ingesting XML file	114	END	1498574091676	1498574091799
USER	Ingesting XML file	115	START	1498574092677	1498574092677
REQUEST	Ingesting XML file	115		LCM Ingest	1498574092677	1498574092809	OK	 
USER	Ingesting XML file	115	END	1498574092677	1498574092810
USER	Ingesting XML file	116	START	1498574093675	1498574093675
REQUEST	Ingesting XML file	116		LCM Ingest	1498574093676	1498574093828	OK	 
USER	Ingesting XML file	116	END	1498574093675	1498574093828
USER	Ingesting XML file	117	START	1498574094676	1498574094676
REQUEST	Ingesting XML file	117		LCM Ingest	1498574094677	1498574094802	OK	 
USER	Ingesting XML file	117	END	1498574094676	1498574094802
USER	Ingesting XML file	118	START	1498574095675	1498574095675
REQUEST	Ingesting XML file	118		LCM Ingest	1498574095675	1498574095801	OK	 
USER	Ingesting XML file	118	END	1498574095675	1498574095802
USER	Ingesting XML file	119	START	1498574096676	1498574096676
REQUEST	Ingesting XML file	119		LCM Ingest	1498574096677	1498574096799	OK	 
USER	Ingesting XML file	119	END	1498574096676	1498574096800
USER	Ingesting XML file	120	START	1498574097677	1498574097677
REQUEST	Ingesting XML file	120		LCM Ingest	1498574097677	1498574097822	OK	 
USER	Ingesting XML file	120	END	1498574097677	1498574097822
USER	Ingesting XML file	121	START	1498574098677	1498574098677
REQUEST	Ingesting XML file	121		LCM Ingest	1498574098677	1498574098798	OK	 
USER	Ingesting XML file	121	END	1498574098677	1498574098799
USER	Ingesting XML file	122	START	1498574099675	1498574099675
REQUEST	Ingesting XML file	122		LCM Ingest	1498574099675	1498574099800	OK	 
USER	Ingesting XML file	122	END	1498574099675	1498574099800
USER	Ingesting XML file	123	START	1498574100675	1498574100675
REQUEST	Ingesting XML file	123		LCM Ingest	1498574100675	1498574100797	OK	 
USER	Ingesting XML file	123	END	1498574100675	1498574100798
USER	Ingesting XML file	124	START	1498574101676	1498574101676
REQUEST	Ingesting XML file	124		LCM Ingest	1498574101676	1498574101808	OK	 
USER	Ingesting XML file	124	END	1498574101676	1498574101808
USER	Ingesting XML file	125	START	1498574102676	1498574102676
REQUEST	Ingesting XML file	125		LCM Ingest	1498574102677	1498574102800	OK	 
USER	Ingesting XML file	125	END	1498574102676	1498574102800
USER	Ingesting XML file	126	START	1498574103675	1498574103675
REQUEST	Ingesting XML file	126		LCM Ingest	1498574103676	1498574103798	OK	 
USER	Ingesting XML file	126	END	1498574103675	1498574103799
USER	Ingesting XML file	127	START	1498574104677	1498574104677
REQUEST	Ingesting XML file	127		LCM Ingest	1498574104677	1498574104803	OK	 
USER	Ingesting XML file	127	END	1498574104677	1498574104803
USER	Ingesting XML file	128	START	1498574105676	1498574105676
REQUEST	Ingesting XML file	128		LCM Ingest	1498574105677	1498574105806	OK	 
USER	Ingesting XML file	128	END	1498574105676	1498574105807
USER	Ingesting XML file	129	START	1498574106676	1498574106676
REQUEST	Ingesting XML file	129		LCM Ingest	1498574106677	1498574106822	OK	 
USER	Ingesting XML file	129	END	1498574106676	1498574106822
USER	Ingesting XML file	130	START	1498574107676	1498574107676
REQUEST	Ingesting XML file	130		LCM Ingest	1498574107677	1498574107804	OK	 
USER	Ingesting XML file	130	END	1498574107676	1498574107804
USER	Ingesting XML file	131	START	1498574108677	1498574108677
REQUEST	Ingesting XML file	131		LCM Ingest	1498574108678	1498574108801	OK	 
USER	Ingesting XML file	131	END	1498574108677	1498574108801
USER	Ingesting XML file	132	START	1498574109676	1498574109676
REQUEST	Ingesting XML file	132		LCM Ingest	1498574109677	1498574109800	OK	 
USER	Ingesting XML file	132	END	1498574109676	1498574109800
USER	Ingesting XML file	133	START	1498574110675	1498574110675
REQUEST	Ingesting XML file	133		LCM Ingest	1498574110675	1498574110798	OK	 
USER	Ingesting XML file	133	END	1498574110675	1498574110799
USER	Ingesting XML file	134	START	1498574111676	1498574111676
REQUEST	Ingesting XML file	134		LCM Ingest	1498574111677	1498574111806	OK	 
USER	Ingesting XML file	134	END	1498574111676	1498574111806
USER	Ingesting XML file	135	START	1498574112676	1498574112676
REQUEST	Ingesting XML file	135		LCM Ingest	1498574112677	1498574112803	OK	 
USER	Ingesting XML file	135	END	1498574112676	1498574112804
USER	Ingesting XML file	136	START	1498574113676	1498574113676
REQUEST	Ingesting XML file	136		LCM Ingest	1498574113677	1498574113800	OK	 
USER	Ingesting XML file	136	END	1498574113676	1498574113800
USER	Ingesting XML file	137	START	1498574114676	1498574114676
REQUEST	Ingesting XML file	137		LCM Ingest	1498574114677	1498574114803	OK	 
USER	Ingesting XML file	137	END	1498574114676	1498574114804
USER	Ingesting XML file	138	START	1498574115677	1498574115677
REQUEST	Ingesting XML file	138		LCM Ingest	1498574115678	1498574115802	OK	 
USER	Ingesting XML file	138	END	1498574115677	1498574115802
USER	Ingesting XML file	139	START	1498574116676	1498574116676
REQUEST	Ingesting XML file	139		LCM Ingest	1498574116677	1498574116826	OK	 
USER	Ingesting XML file	139	END	1498574116676	1498574116826
USER	Ingesting XML file	140	START	1498574117678	1498574117678
REQUEST	Ingesting XML file	140		LCM Ingest	1498574117678	1498574117806	OK	 
USER	Ingesting XML file	140	END	1498574117678	1498574117806
USER	Ingesting XML file	141	START	1498574118676	1498574118676
REQUEST	Ingesting XML file	141		LCM Ingest	1498574118677	1498574118803	OK	 
USER	Ingesting XML file	141	END	1498574118676	1498574118803
USER	Ingesting XML file	142	START	1498574119677	1498574119677
REQUEST	Ingesting XML file	142		LCM Ingest	1498574119677	1498574119821	OK	 
USER	Ingesting XML file	142	END	1498574119677	1498574119821
USER	Ingesting XML file	143	START	1498574120677	1498574120677
REQUEST	Ingesting XML file	143		LCM Ingest	1498574120677	1498574120802	OK	 
USER	Ingesting XML file	143	END	1498574120677	1498574120803
USER	Ingesting XML file	144	START	1498574121677	1498574121677
REQUEST	Ingesting XML file	144		LCM Ingest	1498574121677	1498574121799	OK	 
USER	Ingesting XML file	144	END	1498574121677	1498574121799
USER	Ingesting XML file	145	START	1498574122676	1498574122676
REQUEST	Ingesting XML file	145		LCM Ingest	1498574122677	1498574122798	OK	 
USER	Ingesting XML file	145	END	1498574122676	1498574122799
USER	Ingesting XML file	146	START	1498574123676	1498574123676
REQUEST	Ingesting XML file	146		LCM Ingest	1498574123677	1498574123800	OK	 
USER	Ingesting XML file	146	END	1498574123676	1498574123801
USER	Ingesting XML file	147	START	1498574124677	1498574124677
REQUEST	Ingesting XML file	147		LCM Ingest	1498574124677	1498574124805	OK	 
USER	Ingesting XML file	147	END	1498574124677	1498574124806
USER	Ingesting XML file	148	START	1498574125675	1498574125675
REQUEST	Ingesting XML file	148		LCM Ingest	1498574125675	1498574125805	OK	 
USER	Ingesting XML file	148	END	1498574125675	1498574125805
USER	Ingesting XML file	149	START	1498574126677	1498574126677
REQUEST	Ingesting XML file	149		LCM Ingest	1498574126677	1498574126805	OK	 
USER	Ingesting XML file	149	END	1498574126677	1498574126805
USER	Ingesting XML file	150	START	1498574127676	1498574127676
REQUEST	Ingesting XML file	150		LCM Ingest	1498574127676	1498574127801	OK	 
USER	Ingesting XML file	150	END	1498574127676	1498574127801
USER	Ingesting XML file	151	START	1498574128677	1498574128677
REQUEST	Ingesting XML file	151		LCM Ingest	1498574128678	1498574128801	OK	 
USER	Ingesting XML file	151	END	1498574128677	1498574128802
USER	Ingesting XML file	152	START	1498574129677	1498574129677
REQUEST	Ingesting XML file	152		LCM Ingest	1498574129677	1498574129805	OK	 
USER	Ingesting XML file	152	END	1498574129677	1498574129805
USER	Ingesting XML file	153	START	1498574130676	1498574130676
REQUEST	Ingesting XML file	153		LCM Ingest	1498574130677	1498574130804	OK	 
USER	Ingesting XML file	153	END	1498574130676	1498574130804
USER	Ingesting XML file	154	START	1498574131677	1498574131677
REQUEST	Ingesting XML file	154		LCM Ingest	1498574131678	1498574131812	OK	 
USER	Ingesting XML file	154	END	1498574131677	1498574131813
USER	Ingesting XML file	155	START	1498574132677	1498574132677
REQUEST	Ingesting XML file	155		LCM Ingest	1498574132677	1498574132815	OK	 
USER	Ingesting XML file	155	END	1498574132677	1498574132815
USER	Ingesting XML file	156	START	1498574133677	1498574133677
REQUEST	Ingesting XML file	156		LCM Ingest	1498574133677	1498574133802	OK	 
USER	Ingesting XML file	156	END	1498574133677	1498574133803
USER	Ingesting XML file	157	START	1498574134677	1498574134677
REQUEST	Ingesting XML file	157		LCM Ingest	1498574134677	1498574134803	OK	 
USER	Ingesting XML file	157	END	1498574134677	1498574134804
USER	Ingesting XML file	158	START	1498574135675	1498574135675
REQUEST	Ingesting XML file	158		LCM Ingest	1498574135675	1498574135801	OK	 
USER	Ingesting XML file	158	END	1498574135675	1498574135801
USER	Ingesting XML file	159	START	1498574136676	1498574136676
REQUEST	Ingesting XML file	159		LCM Ingest	1498574136676	1498574136799	OK	 
USER	Ingesting XML file	159	END	1498574136676	1498574136800
USER	Ingesting XML file	160	START	1498574137677	1498574137677
REQUEST	Ingesting XML file	160		LCM Ingest	1498574137677	1498574137800	OK	 
USER	Ingesting XML file	160	END	1498574137677	1498574137801
USER	Ingesting XML file	161	START	1498574138677	1498574138677
REQUEST	Ingesting XML file	161		LCM Ingest	1498574138677	1498574138800	OK	 
USER	Ingesting XML file	161	END	1498574138677	1498574138801
USER	Ingesting XML file	162	START	1498574139675	1498574139675
REQUEST	Ingesting XML file	162		LCM Ingest	1498574139675	1498574139802	OK	 
USER	Ingesting XML file	162	END	1498574139675	1498574139802
USER	Ingesting XML file	163	START	1498574140676	1498574140676
REQUEST	Ingesting XML file	163		LCM Ingest	1498574140677	1498574140809	OK	 
USER	Ingesting XML file	163	END	1498574140676	1498574140810
USER	Ingesting XML file	164	START	1498574141677	1498574141677
REQUEST	Ingesting XML file	164		LCM Ingest	1498574141677	1498574141806	OK	 
USER	Ingesting XML file	164	END	1498574141677	1498574141807
USER	Ingesting XML file	165	START	1498574142675	1498574142675
REQUEST	Ingesting XML file	165		LCM Ingest	1498574142675	1498574142801	OK	 
USER	Ingesting XML file	165	END	1498574142675	1498574142801
USER	Ingesting XML file	166	START	1498574143677	1498574143677
REQUEST	Ingesting XML file	166		LCM Ingest	1498574143677	1498574143802	OK	 
USER	Ingesting XML file	166	END	1498574143677	1498574143802
USER	Ingesting XML file	167	START	1498574144677	1498574144677
REQUEST	Ingesting XML file	167		LCM Ingest	1498574144677	1498574144806	OK	 
USER	Ingesting XML file	167	END	1498574144677	1498574144806
USER	Ingesting XML file	168	START	1498574145677	1498574145677
REQUEST	Ingesting XML file	168		LCM Ingest	1498574145677	1498574145812	OK	 
USER	Ingesting XML file	168	END	1498574145677	1498574145812
USER	Ingesting XML file	169	START	1498574146676	1498574146676
REQUEST	Ingesting XML file	169		LCM Ingest	1498574146676	1498574146804	OK	 
USER	Ingesting XML file	169	END	1498574146676	1498574146805
USER	Ingesting XML file	170	START	1498574147675	1498574147675
REQUEST	Ingesting XML file	170		LCM Ingest	1498574147675	1498574147799	OK	 
USER	Ingesting XML file	170	END	1498574147675	1498574147799
USER	Ingesting XML file	171	START	1498574148676	1498574148676
REQUEST	Ingesting XML file	171		LCM Ingest	1498574148676	1498574148801	OK	 
USER	Ingesting XML file	171	END	1498574148676	1498574148802
USER	Ingesting XML file	172	START	1498574149676	1498574149676
REQUEST	Ingesting XML file	172		LCM Ingest	1498574149677	1498574149800	OK	 
USER	Ingesting XML file	172	END	1498574149676	1498574149800
USER	Ingesting XML file	173	START	1498574150676	1498574150676
REQUEST	Ingesting XML file	173		LCM Ingest	1498574150677	1498574150809	OK	 
USER	Ingesting XML file	173	END	1498574150676	1498574150809
USER	Ingesting XML file	174	START	1498574151676	1498574151676
REQUEST	Ingesting XML file	174		LCM Ingest	1498574151677	1498574151801	OK	 
USER	Ingesting XML file	174	END	1498574151676	1498574151802
USER	Ingesting XML file	175	START	1498574152676	1498574152676
REQUEST	Ingesting XML file	175		LCM Ingest	1498574152676	1498574152802	OK	 
USER	Ingesting XML file	175	END	1498574152676	1498574152803
USER	Ingesting XML file	176	START	1498574153677	1498574153677
REQUEST	Ingesting XML file	176		LCM Ingest	1498574153677	1498574153802	OK	 
USER	Ingesting XML file	176	END	1498574153677	1498574153803
USER	Ingesting XML file	177	START	1498574154677	1498574154677
REQUEST	Ingesting XML file	177		LCM Ingest	1498574154677	1498574154802	OK	 
USER	Ingesting XML file	177	END	1498574154677	1498574154802
USER	Ingesting XML file	178	START	1498574155677	1498574155677
REQUEST	Ingesting XML file	178		LCM Ingest	1498574155677	1498574155805	OK	 
USER	Ingesting XML file	178	END	1498574155677	1498574155806
USER	Ingesting XML file	179	START	1498574156677	1498574156677
REQUEST	Ingesting XML file	179		LCM Ingest	1498574156677	1498574156807	OK	 
USER	Ingesting XML file	179	END	1498574156677	1498574156808
USER	Ingesting XML file	180	START	1498574157677	1498574157677
REQUEST	Ingesting XML file	180		LCM Ingest	1498574157678	1498574157803	OK	 
USER	Ingesting XML file	180	END	1498574157677	1498574157803
USER	Ingesting XML file	181	START	1498574158677	1498574158677
REQUEST	Ingesting XML file	181		LCM Ingest	1498574158677	1498574158799	OK	 
USER	Ingesting XML file	181	END	1498574158677	1498574158799
USER	Ingesting XML file	182	START	1498574159677	1498574159677
REQUEST	Ingesting XML file	182		LCM Ingest	1498574159677	1498574159800	OK	 
USER	Ingesting XML file	182	END	1498574159677	1498574159800
USER	Ingesting XML file	183	START	1498574160677	1498574160677
REQUEST	Ingesting XML file	183		LCM Ingest	1498574160677	1498574160799	OK	 
USER	Ingesting XML file	183	END	1498574160677	1498574160799
USER	Ingesting XML file	184	START	1498574161675	1498574161675
REQUEST	Ingesting XML file	184		LCM Ingest	1498574161676	1498574161799	OK	 
USER	Ingesting XML file	184	END	1498574161675	1498574161800
USER	Ingesting XML file	185	START	1498574162677	1498574162677
REQUEST	Ingesting XML file	185		LCM Ingest	1498574162677	1498574162801	OK	 
USER	Ingesting XML file	185	END	1498574162677	1498574162801
USER	Ingesting XML file	186	START	1498574163677	1498574163677
REQUEST	Ingesting XML file	186		LCM Ingest	1498574163677	1498574163800	OK	 
USER	Ingesting XML file	186	END	1498574163677	1498574163800
USER	Ingesting XML file	187	START	1498574164677	1498574164677
REQUEST	Ingesting XML file	187		LCM Ingest	1498574164677	1498574164801	OK	 
USER	Ingesting XML file	187	END	1498574164677	1498574164802
USER	Ingesting XML file	188	START	1498574165677	1498574165677
REQUEST	Ingesting XML file	188		LCM Ingest	1498574165677	1498574165826	OK	 
USER	Ingesting XML file	188	END	1498574165677	1498574165826
USER	Ingesting XML file	189	START	1498574166677	1498574166677
REQUEST	Ingesting XML file	189		LCM Ingest	1498574166677	1498574166805	OK	 
USER	Ingesting XML file	189	END	1498574166677	1498574166805
USER	Ingesting XML file	190	START	1498574167675	1498574167675
REQUEST	Ingesting XML file	190		LCM Ingest	1498574167676	1498574167802	OK	 
USER	Ingesting XML file	190	END	1498574167675	1498574167803
USER	Ingesting XML file	191	START	1498574168676	1498574168676
REQUEST	Ingesting XML file	191		LCM Ingest	1498574168676	1498574168801	OK	 
USER	Ingesting XML file	191	END	1498574168676	1498574168802
USER	Ingesting XML file	192	START	1498574169676	1498574169676
REQUEST	Ingesting XML file	192		LCM Ingest	1498574169677	1498574169799	OK	 
USER	Ingesting XML file	192	END	1498574169676	1498574169800
USER	Ingesting XML file	193	START	1498574170675	1498574170675
REQUEST	Ingesting XML file	193		LCM Ingest	1498574170676	1498574170800	OK	 
USER	Ingesting XML file	193	END	1498574170675	1498574170800
USER	Ingesting XML file	194	START	1498574171676	1498574171676
REQUEST	Ingesting XML file	194		LCM Ingest	1498574171677	1498574171798	OK	 
USER	Ingesting XML file	194	END	1498574171676	1498574171799
USER	Ingesting XML file	195	START	1498574172677	1498574172677
REQUEST	Ingesting XML file	195		LCM Ingest	1498574172678	1498574172804	OK	 
USER	Ingesting XML file	195	END	1498574172677	1498574172804
USER	Ingesting XML file	196	START	1498574173677	1498574173677
REQUEST	Ingesting XML file	196		LCM Ingest	1498574173677	1498574173804	OK	 
USER	Ingesting XML file	196	END	1498574173677	1498574173805
USER	Ingesting XML file	197	START	1498574174676	1498574174676
REQUEST	Ingesting XML file	197		LCM Ingest	1498574174677	1498574174799	OK	 
USER	Ingesting XML file	197	END	1498574174676	1498574174799
USER	Ingesting XML file	198	START	1498574175675	1498574175675
REQUEST	Ingesting XML file	198		LCM Ingest	1498574175675	1498574175801	OK	 
USER	Ingesting XML file	198	END	1498574175675	1498574175801
USER	Ingesting XML file	199	START	1498574176677	1498574176677
REQUEST	Ingesting XML file	199		LCM Ingest	1498574176678	1498574176804	OK	 
USER	Ingesting XML file	199	END	1498574176677	1498574176804
USER	Ingesting XML file	200	START	1498574177676	1498574177676
REQUEST	Ingesting XML file	200		LCM Ingest	1498574177676	1498574177802	OK	 
USER	Ingesting XML file	200	END	1498574177676	1498574177803
USER	Ingesting XML file	201	START	1498574178677	1498574178677
REQUEST	Ingesting XML file	201		LCM Ingest	1498574178678	1498574178809	OK	 
USER	Ingesting XML file	201	END	1498574178677	1498574178810
USER	Ingesting XML file	202	START	1498574179677	1498574179677
REQUEST	Ingesting XML file	202		LCM Ingest	1498574179677	1498574179806	OK	 
USER	Ingesting XML file	202	END	1498574179677	1498574179807
USER	Ingesting XML file	203	START	1498574180677	1498574180677
REQUEST	Ingesting XML file	203		LCM Ingest	1498574180677	1498574180799	OK	 
USER	Ingesting XML file	203	END	1498574180677	1498574180799
USER	Ingesting XML file	204	START	1498574181677	1498574181677
REQUEST	Ingesting XML file	204		LCM Ingest	1498574181677	1498574181801	OK	 
USER	Ingesting XML file	204	END	1498574181677	1498574181802
USER	Ingesting XML file	205	START	1498574182674	1498574182674
REQUEST	Ingesting XML file	205		LCM Ingest	1498574182675	1498574182800	OK	 
USER	Ingesting XML file	205	END	1498574182674	1498574182800
USER	Ingesting XML file	206	START	1498574183677	1498574183677
REQUEST	Ingesting XML file	206		LCM Ingest	1498574183677	1498574183799	OK	 
USER	Ingesting XML file	206	END	1498574183677	1498574183799
USER	Ingesting XML file	207	START	1498574184677	1498574184677
REQUEST	Ingesting XML file	207		LCM Ingest	1498574184677	1498574184799	OK	 
USER	Ingesting XML file	207	END	1498574184677	1498574184799
USER	Ingesting XML file	208	START	1498574185676	1498574185676
REQUEST	Ingesting XML file	208		LCM Ingest	1498574185676	1498574185800	OK	 
USER	Ingesting XML file	208	END	1498574185676	1498574185800
USER	Ingesting XML file	209	START	1498574186676	1498574186676
REQUEST	Ingesting XML file	209		LCM Ingest	1498574186676	1498574186800	OK	 
USER	Ingesting XML file	209	END	1498574186676	1498574186800
USER	Ingesting XML file	210	START	1498574187677	1498574187677
REQUEST	Ingesting XML file	210		LCM Ingest	1498574187677	1498574187821	OK	 
USER	Ingesting XML file	210	END	1498574187677	1498574187822
USER	Ingesting XML file	211	START	1498574188678	1498574188678
REQUEST	Ingesting XML file	211		LCM Ingest	1498574188678	1498574188802	OK	 
USER	Ingesting XML file	211	END	1498574188678	1498574188802
USER	Ingesting XML file	212	START	1498574189676	1498574189676
REQUEST	Ingesting XML file	212		LCM Ingest	1498574189676	1498574189800	OK	 
USER	Ingesting XML file	212	END	1498574189676	1498574189800
USER	Ingesting XML file	213	START	1498574190677	1498574190677
REQUEST	Ingesting XML file	213		LCM Ingest	1498574190677	1498574190824	OK	 
USER	Ingesting XML file	213	END	1498574190677	1498574190824
USER	Ingesting XML file	214	START	1498574191677	1498574191677
REQUEST	Ingesting XML file	214		LCM Ingest	1498574191677	1498574191801	OK	 
USER	Ingesting XML file	214	END	1498574191677	1498574191801
USER	Ingesting XML file	215	START	1498574192677	1498574192677
REQUEST	Ingesting XML file	215		LCM Ingest	1498574192677	1498574192808	OK	 
USER	Ingesting XML file	215	END	1498574192677	1498574192808
USER	Ingesting XML file	216	START	1498574193676	1498574193676
REQUEST	Ingesting XML file	216		LCM Ingest	1498574193677	1498574193826	OK	 
USER	Ingesting XML file	216	END	1498574193676	1498574193827
USER	Ingesting XML file	217	START	1498574194677	1498574194677
REQUEST	Ingesting XML file	217		LCM Ingest	1498574194677	1498574194802	OK	 
USER	Ingesting XML file	217	END	1498574194677	1498574194802
USER	Ingesting XML file	218	START	1498574195677	1498574195677
REQUEST	Ingesting XML file	218		LCM Ingest	1498574195677	1498574195876	OK	 
USER	Ingesting XML file	218	END	1498574195677	1498574195876
USER	Ingesting XML file	219	START	1498574196676	1498574196676
REQUEST	Ingesting XML file	219		LCM Ingest	1498574196677	1498574196799	OK	 
USER	Ingesting XML file	219	END	1498574196676	1498574196799
USER	Ingesting XML file	220	START	1498574197677	1498574197677
REQUEST	Ingesting XML file	220		LCM Ingest	1498574197677	1498574197801	OK	 
USER	Ingesting XML file	220	END	1498574197677	1498574197801
USER	Ingesting XML file	221	START	1498574198676	1498574198676
REQUEST	Ingesting XML file	221		LCM Ingest	1498574198676	1498574198804	OK	 
USER	Ingesting XML file	221	END	1498574198676	1498574198804
USER	Ingesting XML file	222	START	1498574199677	1498574199677
REQUEST	Ingesting XML file	222		LCM Ingest	1498574199677	1498574199823	OK	 
USER	Ingesting XML file	222	END	1498574199677	1498574199823
USER	Ingesting XML file	223	START	1498574200676	1498574200676
REQUEST	Ingesting XML file	223		LCM Ingest	1498574200677	1498574200807	OK	 
USER	Ingesting XML file	223	END	1498574200676	1498574200807
USER	Ingesting XML file	224	START	1498574201677	1498574201677
REQUEST	Ingesting XML file	224		LCM Ingest	1498574201677	1498574201803	OK	 
USER	Ingesting XML file	224	END	1498574201677	1498574201803
USER	Ingesting XML file	225	START	1498574202677	1498574202677
REQUEST	Ingesting XML file	225		LCM Ingest	1498574202677	1498574202802	OK	 
USER	Ingesting XML file	225	END	1498574202677	1498574202803
USER	Ingesting XML file	226	START	1498574203675	1498574203675
REQUEST	Ingesting XML file	226		LCM Ingest	1498574203675	1498574203799	OK	 
USER	Ingesting XML file	226	END	1498574203675	1498574203799
USER	Ingesting XML file	227	START	1498574204677	1498574204677
REQUEST	Ingesting XML file	227		LCM Ingest	1498574204677	1498574204801	OK	 
USER	Ingesting XML file	227	END	1498574204677	1498574204801
USER	Ingesting XML file	228	START	1498574205676	1498574205676
REQUEST	Ingesting XML file	228		LCM Ingest	1498574205676	1498574205806	OK	 
USER	Ingesting XML file	228	END	1498574205676	1498574205807
USER	Ingesting XML file	229	START	1498574206676	1498574206676
REQUEST	Ingesting XML file	229		LCM Ingest	1498574206677	1498574206802	OK	 
USER	Ingesting XML file	229	END	1498574206676	1498574206803
USER	Ingesting XML file	230	START	1498574207677	1498574207677
REQUEST	Ingesting XML file	230		LCM Ingest	1498574207677	1498574207799	OK	 
USER	Ingesting XML file	230	END	1498574207677	1498574207799
USER	Ingesting XML file	231	START	1498574208676	1498574208676
REQUEST	Ingesting XML file	231		LCM Ingest	1498574208677	1498574208804	OK	 
USER	Ingesting XML file	231	END	1498574208676	1498574208804
USER	Ingesting XML file	232	START	1498574209677	1498574209677
REQUEST	Ingesting XML file	232		LCM Ingest	1498574209677	1498574209804	OK	 
USER	Ingesting XML file	232	END	1498574209677	1498574209805
USER	Ingesting XML file	233	START	1498574210677	1498574210677
REQUEST	Ingesting XML file	233		LCM Ingest	1498574210677	1498574210799	OK	 
USER	Ingesting XML file	233	END	1498574210677	1498574210800
USER	Ingesting XML file	234	START	1498574211676	1498574211676
REQUEST	Ingesting XML file	234		LCM Ingest	1498574211677	1498574211804	OK	 
USER	Ingesting XML file	234	END	1498574211676	1498574211805
USER	Ingesting XML file	235	START	1498574212677	1498574212677
REQUEST	Ingesting XML file	235		LCM Ingest	1498574212677	1498574212803	OK	 
USER	Ingesting XML file	235	END	1498574212677	1498574212804
USER	Ingesting XML file	236	START	1498574213676	1498574213676
REQUEST	Ingesting XML file	236		LCM Ingest	1498574213676	1498574213802	OK	 
USER	Ingesting XML file	236	END	1498574213676	1498574213802
USER	Ingesting XML file	237	START	1498574214676	1498574214676
REQUEST	Ingesting XML file	237		LCM Ingest	1498574214677	1498574214809	OK	 
USER	Ingesting XML file	237	END	1498574214676	1498574214810
USER	Ingesting XML file	238	START	1498574215676	1498574215676
REQUEST	Ingesting XML file	238		LCM Ingest	1498574215677	1498574215834	OK	 
USER	Ingesting XML file	238	END	1498574215676	1498574215834
USER	Ingesting XML file	239	START	1498574216676	1498574216676
REQUEST	Ingesting XML file	239		LCM Ingest	1498574216677	1498574216839	OK	 
USER	Ingesting XML file	239	END	1498574216676	1498574216839
USER	Ingesting XML file	240	START	1498574217677	1498574217677
REQUEST	Ingesting XML file	240		LCM Ingest	1498574217677	1498574217809	OK	 
USER	Ingesting XML file	240	END	1498574217677	1498574217809
USER	Ingesting XML file	241	START	1498574218676	1498574218676
REQUEST	Ingesting XML file	241		LCM Ingest	1498574218676	1498574218832	OK	 
USER	Ingesting XML file	241	END	1498574218676	1498574218832
USER	Ingesting XML file	242	START	1498574219677	1498574219677
REQUEST	Ingesting XML file	242		LCM Ingest	1498574219677	1498574219799	OK	 
USER	Ingesting XML file	242	END	1498574219677	1498574219800
USER	Ingesting XML file	243	START	1498574220676	1498574220676
REQUEST	Ingesting XML file	243		LCM Ingest	1498574220676	1498574220798	OK	 
USER	Ingesting XML file	243	END	1498574220676	1498574220799
USER	Ingesting XML file	244	START	1498574221677	1498574221677
REQUEST	Ingesting XML file	244		LCM Ingest	1498574221677	1498574221798	OK	 
USER	Ingesting XML file	244	END	1498574221677	1498574221799
USER	Ingesting XML file	245	START	1498574222676	1498574222676
REQUEST	Ingesting XML file	245		LCM Ingest	1498574222677	1498574222801	OK	 
USER	Ingesting XML file	245	END	1498574222676	1498574222801
USER	Ingesting XML file	246	START	1498574223677	1498574223677
REQUEST	Ingesting XML file	246		LCM Ingest	1498574223677	1498574223801	OK	 
USER	Ingesting XML file	246	END	1498574223677	1498574223801
USER	Ingesting XML file	247	START	1498574224676	1498574224676
REQUEST	Ingesting XML file	247		LCM Ingest	1498574224677	1498574224824	OK	 
USER	Ingesting XML file	247	END	1498574224676	1498574224824
USER	Ingesting XML file	248	START	1498574225676	1498574225676
REQUEST	Ingesting XML file	248		LCM Ingest	1498574225677	1498574225806	OK	 
USER	Ingesting XML file	248	END	1498574225676	1498574225806
USER	Ingesting XML file	249	START	1498574226676	1498574226676
REQUEST	Ingesting XML file	249		LCM Ingest	1498574226677	1498574226801	OK	 
USER	Ingesting XML file	249	END	1498574226676	1498574226802
USER	Ingesting XML file	250	START	1498574227676	1498574227676
REQUEST	Ingesting XML file	250		LCM Ingest	1498574227677	1498574227800	OK	 
USER	Ingesting XML file	250	END	1498574227676	1498574227801
USER	Ingesting XML file	251	START	1498574228678	1498574228678
REQUEST	Ingesting XML file	251		LCM Ingest	1498574228678	1498574228805	OK	 
USER	Ingesting XML file	251	END	1498574228678	1498574228805
USER	Ingesting XML file	252	START	1498574229675	1498574229675
REQUEST	Ingesting XML file	252		LCM Ingest	1498574229675	1498574229800	OK	 
USER	Ingesting XML file	252	END	1498574229675	1498574229800
USER	Ingesting XML file	253	START	1498574230676	1498574230676
REQUEST	Ingesting XML file	253		LCM Ingest	1498574230676	1498574230798	OK	 
USER	Ingesting XML file	253	END	1498574230676	1498574230799
USER	Ingesting XML file	254	START	1498574231676	1498574231676
REQUEST	Ingesting XML file	254		LCM Ingest	1498574231676	1498574231798	OK	 
USER	Ingesting XML file	254	END	1498574231676	1498574231799
USER	Ingesting XML file	255	START	1498574232677	1498574232677
REQUEST	Ingesting XML file	255		LCM Ingest	1498574232677	1498574232825	OK	 
USER	Ingesting XML file	255	END	1498574232677	1498574232825
USER	Ingesting XML file	256	START	1498574233675	1498574233675
REQUEST	Ingesting XML file	256		LCM Ingest	1498574233675	1498574233799	OK	 
USER	Ingesting XML file	256	END	1498574233675	1498574233799
USER	Ingesting XML file	257	START	1498574234676	1498574234676
REQUEST	Ingesting XML file	257		LCM Ingest	1498574234677	1498574234801	OK	 
USER	Ingesting XML file	257	END	1498574234676	1498574234801
USER	Ingesting XML file	258	START	1498574235677	1498574235677
REQUEST	Ingesting XML file	258		LCM Ingest	1498574235677	1498574235806	OK	 
USER	Ingesting XML file	258	END	1498574235677	1498574235806
USER	Ingesting XML file	259	START	1498574236675	1498574236675
REQUEST	Ingesting XML file	259		LCM Ingest	1498574236676	1498574236803	OK	 
USER	Ingesting XML file	259	END	1498574236675	1498574236804
USER	Ingesting XML file	260	START	1498574237676	1498574237676
REQUEST	Ingesting XML file	260		LCM Ingest	1498574237677	1498574237799	OK	 
USER	Ingesting XML file	260	END	1498574237676	1498574237799
USER	Ingesting XML file	261	START	1498574238676	1498574238676
REQUEST	Ingesting XML file	261		LCM Ingest	1498574238676	1498574238800	OK	 
USER	Ingesting XML file	261	END	1498574238676	1498574238800
USER	Ingesting XML file	262	START	1498574239677	1498574239677
REQUEST	Ingesting XML file	262		LCM Ingest	1498574239678	1498574239800	OK	 
USER	Ingesting XML file	262	END	1498574239677	1498574239801
USER	Ingesting XML file	263	START	1498574240677	1498574240677
REQUEST	Ingesting XML file	263		LCM Ingest	1498574240677	1498574240801	OK	 
USER	Ingesting XML file	263	END	1498574240677	1498574240802
USER	Ingesting XML file	264	START	1498574241676	1498574241676
REQUEST	Ingesting XML file	264		LCM Ingest	1498574241677	1498574241799	OK	 
USER	Ingesting XML file	264	END	1498574241676	1498574241799
USER	Ingesting XML file	265	START	1498574242676	1498574242676
REQUEST	Ingesting XML file	265		LCM Ingest	1498574242676	1498574242797	OK	 
USER	Ingesting XML file	265	END	1498574242676	1498574242798
USER	Ingesting XML file	266	START	1498574243677	1498574243677
REQUEST	Ingesting XML file	266		LCM Ingest	1498574243677	1498574243804	OK	 
USER	Ingesting XML file	266	END	1498574243677	1498574243804
USER	Ingesting XML file	267	START	1498574244676	1498574244676
REQUEST	Ingesting XML file	267		LCM Ingest	1498574244676	1498574244802	OK	 
USER	Ingesting XML file	267	END	1498574244676	1498574244802
USER	Ingesting XML file	268	START	1498574245675	1498574245675
REQUEST	Ingesting XML file	268		LCM Ingest	1498574245675	1498574245798	OK	 
USER	Ingesting XML file	268	END	1498574245675	1498574245799
USER	Ingesting XML file	269	START	1498574246676	1498574246676
REQUEST	Ingesting XML file	269		LCM Ingest	1498574246677	1498574246800	OK	 
USER	Ingesting XML file	269	END	1498574246676	1498574246800
USER	Ingesting XML file	270	START	1498574247677	1498574247677
REQUEST	Ingesting XML file	270		LCM Ingest	1498574247678	1498574247801	OK	 
USER	Ingesting XML file	270	END	1498574247677	1498574247802
USER	Ingesting XML file	271	START	1498574248677	1498574248677
REQUEST	Ingesting XML file	271		LCM Ingest	1498574248677	1498574248823	OK	 
USER	Ingesting XML file	271	END	1498574248677	1498574248824
USER	Ingesting XML file	272	START	1498574249676	1498574249676
REQUEST	Ingesting XML file	272		LCM Ingest	1498574249677	1498574249796	OK	 
USER	Ingesting XML file	272	END	1498574249676	1498574249796
USER	Ingesting XML file	273	START	1498574250676	1498574250676
REQUEST	Ingesting XML file	273		LCM Ingest	1498574250677	1498574250800	OK	 
USER	Ingesting XML file	273	END	1498574250676	1498574250800
USER	Ingesting XML file	274	START	1498574251676	1498574251676
REQUEST	Ingesting XML file	274		LCM Ingest	1498574251677	1498574251825	OK	 
USER	Ingesting XML file	274	END	1498574251676	1498574251825
USER	Ingesting XML file	275	START	1498574252676	1498574252676
REQUEST	Ingesting XML file	275		LCM Ingest	1498574252677	1498574252801	OK	 
USER	Ingesting XML file	275	END	1498574252676	1498574252801
USER	Ingesting XML file	276	START	1498574253676	1498574253676
REQUEST	Ingesting XML file	276		LCM Ingest	1498574253676	1498574253799	OK	 
USER	Ingesting XML file	276	END	1498574253676	1498574253800
USER	Ingesting XML file	277	START	1498574254675	1498574254675
REQUEST	Ingesting XML file	277		LCM Ingest	1498574254676	1498574254797	OK	 
USER	Ingesting XML file	277	END	1498574254675	1498574254797
USER	Ingesting XML file	278	START	1498574255677	1498574255677
REQUEST	Ingesting XML file	278		LCM Ingest	1498574255678	1498574255826	OK	 
USER	Ingesting XML file	278	END	1498574255677	1498574255826
USER	Ingesting XML file	279	START	1498574256676	1498574256676
REQUEST	Ingesting XML file	279		LCM Ingest	1498574256676	1498574256798	OK	 
USER	Ingesting XML file	279	END	1498574256676	1498574256798
USER	Ingesting XML file	280	START	1498574257676	1498574257676
REQUEST	Ingesting XML file	280		LCM Ingest	1498574257677	1498574257800	OK	 
USER	Ingesting XML file	280	END	1498574257676	1498574257801
USER	Ingesting XML file	281	START	1498574258675	1498574258675
REQUEST	Ingesting XML file	281		LCM Ingest	1498574258675	1498574258798	OK	 
USER	Ingesting XML file	281	END	1498574258675	1498574258799
USER	Ingesting XML file	282	START	1498574259676	1498574259676
REQUEST	Ingesting XML file	282		LCM Ingest	1498574259676	1498574259821	OK	 
USER	Ingesting XML file	282	END	1498574259676	1498574259822
USER	Ingesting XML file	283	START	1498574260676	1498574260676
REQUEST	Ingesting XML file	283		LCM Ingest	1498574260677	1498574260798	OK	 
USER	Ingesting XML file	283	END	1498574260676	1498574260799
USER	Ingesting XML file	284	START	1498574261677	1498574261677
REQUEST	Ingesting XML file	284		LCM Ingest	1498574261677	1498574261802	OK	 
USER	Ingesting XML file	284	END	1498574261677	1498574261803
USER	Ingesting XML file	285	START	1498574262677	1498574262677
REQUEST	Ingesting XML file	285		LCM Ingest	1498574262677	1498574262800	OK	 
USER	Ingesting XML file	285	END	1498574262677	1498574262800
USER	Ingesting XML file	286	START	1498574263676	1498574263676
REQUEST	Ingesting XML file	286		LCM Ingest	1498574263677	1498574263805	OK	 
USER	Ingesting XML file	286	END	1498574263676	1498574263806
USER	Ingesting XML file	287	START	1498574264677	1498574264677
REQUEST	Ingesting XML file	287		LCM Ingest	1498574264678	1498574264806	OK	 
USER	Ingesting XML file	287	END	1498574264677	1498574264806
USER	Ingesting XML file	288	START	1498574265675	1498574265675
REQUEST	Ingesting XML file	288		LCM Ingest	1498574265675	1498574265812	OK	 
USER	Ingesting XML file	288	END	1498574265675	1498574265813
USER	Ingesting XML file	289	START	1498574266675	1498574266675
REQUEST	Ingesting XML file	289		LCM Ingest	1498574266675	1498574266799	OK	 
USER	Ingesting XML file	289	END	1498574266675	1498574266800
USER	Ingesting XML file	290	START	1498574267676	1498574267676
REQUEST	Ingesting XML file	290		LCM Ingest	1498574267676	1498574267819	OK	 
USER	Ingesting XML file	290	END	1498574267676	1498574267820
USER	Ingesting XML file	291	START	1498574268675	1498574268675
REQUEST	Ingesting XML file	291		LCM Ingest	1498574268675	1498574268800	OK	 
USER	Ingesting XML file	291	END	1498574268675	1498574268801
USER	Ingesting XML file	292	START	1498574269677	1498574269677
REQUEST	Ingesting XML file	292		LCM Ingest	1498574269678	1498574269804	OK	 
USER	Ingesting XML file	292	END	1498574269677	1498574269805
USER	Ingesting XML file	293	START	1498574270676	1498574270676
REQUEST	Ingesting XML file	293		LCM Ingest	1498574270676	1498574270801	OK	 
USER	Ingesting XML file	293	END	1498574270676	1498574270801
USER	Ingesting XML file	294	START	1498574271677	1498574271677
REQUEST	Ingesting XML file	294		LCM Ingest	1498574271677	1498574271806	OK	 
USER	Ingesting XML file	294	END	1498574271677	1498574271807
USER	Ingesting XML file	295	START	1498574272677	1498574272677
REQUEST	Ingesting XML file	295		LCM Ingest	1498574272677	1498574272803	OK	 
USER	Ingesting XML file	295	END	1498574272677	1498574272804
USER	Ingesting XML file	296	START	1498574273678	1498574273678
REQUEST	Ingesting XML file	296		LCM Ingest	1498574273678	1498574273801	OK	 
USER	Ingesting XML file	296	END	1498574273678	1498574273802
USER	Ingesting XML file	297	START	1498574274676	1498574274676
REQUEST	Ingesting XML file	297		LCM Ingest	1498574274676	1498574274802	OK	 
USER	Ingesting XML file	297	END	1498574274676	1498574274803
USER	Ingesting XML file	298	START	1498574275677	1498574275677
REQUEST	Ingesting XML file	298		LCM Ingest	1498574275678	1498574275801	OK	 
USER	Ingesting XML file	298	END	1498574275677	1498574275801
USER	Ingesting XML file	299	START	1498574276676	1498574276676
REQUEST	Ingesting XML file	299		LCM Ingest	1498574276677	1498574276803	OK	 
USER	Ingesting XML file	299	END	1498574276676	1498574276804
USER	Ingesting XML file	300	START	1498574277675	1498574277675
REQUEST	Ingesting XML file	300		LCM Ingest	1498574277675	1498574277800	OK	 
USER	Ingesting XML file	300	END	1498574277675	1498574277800
USER	Ingesting XML file	301	START	1498574278676	1498574278676
REQUEST	Ingesting XML file	301		LCM Ingest	1498574278676	1498574278827	OK	 
USER	Ingesting XML file	301	END	1498574278676	1498574278827
