RUN	sky.LcmIngest		lcmingest	1498655029440	 	2.0
USER	Ingesting XML file	1	START	1498655029970	1498655029970
REQUEST	Ingesting XML file	1		LCM Ingest	1498655030008	1498655030165	OK	 
USER	Ingesting XML file	1	END	1498655029970	1498655030188
USER	Ingesting XML file	2	START	1498655031034	1498655031034
REQUEST	Ingesting XML file	2		LCM Ingest	1498655031035	1498655031165	OK	 
USER	Ingesting XML file	2	END	1498655031034	1498655031166
USER	Ingesting XML file	3	START	1498655032034	1498655032034
REQUEST	Ingesting XML file	3		LCM Ingest	1498655032034	1498655032165	OK	 
USER	Ingesting XML file	3	END	1498655032034	1498655032166
USER	Ingesting XML file	4	START	1498655032985	1498655032985
REQUEST	Ingesting XML file	4		LCM Ingest	1498655032985	1498655033116	OK	 
USER	Ingesting XML file	4	END	1498655032985	1498655033116
USER	Ingesting XML file	5	START	1498655033985	1498655033985
REQUEST	Ingesting XML file	5		LCM Ingest	1498655033985	1498655034113	OK	 
USER	Ingesting XML file	5	END	1498655033985	1498655034114
USER	Ingesting XML file	6	START	1498655034983	1498655034983
REQUEST	Ingesting XML file	6		LCM Ingest	1498655034984	1498655035107	OK	 
USER	Ingesting XML file	6	END	1498655034983	1498655035108
USER	Ingesting XML file	7	START	1498655035984	1498655035984
REQUEST	Ingesting XML file	7		LCM Ingest	1498655035985	1498655036114	OK	 
USER	Ingesting XML file	7	END	1498655035984	1498655036114
USER	Ingesting XML file	8	START	1498655036985	1498655036985
REQUEST	Ingesting XML file	8		LCM Ingest	1498655036985	1498655037113	OK	 
USER	Ingesting XML file	8	END	1498655036985	1498655037113
USER	Ingesting XML file	9	START	1498655037985	1498655037985
REQUEST	Ingesting XML file	9		LCM Ingest	1498655037985	1498655038107	OK	 
USER	Ingesting XML file	9	END	1498655037985	1498655038108
USER	Ingesting XML file	10	START	1498655038985	1498655038985
REQUEST	Ingesting XML file	10		LCM Ingest	1498655038985	1498655039111	OK	 
USER	Ingesting XML file	10	END	1498655038985	1498655039112
USER	Ingesting XML file	11	START	1498655039984	1498655039984
REQUEST	Ingesting XML file	11		LCM Ingest	1498655039984	1498655040108	OK	 
USER	Ingesting XML file	11	END	1498655039984	1498655040109
USER	Ingesting XML file	12	START	1498655040984	1498655040984
REQUEST	Ingesting XML file	12		LCM Ingest	1498655040985	1498655041111	OK	 
USER	Ingesting XML file	12	END	1498655040984	1498655041112
USER	Ingesting XML file	13	START	1498655041982	1498655041982
REQUEST	Ingesting XML file	13		LCM Ingest	1498655041982	1498655042109	OK	 
USER	Ingesting XML file	13	END	1498655041982	1498655042109
USER	Ingesting XML file	14	START	1498655042984	1498655042984
REQUEST	Ingesting XML file	14		LCM Ingest	1498655042984	1498655043118	OK	 
USER	Ingesting XML file	14	END	1498655042984	1498655043119
USER	Ingesting XML file	15	START	1498655043982	1498655043982
REQUEST	Ingesting XML file	15		LCM Ingest	1498655043982	1498655044105	OK	 
USER	Ingesting XML file	15	END	1498655043982	1498655044106
USER	Ingesting XML file	16	START	1498655044985	1498655044985
REQUEST	Ingesting XML file	16		LCM Ingest	1498655044985	1498655045108	OK	 
USER	Ingesting XML file	16	END	1498655044985	1498655045109
USER	Ingesting XML file	17	START	1498655045984	1498655045984
REQUEST	Ingesting XML file	17		LCM Ingest	1498655045984	1498655046110	OK	 
USER	Ingesting XML file	17	END	1498655045984	1498655046111
USER	Ingesting XML file	18	START	1498655046985	1498655046985
REQUEST	Ingesting XML file	18		LCM Ingest	1498655046985	1498655047113	OK	 
USER	Ingesting XML file	18	END	1498655046985	1498655047114
USER	Ingesting XML file	19	START	1498655047982	1498655047982
REQUEST	Ingesting XML file	19		LCM Ingest	1498655047983	1498655048119	OK	 
USER	Ingesting XML file	19	END	1498655047982	1498655048119
USER	Ingesting XML file	20	START	1498655048984	1498655048984
REQUEST	Ingesting XML file	20		LCM Ingest	1498655048985	1498655049110	OK	 
USER	Ingesting XML file	20	END	1498655048984	1498655049110
USER	Ingesting XML file	21	START	1498655049984	1498655049984
REQUEST	Ingesting XML file	21		LCM Ingest	1498655049985	1498655050127	OK	 
USER	Ingesting XML file	21	END	1498655049984	1498655050128
USER	Ingesting XML file	22	START	1498655050984	1498655050984
REQUEST	Ingesting XML file	22		LCM Ingest	1498655050985	1498655051106	OK	 
USER	Ingesting XML file	22	END	1498655050984	1498655051107
USER	Ingesting XML file	23	START	1498655051984	1498655051984
REQUEST	Ingesting XML file	23		LCM Ingest	1498655051985	1498655052112	OK	 
USER	Ingesting XML file	23	END	1498655051984	1498655052112
USER	Ingesting XML file	24	START	1498655052984	1498655052984
REQUEST	Ingesting XML file	24		LCM Ingest	1498655052985	1498655053109	OK	 
USER	Ingesting XML file	24	END	1498655052984	1498655053109
USER	Ingesting XML file	25	START	1498655053985	1498655053985
REQUEST	Ingesting XML file	25		LCM Ingest	1498655053985	1498655054123	OK	 
USER	Ingesting XML file	25	END	1498655053985	1498655054124
USER	Ingesting XML file	26	START	1498655054982	1498655054982
REQUEST	Ingesting XML file	26		LCM Ingest	1498655054982	1498655055108	OK	 
USER	Ingesting XML file	26	END	1498655054982	1498655055109
USER	Ingesting XML file	27	START	1498655055983	1498655055983
REQUEST	Ingesting XML file	27		LCM Ingest	1498655055983	1498655056107	OK	 
USER	Ingesting XML file	27	END	1498655055983	1498655056108
USER	Ingesting XML file	28	START	1498655056985	1498655056985
REQUEST	Ingesting XML file	28		LCM Ingest	1498655056985	1498655057111	OK	 
USER	Ingesting XML file	28	END	1498655056985	1498655057111
USER	Ingesting XML file	29	START	1498655057983	1498655057983
REQUEST	Ingesting XML file	29		LCM Ingest	1498655057983	1498655058107	OK	 
USER	Ingesting XML file	29	END	1498655057983	1498655058107
USER	Ingesting XML file	30	START	1498655058985	1498655058985
REQUEST	Ingesting XML file	30		LCM Ingest	1498655058985	1498655059113	OK	 
USER	Ingesting XML file	30	END	1498655058985	1498655059113
USER	Ingesting XML file	31	START	1498655059985	1498655059985
REQUEST	Ingesting XML file	31		LCM Ingest	1498655059985	1498655060111	OK	 
USER	Ingesting XML file	31	END	1498655059985	1498655060111
USER	Ingesting XML file	32	START	1498655060984	1498655060984
REQUEST	Ingesting XML file	32		LCM Ingest	1498655060984	1498655061113	OK	 
USER	Ingesting XML file	32	END	1498655060984	1498655061114
USER	Ingesting XML file	33	START	1498655061982	1498655061982
REQUEST	Ingesting XML file	33		LCM Ingest	1498655061982	1498655062106	OK	 
USER	Ingesting XML file	33	END	1498655061982	1498655062107
USER	Ingesting XML file	34	START	1498655062984	1498655062984
REQUEST	Ingesting XML file	34		LCM Ingest	1498655062984	1498655063110	OK	 
USER	Ingesting XML file	34	END	1498655062984	1498655063110
USER	Ingesting XML file	35	START	1498655063985	1498655063985
REQUEST	Ingesting XML file	35		LCM Ingest	1498655063985	1498655064112	OK	 
USER	Ingesting XML file	35	END	1498655063985	1498655064112
USER	Ingesting XML file	36	START	1498655064983	1498655064983
REQUEST	Ingesting XML file	36		LCM Ingest	1498655064983	1498655065107	OK	 
USER	Ingesting XML file	36	END	1498655064983	1498655065108
USER	Ingesting XML file	37	START	1498655065984	1498655065984
REQUEST	Ingesting XML file	37		LCM Ingest	1498655065984	1498655066107	OK	 
USER	Ingesting XML file	37	END	1498655065984	1498655066108
USER	Ingesting XML file	38	START	1498655066984	1498655066984
REQUEST	Ingesting XML file	38		LCM Ingest	1498655066984	1498655067112	OK	 
USER	Ingesting XML file	38	END	1498655066984	1498655067112
USER	Ingesting XML file	39	START	1498655067985	1498655067985
REQUEST	Ingesting XML file	39		LCM Ingest	1498655067985	1498655068112	OK	 
USER	Ingesting XML file	39	END	1498655067985	1498655068112
USER	Ingesting XML file	40	START	1498655068983	1498655068983
REQUEST	Ingesting XML file	40		LCM Ingest	1498655068984	1498655069110	OK	 
USER	Ingesting XML file	40	END	1498655068983	1498655069111
USER	Ingesting XML file	41	START	1498655069985	1498655069985
REQUEST	Ingesting XML file	41		LCM Ingest	1498655069985	1498655070130	OK	 
USER	Ingesting XML file	41	END	1498655069985	1498655070131
USER	Ingesting XML file	42	START	1498655070984	1498655070984
REQUEST	Ingesting XML file	42		LCM Ingest	1498655070984	1498655071113	OK	 
USER	Ingesting XML file	42	END	1498655070984	1498655071113
USER	Ingesting XML file	43	START	1498655071984	1498655071984
REQUEST	Ingesting XML file	43		LCM Ingest	1498655071984	1498655072111	OK	 
USER	Ingesting XML file	43	END	1498655071984	1498655072111
USER	Ingesting XML file	44	START	1498655072984	1498655072984
REQUEST	Ingesting XML file	44		LCM Ingest	1498655072984	1498655073108	OK	 
USER	Ingesting XML file	44	END	1498655072984	1498655073108
USER	Ingesting XML file	45	START	1498655073984	1498655073984
REQUEST	Ingesting XML file	45		LCM Ingest	1498655073984	1498655074132	OK	 
USER	Ingesting XML file	45	END	1498655073984	1498655074133
USER	Ingesting XML file	46	START	1498655074984	1498655074984
REQUEST	Ingesting XML file	46		LCM Ingest	1498655074985	1498655075107	OK	 
USER	Ingesting XML file	46	END	1498655074984	1498655075107
USER	Ingesting XML file	47	START	1498655075983	1498655075983
REQUEST	Ingesting XML file	47		LCM Ingest	1498655075984	1498655076107	OK	 
USER	Ingesting XML file	47	END	1498655075983	1498655076107
USER	Ingesting XML file	48	START	1498655076984	1498655076984
REQUEST	Ingesting XML file	48		LCM Ingest	1498655076985	1498655077108	OK	 
USER	Ingesting XML file	48	END	1498655076984	1498655077109
USER	Ingesting XML file	49	START	1498655077983	1498655077983
REQUEST	Ingesting XML file	49		LCM Ingest	1498655077983	1498655078107	OK	 
USER	Ingesting XML file	49	END	1498655077983	1498655078108
USER	Ingesting XML file	50	START	1498655078985	1498655078985
REQUEST	Ingesting XML file	50		LCM Ingest	1498655078985	1498655079111	OK	 
USER	Ingesting XML file	50	END	1498655078985	1498655079112
USER	Ingesting XML file	51	START	1498655079982	1498655079982
REQUEST	Ingesting XML file	51		LCM Ingest	1498655079983	1498655080105	OK	 
USER	Ingesting XML file	51	END	1498655079982	1498655080106
USER	Ingesting XML file	52	START	1498655080984	1498655080984
REQUEST	Ingesting XML file	52		LCM Ingest	1498655080984	1498655081110	OK	 
USER	Ingesting XML file	52	END	1498655080984	1498655081111
USER	Ingesting XML file	53	START	1498655081983	1498655081983
REQUEST	Ingesting XML file	53		LCM Ingest	1498655081983	1498655082111	OK	 
USER	Ingesting XML file	53	END	1498655081983	1498655082111
USER	Ingesting XML file	54	START	1498655082985	1498655082985
REQUEST	Ingesting XML file	54		LCM Ingest	1498655082985	1498655083111	OK	 
USER	Ingesting XML file	54	END	1498655082985	1498655083111
USER	Ingesting XML file	55	START	1498655083984	1498655083984
REQUEST	Ingesting XML file	55		LCM Ingest	1498655083984	1498655084107	OK	 
USER	Ingesting XML file	55	END	1498655083984	1498655084108
USER	Ingesting XML file	56	START	1498655084984	1498655084984
REQUEST	Ingesting XML file	56		LCM Ingest	1498655084985	1498655085134	OK	 
USER	Ingesting XML file	56	END	1498655084984	1498655085135
USER	Ingesting XML file	57	START	1498655085985	1498655085985
REQUEST	Ingesting XML file	57		LCM Ingest	1498655085985	1498655086116	OK	 
USER	Ingesting XML file	57	END	1498655085985	1498655086117
USER	Ingesting XML file	58	START	1498655086983	1498655086983
REQUEST	Ingesting XML file	58		LCM Ingest	1498655086983	1498655087107	OK	 
USER	Ingesting XML file	58	END	1498655086983	1498655087107
USER	Ingesting XML file	59	START	1498655087984	1498655087984
REQUEST	Ingesting XML file	59		LCM Ingest	1498655087984	1498655088106	OK	 
USER	Ingesting XML file	59	END	1498655087984	1498655088107
USER	Ingesting XML file	60	START	1498655088984	1498655088984
REQUEST	Ingesting XML file	60		LCM Ingest	1498655088984	1498655089109	OK	 
USER	Ingesting XML file	60	END	1498655088984	1498655089109
USER	Ingesting XML file	61	START	1498655089985	1498655089985
REQUEST	Ingesting XML file	61		LCM Ingest	1498655089985	1498655090111	OK	 
USER	Ingesting XML file	61	END	1498655089985	1498655090112
USER	Ingesting XML file	62	START	1498655090984	1498655090984
REQUEST	Ingesting XML file	62		LCM Ingest	1498655090985	1498655091110	OK	 
USER	Ingesting XML file	62	END	1498655090984	1498655091110
USER	Ingesting XML file	63	START	1498655091984	1498655091984
REQUEST	Ingesting XML file	63		LCM Ingest	1498655091984	1498655092111	OK	 
USER	Ingesting XML file	63	END	1498655091984	1498655092112
USER	Ingesting XML file	64	START	1498655092985	1498655092985
REQUEST	Ingesting XML file	64		LCM Ingest	1498655092985	1498655093112	OK	 
USER	Ingesting XML file	64	END	1498655092985	1498655093112
USER	Ingesting XML file	65	START	1498655093983	1498655093983
REQUEST	Ingesting XML file	65		LCM Ingest	1498655093984	1498655094109	OK	 
USER	Ingesting XML file	65	END	1498655093983	1498655094110
USER	Ingesting XML file	66	START	1498655094983	1498655094983
REQUEST	Ingesting XML file	66		LCM Ingest	1498655094984	1498655095108	OK	 
USER	Ingesting XML file	66	END	1498655094983	1498655095108
USER	Ingesting XML file	67	START	1498655095985	1498655095985
REQUEST	Ingesting XML file	67		LCM Ingest	1498655095985	1498655096141	OK	 
USER	Ingesting XML file	67	END	1498655095985	1498655096142
USER	Ingesting XML file	68	START	1498655096982	1498655096982
REQUEST	Ingesting XML file	68		LCM Ingest	1498655096983	1498655097134	OK	 
USER	Ingesting XML file	68	END	1498655096982	1498655097135
USER	Ingesting XML file	69	START	1498655097985	1498655097985
REQUEST	Ingesting XML file	69		LCM Ingest	1498655097985	1498655098108	OK	 
USER	Ingesting XML file	69	END	1498655097985	1498655098109
USER	Ingesting XML file	70	START	1498655098984	1498655098984
REQUEST	Ingesting XML file	70		LCM Ingest	1498655098984	1498655099128	OK	 
USER	Ingesting XML file	70	END	1498655098984	1498655099129
USER	Ingesting XML file	71	START	1498655099985	1498655099985
REQUEST	Ingesting XML file	71		LCM Ingest	1498655099985	1498655100108	OK	 
USER	Ingesting XML file	71	END	1498655099985	1498655100108
USER	Ingesting XML file	72	START	1498655100984	1498655100984
REQUEST	Ingesting XML file	72		LCM Ingest	1498655100984	1498655101107	OK	 
USER	Ingesting XML file	72	END	1498655100984	1498655101107
USER	Ingesting XML file	73	START	1498655101983	1498655101983
REQUEST	Ingesting XML file	73		LCM Ingest	1498655101983	1498655102112	OK	 
USER	Ingesting XML file	73	END	1498655101983	1498655102112
USER	Ingesting XML file	74	START	1498655102983	1498655102983
REQUEST	Ingesting XML file	74		LCM Ingest	1498655102983	1498655103127	OK	 
USER	Ingesting XML file	74	END	1498655102983	1498655103128
USER	Ingesting XML file	75	START	1498655103984	1498655103984
REQUEST	Ingesting XML file	75		LCM Ingest	1498655103985	1498655104109	OK	 
USER	Ingesting XML file	75	END	1498655103984	1498655104110
USER	Ingesting XML file	76	START	1498655104982	1498655104982
REQUEST	Ingesting XML file	76		LCM Ingest	1498655104983	1498655105109	OK	 
USER	Ingesting XML file	76	END	1498655104982	1498655105109
USER	Ingesting XML file	77	START	1498655105983	1498655105983
REQUEST	Ingesting XML file	77		LCM Ingest	1498655105984	1498655106106	OK	 
USER	Ingesting XML file	77	END	1498655105983	1498655106107
USER	Ingesting XML file	78	START	1498655106982	1498655106982
REQUEST	Ingesting XML file	78		LCM Ingest	1498655106982	1498655107106	OK	 
USER	Ingesting XML file	78	END	1498655106982	1498655107106
USER	Ingesting XML file	79	START	1498655107985	1498655107985
REQUEST	Ingesting XML file	79		LCM Ingest	1498655107985	1498655108110	OK	 
USER	Ingesting XML file	79	END	1498655107985	1498655108110
USER	Ingesting XML file	80	START	1498655108983	1498655108983
REQUEST	Ingesting XML file	80		LCM Ingest	1498655108984	1498655109105	OK	 
USER	Ingesting XML file	80	END	1498655108983	1498655109106
USER	Ingesting XML file	81	START	1498655109985	1498655109985
REQUEST	Ingesting XML file	81		LCM Ingest	1498655109985	1498655110112	OK	 
USER	Ingesting XML file	81	END	1498655109985	1498655110113
USER	Ingesting XML file	82	START	1498655110984	1498655110984
REQUEST	Ingesting XML file	82		LCM Ingest	1498655110985	1498655111115	OK	 
USER	Ingesting XML file	82	END	1498655110984	1498655111116
USER	Ingesting XML file	83	START	1498655111984	1498655111984
REQUEST	Ingesting XML file	83		LCM Ingest	1498655111984	1498655112123	OK	 
USER	Ingesting XML file	83	END	1498655111984	1498655112123
USER	Ingesting XML file	84	START	1498655112984	1498655112984
REQUEST	Ingesting XML file	84		LCM Ingest	1498655112984	1498655113117	OK	 
USER	Ingesting XML file	84	END	1498655112984	1498655113117
USER	Ingesting XML file	85	START	1498655113984	1498655113984
REQUEST	Ingesting XML file	85		LCM Ingest	1498655113984	1498655114109	OK	 
USER	Ingesting XML file	85	END	1498655113984	1498655114110
USER	Ingesting XML file	86	START	1498655114982	1498655114982
REQUEST	Ingesting XML file	86		LCM Ingest	1498655114983	1498655115111	OK	 
USER	Ingesting XML file	86	END	1498655114982	1498655115111
USER	Ingesting XML file	87	START	1498655115985	1498655115985
REQUEST	Ingesting XML file	87		LCM Ingest	1498655115985	1498655116112	OK	 
USER	Ingesting XML file	87	END	1498655115985	1498655116113
USER	Ingesting XML file	88	START	1498655116985	1498655116985
REQUEST	Ingesting XML file	88		LCM Ingest	1498655116985	1498655117108	OK	 
USER	Ingesting XML file	88	END	1498655116985	1498655117109
USER	Ingesting XML file	89	START	1498655117984	1498655117984
REQUEST	Ingesting XML file	89		LCM Ingest	1498655117984	1498655118108	OK	 
USER	Ingesting XML file	89	END	1498655117984	1498655118108
USER	Ingesting XML file	90	START	1498655118984	1498655118984
REQUEST	Ingesting XML file	90		LCM Ingest	1498655118984	1498655119113	OK	 
USER	Ingesting XML file	90	END	1498655118984	1498655119113
USER	Ingesting XML file	91	START	1498655119984	1498655119984
REQUEST	Ingesting XML file	91		LCM Ingest	1498655119984	1498655120111	OK	 
USER	Ingesting XML file	91	END	1498655119984	1498655120112
USER	Ingesting XML file	92	START	1498655120985	1498655120985
REQUEST	Ingesting XML file	92		LCM Ingest	1498655120985	1498655121112	OK	 
USER	Ingesting XML file	92	END	1498655120985	1498655121113
USER	Ingesting XML file	93	START	1498655121985	1498655121985
REQUEST	Ingesting XML file	93		LCM Ingest	1498655121985	1498655122108	OK	 
USER	Ingesting XML file	93	END	1498655121985	1498655122108
USER	Ingesting XML file	94	START	1498655122984	1498655122984
REQUEST	Ingesting XML file	94		LCM Ingest	1498655122984	1498655123149	OK	 
USER	Ingesting XML file	94	END	1498655122984	1498655123150
USER	Ingesting XML file	95	START	1498655123984	1498655123984
REQUEST	Ingesting XML file	95		LCM Ingest	1498655123984	1498655124106	OK	 
USER	Ingesting XML file	95	END	1498655123984	1498655124107
USER	Ingesting XML file	96	START	1498655124982	1498655124982
REQUEST	Ingesting XML file	96		LCM Ingest	1498655124982	1498655125107	OK	 
USER	Ingesting XML file	96	END	1498655124982	1498655125108
USER	Ingesting XML file	97	START	1498655125982	1498655125982
REQUEST	Ingesting XML file	97		LCM Ingest	1498655125983	1498655126117	OK	 
USER	Ingesting XML file	97	END	1498655125982	1498655126118
USER	Ingesting XML file	98	START	1498655126983	1498655126983
REQUEST	Ingesting XML file	98		LCM Ingest	1498655126984	1498655127132	OK	 
USER	Ingesting XML file	98	END	1498655126983	1498655127132
USER	Ingesting XML file	99	START	1498655127983	1498655127983
REQUEST	Ingesting XML file	99		LCM Ingest	1498655127983	1498655128107	OK	 
USER	Ingesting XML file	99	END	1498655127983	1498655128108
USER	Ingesting XML file	100	START	1498655128984	1498655128984
REQUEST	Ingesting XML file	100		LCM Ingest	1498655128984	1498655129141	OK	 
USER	Ingesting XML file	100	END	1498655128984	1498655129141
USER	Ingesting XML file	101	START	1498655129983	1498655129983
REQUEST	Ingesting XML file	101		LCM Ingest	1498655129984	1498655130108	OK	 
USER	Ingesting XML file	101	END	1498655129983	1498655130108
USER	Ingesting XML file	102	START	1498655130984	1498655130984
REQUEST	Ingesting XML file	102		LCM Ingest	1498655130985	1498655131108	OK	 
USER	Ingesting XML file	102	END	1498655130984	1498655131109
USER	Ingesting XML file	103	START	1498655131985	1498655131985
REQUEST	Ingesting XML file	103		LCM Ingest	1498655131985	1498655132108	OK	 
USER	Ingesting XML file	103	END	1498655131985	1498655132108
USER	Ingesting XML file	104	START	1498655132984	1498655132984
REQUEST	Ingesting XML file	104		LCM Ingest	1498655132984	1498655133108	OK	 
USER	Ingesting XML file	104	END	1498655132984	1498655133109
USER	Ingesting XML file	105	START	1498655133984	1498655133984
REQUEST	Ingesting XML file	105		LCM Ingest	1498655133985	1498655134130	OK	 
USER	Ingesting XML file	105	END	1498655133984	1498655134131
USER	Ingesting XML file	106	START	1498655134984	1498655134984
REQUEST	Ingesting XML file	106		LCM Ingest	1498655134985	1498655135109	OK	 
USER	Ingesting XML file	106	END	1498655134984	1498655135109
USER	Ingesting XML file	107	START	1498655135984	1498655135984
REQUEST	Ingesting XML file	107		LCM Ingest	1498655135985	1498655136119	OK	 
USER	Ingesting XML file	107	END	1498655135984	1498655136119
USER	Ingesting XML file	108	START	1498655136983	1498655136983
REQUEST	Ingesting XML file	108		LCM Ingest	1498655136983	1498655137106	OK	 
USER	Ingesting XML file	108	END	1498655136983	1498655137107
USER	Ingesting XML file	109	START	1498655137984	1498655137984
REQUEST	Ingesting XML file	109		LCM Ingest	1498655137984	1498655138128	OK	 
USER	Ingesting XML file	109	END	1498655137984	1498655138128
USER	Ingesting XML file	110	START	1498655138983	1498655138983
REQUEST	Ingesting XML file	110		LCM Ingest	1498655138983	1498655139109	OK	 
USER	Ingesting XML file	110	END	1498655138983	1498655139110
USER	Ingesting XML file	111	START	1498655139985	1498655139985
REQUEST	Ingesting XML file	111		LCM Ingest	1498655139985	1498655140110	OK	 
USER	Ingesting XML file	111	END	1498655139985	1498655140110
USER	Ingesting XML file	112	START	1498655140983	1498655140983
REQUEST	Ingesting XML file	112		LCM Ingest	1498655140983	1498655141111	OK	 
USER	Ingesting XML file	112	END	1498655140983	1498655141111
USER	Ingesting XML file	113	START	1498655141985	1498655141985
REQUEST	Ingesting XML file	113		LCM Ingest	1498655141985	1498655142109	OK	 
USER	Ingesting XML file	113	END	1498655141985	1498655142109
USER	Ingesting XML file	114	START	1498655142984	1498655142984
REQUEST	Ingesting XML file	114		LCM Ingest	1498655142985	1498655143110	OK	 
USER	Ingesting XML file	114	END	1498655142984	1498655143110
USER	Ingesting XML file	115	START	1498655143984	1498655143984
REQUEST	Ingesting XML file	115		LCM Ingest	1498655143984	1498655144130	OK	 
USER	Ingesting XML file	115	END	1498655143984	1498655144131
USER	Ingesting XML file	116	START	1498655144985	1498655144985
REQUEST	Ingesting XML file	116		LCM Ingest	1498655144985	1498655145115	OK	 
USER	Ingesting XML file	116	END	1498655144985	1498655145116
USER	Ingesting XML file	117	START	1498655145983	1498655145983
REQUEST	Ingesting XML file	117		LCM Ingest	1498655145983	1498655146110	OK	 
USER	Ingesting XML file	117	END	1498655145983	1498655146110
USER	Ingesting XML file	118	START	1498655146984	1498655146984
REQUEST	Ingesting XML file	118		LCM Ingest	1498655146985	1498655147107	OK	 
USER	Ingesting XML file	118	END	1498655146984	1498655147107
USER	Ingesting XML file	119	START	1498655147985	1498655147985
REQUEST	Ingesting XML file	119		LCM Ingest	1498655147985	1498655148110	OK	 
USER	Ingesting XML file	119	END	1498655147985	1498655148110
USER	Ingesting XML file	120	START	1498655148984	1498655148984
REQUEST	Ingesting XML file	120		LCM Ingest	1498655148985	1498655149113	OK	 
USER	Ingesting XML file	120	END	1498655148984	1498655149114
USER	Ingesting XML file	121	START	1498655149984	1498655149984
REQUEST	Ingesting XML file	121		LCM Ingest	1498655149984	1498655150108	OK	 
USER	Ingesting XML file	121	END	1498655149984	1498655150109
USER	Ingesting XML file	122	START	1498655150982	1498655150982
REQUEST	Ingesting XML file	122		LCM Ingest	1498655150982	1498655151106	OK	 
USER	Ingesting XML file	122	END	1498655150982	1498655151107
USER	Ingesting XML file	123	START	1498655151984	1498655151984
REQUEST	Ingesting XML file	123		LCM Ingest	1498655151985	1498655152136	OK	 
USER	Ingesting XML file	123	END	1498655151984	1498655152136
USER	Ingesting XML file	124	START	1498655152985	1498655152985
REQUEST	Ingesting XML file	124		LCM Ingest	1498655152985	1498655153105	OK	 
USER	Ingesting XML file	124	END	1498655152985	1498655153105
USER	Ingesting XML file	125	START	1498655153985	1498655153985
REQUEST	Ingesting XML file	125		LCM Ingest	1498655153985	1498655154108	OK	 
USER	Ingesting XML file	125	END	1498655153985	1498655154108
USER	Ingesting XML file	126	START	1498655154984	1498655154984
REQUEST	Ingesting XML file	126		LCM Ingest	1498655154985	1498655155121	OK	 
USER	Ingesting XML file	126	END	1498655154984	1498655155121
USER	Ingesting XML file	127	START	1498655155984	1498655155984
REQUEST	Ingesting XML file	127		LCM Ingest	1498655155984	1498655156106	OK	 
USER	Ingesting XML file	127	END	1498655155984	1498655156106
USER	Ingesting XML file	128	START	1498655156984	1498655156984
REQUEST	Ingesting XML file	128		LCM Ingest	1498655156984	1498655157131	OK	 
USER	Ingesting XML file	128	END	1498655156984	1498655157131
USER	Ingesting XML file	129	START	1498655157984	1498655157984
REQUEST	Ingesting XML file	129		LCM Ingest	1498655157984	1498655158107	OK	 
USER	Ingesting XML file	129	END	1498655157984	1498655158107
USER	Ingesting XML file	130	START	1498655158984	1498655158984
REQUEST	Ingesting XML file	130		LCM Ingest	1498655158984	1498655159108	OK	 
USER	Ingesting XML file	130	END	1498655158984	1498655159108
USER	Ingesting XML file	131	START	1498655159984	1498655159984
REQUEST	Ingesting XML file	131		LCM Ingest	1498655159985	1498655160113	OK	 
USER	Ingesting XML file	131	END	1498655159984	1498655160113
USER	Ingesting XML file	132	START	1498655160984	1498655160984
REQUEST	Ingesting XML file	132		LCM Ingest	1498655160984	1498655161115	OK	 
USER	Ingesting XML file	132	END	1498655160984	1498655161115
USER	Ingesting XML file	133	START	1498655161985	1498655161985
REQUEST	Ingesting XML file	133		LCM Ingest	1498655161985	1498655162115	OK	 
USER	Ingesting XML file	133	END	1498655161985	1498655162116
USER	Ingesting XML file	134	START	1498655162984	1498655162984
REQUEST	Ingesting XML file	134		LCM Ingest	1498655162984	1498655163108	OK	 
USER	Ingesting XML file	134	END	1498655162984	1498655163109
USER	Ingesting XML file	135	START	1498655163982	1498655163982
REQUEST	Ingesting XML file	135		LCM Ingest	1498655163982	1498655164109	OK	 
USER	Ingesting XML file	135	END	1498655163982	1498655164110
USER	Ingesting XML file	136	START	1498655164983	1498655164983
REQUEST	Ingesting XML file	136		LCM Ingest	1498655164983	1498655165109	OK	 
USER	Ingesting XML file	136	END	1498655164983	1498655165110
USER	Ingesting XML file	137	START	1498655165984	1498655165984
REQUEST	Ingesting XML file	137		LCM Ingest	1498655165984	1498655166110	OK	 
USER	Ingesting XML file	137	END	1498655165984	1498655166111
USER	Ingesting XML file	138	START	1498655166984	1498655166984
REQUEST	Ingesting XML file	138		LCM Ingest	1498655166984	1498655167110	OK	 
USER	Ingesting XML file	138	END	1498655166984	1498655167111
USER	Ingesting XML file	139	START	1498655167985	1498655167985
REQUEST	Ingesting XML file	139		LCM Ingest	1498655167985	1498655168134	OK	 
USER	Ingesting XML file	139	END	1498655167985	1498655168134
USER	Ingesting XML file	140	START	1498655168984	1498655168984
REQUEST	Ingesting XML file	140		LCM Ingest	1498655168984	1498655169110	OK	 
USER	Ingesting XML file	140	END	1498655168984	1498655169110
USER	Ingesting XML file	141	START	1498655169983	1498655169983
REQUEST	Ingesting XML file	141		LCM Ingest	1498655169984	1498655170107	OK	 
USER	Ingesting XML file	141	END	1498655169983	1498655170108
USER	Ingesting XML file	142	START	1498655170984	1498655170984
REQUEST	Ingesting XML file	142		LCM Ingest	1498655170984	1498655171106	OK	 
USER	Ingesting XML file	142	END	1498655170984	1498655171106
USER	Ingesting XML file	143	START	1498655171984	1498655171984
REQUEST	Ingesting XML file	143		LCM Ingest	1498655171984	1498655172110	OK	 
USER	Ingesting XML file	143	END	1498655171984	1498655172111
USER	Ingesting XML file	144	START	1498655172984	1498655172984
REQUEST	Ingesting XML file	144		LCM Ingest	1498655172984	1498655173111	OK	 
USER	Ingesting XML file	144	END	1498655172984	1498655173112
USER	Ingesting XML file	145	START	1498655173985	1498655173985
REQUEST	Ingesting XML file	145		LCM Ingest	1498655173985	1498655174108	OK	 
USER	Ingesting XML file	145	END	1498655173985	1498655174108
USER	Ingesting XML file	146	START	1498655174984	1498655174984
REQUEST	Ingesting XML file	146		LCM Ingest	1498655174984	1498655175115	OK	 
USER	Ingesting XML file	146	END	1498655174984	1498655175116
USER	Ingesting XML file	147	START	1498655175983	1498655175983
REQUEST	Ingesting XML file	147		LCM Ingest	1498655175984	1498655176117	OK	 
USER	Ingesting XML file	147	END	1498655175983	1498655176117
USER	Ingesting XML file	148	START	1498655176984	1498655176984
REQUEST	Ingesting XML file	148		LCM Ingest	1498655176985	1498655177112	OK	 
USER	Ingesting XML file	148	END	1498655176984	1498655177112
USER	Ingesting XML file	149	START	1498655177985	1498655177985
REQUEST	Ingesting XML file	149		LCM Ingest	1498655177985	1498655178109	OK	 
USER	Ingesting XML file	149	END	1498655177985	1498655178109
USER	Ingesting XML file	150	START	1498655178984	1498655178984
REQUEST	Ingesting XML file	150		LCM Ingest	1498655178984	1498655179133	OK	 
USER	Ingesting XML file	150	END	1498655178984	1498655179133
USER	Ingesting XML file	151	START	1498655179984	1498655179984
REQUEST	Ingesting XML file	151		LCM Ingest	1498655179984	1498655180114	OK	 
USER	Ingesting XML file	151	END	1498655179984	1498655180115
USER	Ingesting XML file	152	START	1498655180983	1498655180983
REQUEST	Ingesting XML file	152		LCM Ingest	1498655180983	1498655181106	OK	 
USER	Ingesting XML file	152	END	1498655180983	1498655181107
USER	Ingesting XML file	153	START	1498655181984	1498655181984
REQUEST	Ingesting XML file	153		LCM Ingest	1498655181984	1498655182128	OK	 
USER	Ingesting XML file	153	END	1498655181984	1498655182128
USER	Ingesting XML file	154	START	1498655182983	1498655182983
REQUEST	Ingesting XML file	154		LCM Ingest	1498655182984	1498655183119	OK	 
USER	Ingesting XML file	154	END	1498655182983	1498655183120
USER	Ingesting XML file	155	START	1498655183984	1498655183984
REQUEST	Ingesting XML file	155		LCM Ingest	1498655183984	1498655184106	OK	 
USER	Ingesting XML file	155	END	1498655183984	1498655184106
USER	Ingesting XML file	156	START	1498655184984	1498655184984
REQUEST	Ingesting XML file	156		LCM Ingest	1498655184985	1498655185110	OK	 
USER	Ingesting XML file	156	END	1498655184984	1498655185111
USER	Ingesting XML file	157	START	1498655185984	1498655185984
REQUEST	Ingesting XML file	157		LCM Ingest	1498655185984	1498655186105	OK	 
USER	Ingesting XML file	157	END	1498655185984	1498655186106
USER	Ingesting XML file	158	START	1498655186983	1498655186983
REQUEST	Ingesting XML file	158		LCM Ingest	1498655186984	1498655187110	OK	 
USER	Ingesting XML file	158	END	1498655186983	1498655187111
USER	Ingesting XML file	159	START	1498655187984	1498655187984
REQUEST	Ingesting XML file	159		LCM Ingest	1498655187985	1498655188115	OK	 
USER	Ingesting XML file	159	END	1498655187984	1498655188115
USER	Ingesting XML file	160	START	1498655188985	1498655188985
REQUEST	Ingesting XML file	160		LCM Ingest	1498655188985	1498655189113	OK	 
USER	Ingesting XML file	160	END	1498655188985	1498655189113
USER	Ingesting XML file	161	START	1498655189984	1498655189984
REQUEST	Ingesting XML file	161		LCM Ingest	1498655189984	1498655190110	OK	 
USER	Ingesting XML file	161	END	1498655189984	1498655190111
USER	Ingesting XML file	162	START	1498655190984	1498655190984
REQUEST	Ingesting XML file	162		LCM Ingest	1498655190984	1498655191110	OK	 
USER	Ingesting XML file	162	END	1498655190984	1498655191110
USER	Ingesting XML file	163	START	1498655191984	1498655191984
REQUEST	Ingesting XML file	163		LCM Ingest	1498655191984	1498655192132	OK	 
USER	Ingesting XML file	163	END	1498655191984	1498655192133
USER	Ingesting XML file	164	START	1498655192985	1498655192985
REQUEST	Ingesting XML file	164		LCM Ingest	1498655192985	1498655193110	OK	 
USER	Ingesting XML file	164	END	1498655192985	1498655193110
USER	Ingesting XML file	165	START	1498655193983	1498655193983
REQUEST	Ingesting XML file	165		LCM Ingest	1498655193983	1498655194123	OK	 
USER	Ingesting XML file	165	END	1498655193983	1498655194123
USER	Ingesting XML file	166	START	1498655194984	1498655194984
REQUEST	Ingesting XML file	166		LCM Ingest	1498655194984	1498655195108	OK	 
USER	Ingesting XML file	166	END	1498655194984	1498655195108
USER	Ingesting XML file	167	START	1498655195984	1498655195984
REQUEST	Ingesting XML file	167		LCM Ingest	1498655195985	1498655196105	OK	 
USER	Ingesting XML file	167	END	1498655195984	1498655196106
USER	Ingesting XML file	168	START	1498655196985	1498655196985
REQUEST	Ingesting XML file	168		LCM Ingest	1498655196985	1498655197107	OK	 
USER	Ingesting XML file	168	END	1498655196985	1498655197108
USER	Ingesting XML file	169	START	1498655197982	1498655197982
REQUEST	Ingesting XML file	169		LCM Ingest	1498655197983	1498655198103	OK	 
USER	Ingesting XML file	169	END	1498655197982	1498655198104
USER	Ingesting XML file	170	START	1498655198983	1498655198983
REQUEST	Ingesting XML file	170		LCM Ingest	1498655198983	1498655199106	OK	 
USER	Ingesting XML file	170	END	1498655198983	1498655199107
USER	Ingesting XML file	171	START	1498655199984	1498655199984
REQUEST	Ingesting XML file	171		LCM Ingest	1498655199985	1498655200109	OK	 
USER	Ingesting XML file	171	END	1498655199984	1498655200110
USER	Ingesting XML file	172	START	1498655200984	1498655200984
REQUEST	Ingesting XML file	172		LCM Ingest	1498655200984	1498655201108	OK	 
USER	Ingesting XML file	172	END	1498655200984	1498655201109
USER	Ingesting XML file	173	START	1498655201982	1498655201982
REQUEST	Ingesting XML file	173		LCM Ingest	1498655201983	1498655202109	OK	 
USER	Ingesting XML file	173	END	1498655201982	1498655202110
USER	Ingesting XML file	174	START	1498655202984	1498655202984
REQUEST	Ingesting XML file	174		LCM Ingest	1498655202985	1498655203108	OK	 
USER	Ingesting XML file	174	END	1498655202984	1498655203108
USER	Ingesting XML file	175	START	1498655203984	1498655203984
REQUEST	Ingesting XML file	175		LCM Ingest	1498655203984	1498655204111	OK	 
USER	Ingesting XML file	175	END	1498655203984	1498655204111
USER	Ingesting XML file	176	START	1498655204984	1498655204984
REQUEST	Ingesting XML file	176		LCM Ingest	1498655204984	1498655205107	OK	 
USER	Ingesting XML file	176	END	1498655204984	1498655205107
USER	Ingesting XML file	177	START	1498655205982	1498655205982
REQUEST	Ingesting XML file	177		LCM Ingest	1498655205983	1498655206108	OK	 
USER	Ingesting XML file	177	END	1498655205982	1498655206109
USER	Ingesting XML file	178	START	1498655206985	1498655206985
REQUEST	Ingesting XML file	178		LCM Ingest	1498655206985	1498655207106	OK	 
USER	Ingesting XML file	178	END	1498655206985	1498655207106
USER	Ingesting XML file	179	START	1498655207984	1498655207984
REQUEST	Ingesting XML file	179		LCM Ingest	1498655207984	1498655208112	OK	 
USER	Ingesting XML file	179	END	1498655207984	1498655208113
USER	Ingesting XML file	180	START	1498655208985	1498655208985
REQUEST	Ingesting XML file	180		LCM Ingest	1498655208985	1498655209108	OK	 
USER	Ingesting XML file	180	END	1498655208985	1498655209108
USER	Ingesting XML file	181	START	1498655209984	1498655209984
REQUEST	Ingesting XML file	181		LCM Ingest	1498655209984	1498655210105	OK	 
USER	Ingesting XML file	181	END	1498655209984	1498655210106
USER	Ingesting XML file	182	START	1498655210984	1498655210984
REQUEST	Ingesting XML file	182		LCM Ingest	1498655210984	1498655211118	OK	 
USER	Ingesting XML file	182	END	1498655210984	1498655211119
USER	Ingesting XML file	183	START	1498655211985	1498655211985
REQUEST	Ingesting XML file	183		LCM Ingest	1498655211985	1498655212107	OK	 
USER	Ingesting XML file	183	END	1498655211985	1498655212108
USER	Ingesting XML file	184	START	1498655212984	1498655212984
REQUEST	Ingesting XML file	184		LCM Ingest	1498655212985	1498655213133	OK	 
USER	Ingesting XML file	184	END	1498655212984	1498655213133
USER	Ingesting XML file	185	START	1498655213984	1498655213984
REQUEST	Ingesting XML file	185		LCM Ingest	1498655213985	1498655214116	OK	 
USER	Ingesting XML file	185	END	1498655213984	1498655214117
USER	Ingesting XML file	186	START	1498655214985	1498655214985
REQUEST	Ingesting XML file	186		LCM Ingest	1498655214985	1498655215111	OK	 
USER	Ingesting XML file	186	END	1498655214985	1498655215111
USER	Ingesting XML file	187	START	1498655215985	1498655215985
REQUEST	Ingesting XML file	187		LCM Ingest	1498655215985	1498655216109	OK	 
USER	Ingesting XML file	187	END	1498655215985	1498655216109
USER	Ingesting XML file	188	START	1498655216984	1498655216984
REQUEST	Ingesting XML file	188		LCM Ingest	1498655216985	1498655217108	OK	 
USER	Ingesting XML file	188	END	1498655216984	1498655217108
USER	Ingesting XML file	189	START	1498655217985	1498655217985
REQUEST	Ingesting XML file	189		LCM Ingest	1498655217985	1498655218132	OK	 
USER	Ingesting XML file	189	END	1498655217985	1498655218133
USER	Ingesting XML file	190	START	1498655218985	1498655218985
REQUEST	Ingesting XML file	190		LCM Ingest	1498655218985	1498655219123	OK	 
USER	Ingesting XML file	190	END	1498655218985	1498655219124
USER	Ingesting XML file	191	START	1498655219985	1498655219985
REQUEST	Ingesting XML file	191		LCM Ingest	1498655219985	1498655220107	OK	 
USER	Ingesting XML file	191	END	1498655219985	1498655220108
USER	Ingesting XML file	192	START	1498655220985	1498655220985
REQUEST	Ingesting XML file	192		LCM Ingest	1498655220985	1498655221134	OK	 
USER	Ingesting XML file	192	END	1498655220985	1498655221135
USER	Ingesting XML file	193	START	1498655221984	1498655221984
REQUEST	Ingesting XML file	193		LCM Ingest	1498655221984	1498655222106	OK	 
USER	Ingesting XML file	193	END	1498655221984	1498655222107
USER	Ingesting XML file	194	START	1498655222985	1498655222985
REQUEST	Ingesting XML file	194		LCM Ingest	1498655222985	1498655223111	OK	 
USER	Ingesting XML file	194	END	1498655222985	1498655223111
USER	Ingesting XML file	195	START	1498655223984	1498655223984
REQUEST	Ingesting XML file	195		LCM Ingest	1498655223985	1498655224109	OK	 
USER	Ingesting XML file	195	END	1498655223984	1498655224110
USER	Ingesting XML file	196	START	1498655224983	1498655224983
REQUEST	Ingesting XML file	196		LCM Ingest	1498655224983	1498655225109	OK	 
USER	Ingesting XML file	196	END	1498655224983	1498655225109
USER	Ingesting XML file	197	START	1498655225985	1498655225985
REQUEST	Ingesting XML file	197		LCM Ingest	1498655225985	1498655226110	OK	 
USER	Ingesting XML file	197	END	1498655225985	1498655226110
USER	Ingesting XML file	198	START	1498655226982	1498655226982
REQUEST	Ingesting XML file	198		LCM Ingest	1498655226982	1498655227112	OK	 
USER	Ingesting XML file	198	END	1498655226982	1498655227113
USER	Ingesting XML file	199	START	1498655227985	1498655227985
REQUEST	Ingesting XML file	199		LCM Ingest	1498655227985	1498655228112	OK	 
USER	Ingesting XML file	199	END	1498655227985	1498655228112
USER	Ingesting XML file	200	START	1498655228984	1498655228984
REQUEST	Ingesting XML file	200		LCM Ingest	1498655228984	1498655229134	OK	 
USER	Ingesting XML file	200	END	1498655228984	1498655229135
USER	Ingesting XML file	201	START	1498655229984	1498655229984
REQUEST	Ingesting XML file	201		LCM Ingest	1498655229984	1498655230114	OK	 
USER	Ingesting XML file	201	END	1498655229984	1498655230115
USER	Ingesting XML file	202	START	1498655230985	1498655230985
REQUEST	Ingesting XML file	202		LCM Ingest	1498655230985	1498655231134	OK	 
USER	Ingesting XML file	202	END	1498655230985	1498655231135
USER	Ingesting XML file	203	START	1498655231982	1498655231982
REQUEST	Ingesting XML file	203		LCM Ingest	1498655231983	1498655232127	OK	 
USER	Ingesting XML file	203	END	1498655231982	1498655232128
USER	Ingesting XML file	204	START	1498655232984	1498655232984
REQUEST	Ingesting XML file	204		LCM Ingest	1498655232984	1498655233112	OK	 
USER	Ingesting XML file	204	END	1498655232984	1498655233112
USER	Ingesting XML file	205	START	1498655233983	1498655233983
REQUEST	Ingesting XML file	205		LCM Ingest	1498655233983	1498655234106	OK	 
USER	Ingesting XML file	205	END	1498655233983	1498655234106
USER	Ingesting XML file	206	START	1498655234983	1498655234983
REQUEST	Ingesting XML file	206		LCM Ingest	1498655234983	1498655235132	OK	 
USER	Ingesting XML file	206	END	1498655234983	1498655235132
USER	Ingesting XML file	207	START	1498655235982	1498655235982
REQUEST	Ingesting XML file	207		LCM Ingest	1498655235982	1498655236110	OK	 
USER	Ingesting XML file	207	END	1498655235982	1498655236110
USER	Ingesting XML file	208	START	1498655236983	1498655236983
REQUEST	Ingesting XML file	208		LCM Ingest	1498655236983	1498655237117	OK	 
USER	Ingesting XML file	208	END	1498655236983	1498655237117
USER	Ingesting XML file	209	START	1498655237984	1498655237984
REQUEST	Ingesting XML file	209		LCM Ingest	1498655237984	1498655238118	OK	 
USER	Ingesting XML file	209	END	1498655237984	1498655238118
USER	Ingesting XML file	210	START	1498655238983	1498655238983
REQUEST	Ingesting XML file	210		LCM Ingest	1498655238983	1498655239107	OK	 
USER	Ingesting XML file	210	END	1498655238983	1498655239107
USER	Ingesting XML file	211	START	1498655239984	1498655239984
REQUEST	Ingesting XML file	211		LCM Ingest	1498655239985	1498655240115	OK	 
USER	Ingesting XML file	211	END	1498655239984	1498655240115
USER	Ingesting XML file	212	START	1498655240985	1498655240985
REQUEST	Ingesting XML file	212		LCM Ingest	1498655240985	1498655241115	OK	 
USER	Ingesting XML file	212	END	1498655240985	1498655241115
USER	Ingesting XML file	213	START	1498655241983	1498655241983
REQUEST	Ingesting XML file	213		LCM Ingest	1498655241983	1498655242107	OK	 
USER	Ingesting XML file	213	END	1498655241983	1498655242107
USER	Ingesting XML file	214	START	1498655242983	1498655242983
REQUEST	Ingesting XML file	214		LCM Ingest	1498655242984	1498655243107	OK	 
USER	Ingesting XML file	214	END	1498655242983	1498655243107
USER	Ingesting XML file	215	START	1498655243985	1498655243985
REQUEST	Ingesting XML file	215		LCM Ingest	1498655243985	1498655244110	OK	 
USER	Ingesting XML file	215	END	1498655243985	1498655244111
USER	Ingesting XML file	216	START	1498655244983	1498655244983
REQUEST	Ingesting XML file	216		LCM Ingest	1498655244983	1498655245106	OK	 
USER	Ingesting XML file	216	END	1498655244983	1498655245106
USER	Ingesting XML file	217	START	1498655245983	1498655245983
REQUEST	Ingesting XML file	217		LCM Ingest	1498655245984	1498655246110	OK	 
USER	Ingesting XML file	217	END	1498655245983	1498655246110
USER	Ingesting XML file	218	START	1498655246983	1498655246983
REQUEST	Ingesting XML file	218		LCM Ingest	1498655246983	1498655247135	OK	 
USER	Ingesting XML file	218	END	1498655246983	1498655247135
USER	Ingesting XML file	219	START	1498655247984	1498655247984
REQUEST	Ingesting XML file	219		LCM Ingest	1498655247984	1498655248110	OK	 
USER	Ingesting XML file	219	END	1498655247984	1498655248110
USER	Ingesting XML file	220	START	1498655248984	1498655248984
REQUEST	Ingesting XML file	220		LCM Ingest	1498655248984	1498655249110	OK	 
USER	Ingesting XML file	220	END	1498655248984	1498655249111
USER	Ingesting XML file	221	START	1498655249984	1498655249984
REQUEST	Ingesting XML file	221		LCM Ingest	1498655249984	1498655250105	OK	 
USER	Ingesting XML file	221	END	1498655249984	1498655250106
USER	Ingesting XML file	222	START	1498655250983	1498655250983
REQUEST	Ingesting XML file	222		LCM Ingest	1498655250983	1498655251105	OK	 
USER	Ingesting XML file	222	END	1498655250983	1498655251106
USER	Ingesting XML file	223	START	1498655251983	1498655251983
REQUEST	Ingesting XML file	223		LCM Ingest	1498655251983	1498655252115	OK	 
USER	Ingesting XML file	223	END	1498655251983	1498655252116
USER	Ingesting XML file	224	START	1498655252982	1498655252982
REQUEST	Ingesting XML file	224		LCM Ingest	1498655252982	1498655253106	OK	 
USER	Ingesting XML file	224	END	1498655252982	1498655253107
USER	Ingesting XML file	225	START	1498655253984	1498655253984
REQUEST	Ingesting XML file	225		LCM Ingest	1498655253984	1498655254107	OK	 
USER	Ingesting XML file	225	END	1498655253984	1498655254107
USER	Ingesting XML file	226	START	1498655254984	1498655254984
REQUEST	Ingesting XML file	226		LCM Ingest	1498655254985	1498655255130	OK	 
USER	Ingesting XML file	226	END	1498655254984	1498655255131
USER	Ingesting XML file	227	START	1498655255984	1498655255984
REQUEST	Ingesting XML file	227		LCM Ingest	1498655255984	1498655256105	OK	 
USER	Ingesting XML file	227	END	1498655255984	1498655256105
USER	Ingesting XML file	228	START	1498655256983	1498655256983
REQUEST	Ingesting XML file	228		LCM Ingest	1498655256983	1498655257129	OK	 
USER	Ingesting XML file	228	END	1498655256983	1498655257129
USER	Ingesting XML file	229	START	1498655257984	1498655257984
REQUEST	Ingesting XML file	229		LCM Ingest	1498655257985	1498655258108	OK	 
USER	Ingesting XML file	229	END	1498655257984	1498655258108
USER	Ingesting XML file	230	START	1498655258984	1498655258984
REQUEST	Ingesting XML file	230		LCM Ingest	1498655258985	1498655259108	OK	 
USER	Ingesting XML file	230	END	1498655258984	1498655259108
USER	Ingesting XML file	231	START	1498655259984	1498655259984
REQUEST	Ingesting XML file	231		LCM Ingest	1498655259984	1498655260111	OK	 
USER	Ingesting XML file	231	END	1498655259984	1498655260111
USER	Ingesting XML file	232	START	1498655260985	1498655260985
REQUEST	Ingesting XML file	232		LCM Ingest	1498655260985	1498655261106	OK	 
USER	Ingesting XML file	232	END	1498655260985	1498655261107
USER	Ingesting XML file	233	START	1498655261985	1498655261985
REQUEST	Ingesting XML file	233		LCM Ingest	1498655261985	1498655262115	OK	 
USER	Ingesting XML file	233	END	1498655261985	1498655262116
USER	Ingesting XML file	234	START	1498655262984	1498655262984
REQUEST	Ingesting XML file	234		LCM Ingest	1498655262984	1498655263110	OK	 
USER	Ingesting XML file	234	END	1498655262984	1498655263111
USER	Ingesting XML file	235	START	1498655263984	1498655263984
REQUEST	Ingesting XML file	235		LCM Ingest	1498655263984	1498655264107	OK	 
USER	Ingesting XML file	235	END	1498655263984	1498655264108
USER	Ingesting XML file	236	START	1498655264983	1498655264983
REQUEST	Ingesting XML file	236		LCM Ingest	1498655264983	1498655265106	OK	 
USER	Ingesting XML file	236	END	1498655264983	1498655265107
USER	Ingesting XML file	237	START	1498655265984	1498655265984
REQUEST	Ingesting XML file	237		LCM Ingest	1498655265984	1498655266110	OK	 
USER	Ingesting XML file	237	END	1498655265984	1498655266110
USER	Ingesting XML file	238	START	1498655266982	1498655266982
REQUEST	Ingesting XML file	238		LCM Ingest	1498655266983	1498655267107	OK	 
USER	Ingesting XML file	238	END	1498655266982	1498655267107
USER	Ingesting XML file	239	START	1498655267984	1498655267984
REQUEST	Ingesting XML file	239		LCM Ingest	1498655267984	1498655268106	OK	 
USER	Ingesting XML file	239	END	1498655267984	1498655268106
USER	Ingesting XML file	240	START	1498655268984	1498655268984
REQUEST	Ingesting XML file	240		LCM Ingest	1498655268985	1498655269107	OK	 
USER	Ingesting XML file	240	END	1498655268984	1498655269107
USER	Ingesting XML file	241	START	1498655269984	1498655269984
REQUEST	Ingesting XML file	241		LCM Ingest	1498655269984	1498655270111	OK	 
USER	Ingesting XML file	241	END	1498655269984	1498655270112
USER	Ingesting XML file	242	START	1498655270985	1498655270985
REQUEST	Ingesting XML file	242		LCM Ingest	1498655270985	1498655271109	OK	 
USER	Ingesting XML file	242	END	1498655270985	1498655271109
USER	Ingesting XML file	243	START	1498655271982	1498655271982
REQUEST	Ingesting XML file	243		LCM Ingest	1498655271982	1498655272119	OK	 
USER	Ingesting XML file	243	END	1498655271982	1498655272119
USER	Ingesting XML file	244	START	1498655272985	1498655272985
REQUEST	Ingesting XML file	244		LCM Ingest	1498655272985	1498655273107	OK	 
USER	Ingesting XML file	244	END	1498655272985	1498655273107
USER	Ingesting XML file	245	START	1498655273983	1498655273983
REQUEST	Ingesting XML file	245		LCM Ingest	1498655273984	1498655274110	OK	 
USER	Ingesting XML file	245	END	1498655273983	1498655274111
USER	Ingesting XML file	246	START	1498655274984	1498655274984
REQUEST	Ingesting XML file	246		LCM Ingest	1498655274984	1498655275107	OK	 
USER	Ingesting XML file	246	END	1498655274984	1498655275108
USER	Ingesting XML file	247	START	1498655275984	1498655275984
REQUEST	Ingesting XML file	247		LCM Ingest	1498655275985	1498655276113	OK	 
USER	Ingesting XML file	247	END	1498655275984	1498655276114
USER	Ingesting XML file	248	START	1498655276983	1498655276983
REQUEST	Ingesting XML file	248		LCM Ingest	1498655276984	1498655277108	OK	 
USER	Ingesting XML file	248	END	1498655276983	1498655277109
USER	Ingesting XML file	249	START	1498655277982	1498655277982
REQUEST	Ingesting XML file	249		LCM Ingest	1498655277983	1498655278131	OK	 
USER	Ingesting XML file	249	END	1498655277982	1498655278131
USER	Ingesting XML file	250	START	1498655278985	1498655278985
REQUEST	Ingesting XML file	250		LCM Ingest	1498655278985	1498655279110	OK	 
USER	Ingesting XML file	250	END	1498655278985	1498655279111
USER	Ingesting XML file	251	START	1498655279984	1498655279984
REQUEST	Ingesting XML file	251		LCM Ingest	1498655279984	1498655280106	OK	 
USER	Ingesting XML file	251	END	1498655279984	1498655280106
USER	Ingesting XML file	252	START	1498655280984	1498655280984
REQUEST	Ingesting XML file	252		LCM Ingest	1498655280984	1498655281132	OK	 
USER	Ingesting XML file	252	END	1498655280984	1498655281132
USER	Ingesting XML file	253	START	1498655281985	1498655281985
REQUEST	Ingesting XML file	253		LCM Ingest	1498655281985	1498655282112	OK	 
USER	Ingesting XML file	253	END	1498655281985	1498655282112
USER	Ingesting XML file	254	START	1498655282984	1498655282984
REQUEST	Ingesting XML file	254		LCM Ingest	1498655282985	1498655283111	OK	 
USER	Ingesting XML file	254	END	1498655282984	1498655283111
USER	Ingesting XML file	255	START	1498655283984	1498655283984
REQUEST	Ingesting XML file	255		LCM Ingest	1498655283984	1498655284109	OK	 
USER	Ingesting XML file	255	END	1498655283984	1498655284109
USER	Ingesting XML file	256	START	1498655284984	1498655284984
REQUEST	Ingesting XML file	256		LCM Ingest	1498655284984	1498655285109	OK	 
USER	Ingesting XML file	256	END	1498655284984	1498655285110
USER	Ingesting XML file	257	START	1498655285983	1498655285983
REQUEST	Ingesting XML file	257		LCM Ingest	1498655285983	1498655286108	OK	 
USER	Ingesting XML file	257	END	1498655285983	1498655286108
USER	Ingesting XML file	258	START	1498655286983	1498655286983
REQUEST	Ingesting XML file	258		LCM Ingest	1498655286983	1498655287107	OK	 
USER	Ingesting XML file	258	END	1498655286983	1498655287107
USER	Ingesting XML file	259	START	1498655287983	1498655287983
REQUEST	Ingesting XML file	259		LCM Ingest	1498655287984	1498655288116	OK	 
USER	Ingesting XML file	259	END	1498655287983	1498655288116
USER	Ingesting XML file	260	START	1498655288984	1498655288984
REQUEST	Ingesting XML file	260		LCM Ingest	1498655288984	1498655289106	OK	 
USER	Ingesting XML file	260	END	1498655288984	1498655289107
USER	Ingesting XML file	261	START	1498655289984	1498655289984
REQUEST	Ingesting XML file	261		LCM Ingest	1498655289985	1498655290113	OK	 
USER	Ingesting XML file	261	END	1498655289984	1498655290114
USER	Ingesting XML file	262	START	1498655290985	1498655290985
REQUEST	Ingesting XML file	262		LCM Ingest	1498655290985	1498655291125	OK	 
USER	Ingesting XML file	262	END	1498655290985	1498655291125
USER	Ingesting XML file	263	START	1498655291983	1498655291983
REQUEST	Ingesting XML file	263		LCM Ingest	1498655291983	1498655292104	OK	 
USER	Ingesting XML file	263	END	1498655291983	1498655292104
USER	Ingesting XML file	264	START	1498655292984	1498655292984
REQUEST	Ingesting XML file	264		LCM Ingest	1498655292984	1498655293110	OK	 
USER	Ingesting XML file	264	END	1498655292984	1498655293111
USER	Ingesting XML file	265	START	1498655293984	1498655293984
REQUEST	Ingesting XML file	265		LCM Ingest	1498655293985	1498655294107	OK	 
USER	Ingesting XML file	265	END	1498655293984	1498655294107
USER	Ingesting XML file	266	START	1498655294984	1498655294984
REQUEST	Ingesting XML file	266		LCM Ingest	1498655294984	1498655295109	OK	 
USER	Ingesting XML file	266	END	1498655294984	1498655295109
USER	Ingesting XML file	267	START	1498655295984	1498655295984
REQUEST	Ingesting XML file	267		LCM Ingest	1498655295985	1498655296109	OK	 
USER	Ingesting XML file	267	END	1498655295984	1498655296110
USER	Ingesting XML file	268	START	1498655296984	1498655296984
REQUEST	Ingesting XML file	268		LCM Ingest	1498655296985	1498655297111	OK	 
USER	Ingesting XML file	268	END	1498655296984	1498655297111
USER	Ingesting XML file	269	START	1498655297983	1498655297983
REQUEST	Ingesting XML file	269		LCM Ingest	1498655297984	1498655298110	OK	 
USER	Ingesting XML file	269	END	1498655297983	1498655298111
USER	Ingesting XML file	270	START	1498655298984	1498655298984
REQUEST	Ingesting XML file	270		LCM Ingest	1498655298985	1498655299109	OK	 
USER	Ingesting XML file	270	END	1498655298984	1498655299109
USER	Ingesting XML file	271	START	1498655299982	1498655299982
REQUEST	Ingesting XML file	271		LCM Ingest	1498655299982	1498655300105	OK	 
USER	Ingesting XML file	271	END	1498655299982	1498655300105
USER	Ingesting XML file	272	START	1498655300984	1498655300984
REQUEST	Ingesting XML file	272		LCM Ingest	1498655300984	1498655301106	OK	 
USER	Ingesting XML file	272	END	1498655300984	1498655301107
USER	Ingesting XML file	273	START	1498655301985	1498655301985
REQUEST	Ingesting XML file	273		LCM Ingest	1498655301985	1498655302113	OK	 
USER	Ingesting XML file	273	END	1498655301985	1498655302113
USER	Ingesting XML file	274	START	1498655302984	1498655302984
REQUEST	Ingesting XML file	274		LCM Ingest	1498655302984	1498655303105	OK	 
USER	Ingesting XML file	274	END	1498655302984	1498655303106
USER	Ingesting XML file	275	START	1498655303985	1498655303985
REQUEST	Ingesting XML file	275		LCM Ingest	1498655303985	1498655304111	OK	 
USER	Ingesting XML file	275	END	1498655303985	1498655304111
USER	Ingesting XML file	276	START	1498655304984	1498655304984
REQUEST	Ingesting XML file	276		LCM Ingest	1498655304984	1498655305111	OK	 
USER	Ingesting XML file	276	END	1498655304984	1498655305111
USER	Ingesting XML file	277	START	1498655305985	1498655305985
REQUEST	Ingesting XML file	277		LCM Ingest	1498655305985	1498655306110	OK	 
USER	Ingesting XML file	277	END	1498655305985	1498655306110
USER	Ingesting XML file	278	START	1498655306982	1498655306982
REQUEST	Ingesting XML file	278		LCM Ingest	1498655306983	1498655307114	OK	 
USER	Ingesting XML file	278	END	1498655306982	1498655307115
USER	Ingesting XML file	279	START	1498655307983	1498655307983
REQUEST	Ingesting XML file	279		LCM Ingest	1498655307983	1498655308110	OK	 
USER	Ingesting XML file	279	END	1498655307983	1498655308110
USER	Ingesting XML file	280	START	1498655308983	1498655308983
REQUEST	Ingesting XML file	280		LCM Ingest	1498655308983	1498655309107	OK	 
USER	Ingesting XML file	280	END	1498655308983	1498655309107
USER	Ingesting XML file	281	START	1498655309985	1498655309985
REQUEST	Ingesting XML file	281		LCM Ingest	1498655309985	1498655310108	OK	 
USER	Ingesting XML file	281	END	1498655309985	1498655310108
USER	Ingesting XML file	282	START	1498655310983	1498655310983
REQUEST	Ingesting XML file	282		LCM Ingest	1498655310983	1498655311106	OK	 
USER	Ingesting XML file	282	END	1498655310983	1498655311106
USER	Ingesting XML file	283	START	1498655311983	1498655311983
REQUEST	Ingesting XML file	283		LCM Ingest	1498655311983	1498655312107	OK	 
USER	Ingesting XML file	283	END	1498655311983	1498655312107
USER	Ingesting XML file	284	START	1498655312985	1498655312985
REQUEST	Ingesting XML file	284		LCM Ingest	1498655312985	1498655313109	OK	 
USER	Ingesting XML file	284	END	1498655312985	1498655313109
USER	Ingesting XML file	285	START	1498655313982	1498655313982
REQUEST	Ingesting XML file	285		LCM Ingest	1498655313983	1498655314104	OK	 
USER	Ingesting XML file	285	END	1498655313982	1498655314104
USER	Ingesting XML file	286	START	1498655314982	1498655314982
REQUEST	Ingesting XML file	286		LCM Ingest	1498655314982	1498655315109	OK	 
USER	Ingesting XML file	286	END	1498655314982	1498655315110
USER	Ingesting XML file	287	START	1498655315984	1498655315984
REQUEST	Ingesting XML file	287		LCM Ingest	1498655315985	1498655316120	OK	 
USER	Ingesting XML file	287	END	1498655315984	1498655316121
USER	Ingesting XML file	288	START	1498655316985	1498655316985
REQUEST	Ingesting XML file	288		LCM Ingest	1498655316985	1498655317112	OK	 
USER	Ingesting XML file	288	END	1498655316985	1498655317112
USER	Ingesting XML file	289	START	1498655317982	1498655317982
REQUEST	Ingesting XML file	289		LCM Ingest	1498655317982	1498655318113	OK	 
USER	Ingesting XML file	289	END	1498655317982	1498655318113
USER	Ingesting XML file	290	START	1498655318984	1498655318984
REQUEST	Ingesting XML file	290		LCM Ingest	1498655318985	1498655319112	OK	 
USER	Ingesting XML file	290	END	1498655318984	1498655319112
USER	Ingesting XML file	291	START	1498655319984	1498655319984
REQUEST	Ingesting XML file	291		LCM Ingest	1498655319985	1498655320112	OK	 
USER	Ingesting XML file	291	END	1498655319984	1498655320113
USER	Ingesting XML file	292	START	1498655320985	1498655320985
REQUEST	Ingesting XML file	292		LCM Ingest	1498655320985	1498655321119	OK	 
USER	Ingesting XML file	292	END	1498655320985	1498655321119
USER	Ingesting XML file	293	START	1498655321985	1498655321985
REQUEST	Ingesting XML file	293		LCM Ingest	1498655321985	1498655322113	OK	 
USER	Ingesting XML file	293	END	1498655321985	1498655322113
USER	Ingesting XML file	294	START	1498655322985	1498655322985
REQUEST	Ingesting XML file	294		LCM Ingest	1498655322985	1498655323108	OK	 
USER	Ingesting XML file	294	END	1498655322985	1498655323108
USER	Ingesting XML file	295	START	1498655323984	1498655323984
REQUEST	Ingesting XML file	295		LCM Ingest	1498655323984	1498655324110	OK	 
USER	Ingesting XML file	295	END	1498655323984	1498655324110
USER	Ingesting XML file	296	START	1498655324984	1498655324984
REQUEST	Ingesting XML file	296		LCM Ingest	1498655324984	1498655325105	OK	 
USER	Ingesting XML file	296	END	1498655324984	1498655325105
USER	Ingesting XML file	297	START	1498655325985	1498655325985
REQUEST	Ingesting XML file	297		LCM Ingest	1498655325985	1498655326113	OK	 
USER	Ingesting XML file	297	END	1498655325985	1498655326113
USER	Ingesting XML file	298	START	1498655326982	1498655326982
REQUEST	Ingesting XML file	298		LCM Ingest	1498655326983	1498655327109	OK	 
USER	Ingesting XML file	298	END	1498655326982	1498655327110
USER	Ingesting XML file	299	START	1498655327984	1498655327984
REQUEST	Ingesting XML file	299		LCM Ingest	1498655327984	1498655328112	OK	 
USER	Ingesting XML file	299	END	1498655327984	1498655328113
USER	Ingesting XML file	300	START	1498655328983	1498655328983
REQUEST	Ingesting XML file	300		LCM Ingest	1498655328984	1498655329107	OK	 
USER	Ingesting XML file	300	END	1498655328983	1498655329107
USER	Ingesting XML file	301	START	1498655329984	1498655329984
REQUEST	Ingesting XML file	301		LCM Ingest	1498655329985	1498655330111	OK	 
USER	Ingesting XML file	301	END	1498655329984	1498655330112
